TN:
SF:/home/milica/Documents/master/vs/projekatVS/2023_Analysis_Podmornice/PodmorniceGUI_test/TestPodmornica/moc_podmornicegui.cpp
FN:65,_ZN13PodmorniceGUI18qt_static_metacallEP7QObjectN11QMetaObject4CallEiPPv
FNDA:0,_ZN13PodmorniceGUI18qt_static_metacallEP7QObjectN11QMetaObject4CallEiPPv
FN:88,_ZNK13PodmorniceGUI10metaObjectEv
FNDA:0,_ZNK13PodmorniceGUI10metaObjectEv
FN:93,_ZN13PodmorniceGUI11qt_metacastEPKc
FNDA:0,_ZN13PodmorniceGUI11qt_metacastEPKc
FN:101,_ZN13PodmorniceGUI11qt_metacallEN11QMetaObject4CallEiPPv
FNDA:0,_ZN13PodmorniceGUI11qt_metacallEN11QMetaObject4CallEiPPv
DA:65,0
DA:67,0
BRDA:67,0,0,-
BRDA:67,0,1,-
DA:68,0
DA:69,0
DA:70,0
BRDA:70,0,0,-
BRDA:70,0,1,-
DA:71,0
DA:75,0
DA:76,0
DA:88,0
DA:90,0
BRDA:90,0,0,-
BRDA:90,0,1,-
DA:93,0
DA:95,0
BRDA:95,0,0,-
BRDA:95,0,1,-
DA:96,0
BRDA:96,0,0,-
BRDA:96,0,1,-
DA:98,0
DA:101,0
DA:103,0
DA:104,0
BRDA:104,0,0,-
BRDA:104,0,1,-
DA:106,0
BRDA:106,0,0,-
BRDA:106,0,1,-
DA:107,0
BRDA:107,0,0,-
BRDA:107,0,1,-
DA:108,0
DA:109,0
DA:110,0
BRDA:110,0,0,-
BRDA:110,0,1,-
DA:111,0
BRDA:111,0,0,-
BRDA:111,0,1,-
DA:112,0
DA:113,0
end_of_record
SF:/usr/include/x86_64-linux-gnu/qt5/QtCore/qscopedpointer.h
DA:116,0
BRDA:116,0,0,-
BRDA:116,0,1,-
end_of_record
TN:
SF:/usr/include/x86_64-linux-gnu/qt5/QtCore/qscopedpointer.h
DA:116,15
BRDA:116,0,0,0
BRDA:116,0,1,15
end_of_record
SF:/home/milica/Documents/master/vs/projekatVS/2023_Analysis_Podmornice/PodmorniceGUI_test/TestPodmornica/moc_tst_testpodmornica.cpp
FN:93,_ZN14TestPodmornica18qt_static_metacallEP7QObjectN11QMetaObject4CallEiPPv
FNDA:21,_ZN14TestPodmornica18qt_static_metacallEP7QObjectN11QMetaObject4CallEiPPv
FN:124,_ZNK14TestPodmornica10metaObjectEv
FNDA:15,_ZNK14TestPodmornica10metaObjectEv
FN:129,_ZN14TestPodmornica11qt_metacastEPKc
FNDA:0,_ZN14TestPodmornica11qt_metacastEPKc
FN:137,_ZN14TestPodmornica11qt_metacallEN11QMetaObject4CallEiPPv
FNDA:0,_ZN14TestPodmornica11qt_metacallEN11QMetaObject4CallEiPPv
DA:93,21
DA:95,21
BRDA:95,0,0,21
BRDA:95,0,1,0
DA:96,21
DA:97,21
DA:98,21
BRDA:98,0,0,7
BRDA:98,0,1,7
BRDA:98,0,2,1
BRDA:98,0,3,1
BRDA:98,0,4,1
BRDA:98,0,5,1
BRDA:98,0,6,1
BRDA:98,0,7,1
BRDA:98,0,8,1
BRDA:98,0,9,0
DA:99,7
DA:100,7
DA:101,1
DA:102,1
DA:103,1
DA:104,1
DA:105,1
DA:106,1
DA:107,1
DA:111,21
DA:112,21
DA:124,15
DA:126,15
BRDA:126,0,0,0
BRDA:126,0,1,15
DA:129,0
DA:131,0
BRDA:131,0,0,-
BRDA:131,0,1,-
DA:132,0
BRDA:132,0,0,-
BRDA:132,0,1,-
DA:134,0
DA:137,0
DA:139,0
DA:140,0
BRDA:140,0,0,-
BRDA:140,0,1,-
DA:142,0
BRDA:142,0,0,-
BRDA:142,0,1,-
DA:143,0
BRDA:143,0,0,-
BRDA:143,0,1,-
DA:144,0
DA:145,0
DA:146,0
BRDA:146,0,0,-
BRDA:146,0,1,-
DA:147,0
BRDA:147,0,0,-
BRDA:147,0,1,-
DA:148,0
DA:149,0
end_of_record
TN:
SF:/usr/include/x86_64-linux-gnu/qt5/QtCore/qrect.h
DA:184,0
DA:185,0
end_of_record
SF:/usr/include/x86_64-linux-gnu/qt5/QtCore/qbasicatomic.h
DA:103,0
BRDA:103,0,0,-
BRDA:103,0,1,-
DA:115,0
end_of_record
SF:/home/milica/Documents/master/vs/projekatVS/2023_Analysis_Podmornice/2021_Podmornice/podmorniceGUI_Novo/PodmorniceGUI/gubitak.cpp
FN:4,_ZN7GubitakC2EP7QWidget
FNDA:0,_ZN7GubitakC2EP7QWidget
FN:11,_ZN7GubitakD0Ev
FNDA:0,_ZN7GubitakD0Ev
FN:11,_ZN7GubitakD2Ev
FNDA:0,_ZN7GubitakD2Ev
DA:4,0
DA:6,0
BRDA:6,0,0,-
BRDA:6,0,1,-
DA:8,0
BRDA:8,0,0,-
BRDA:8,0,1,-
DA:9,0
DA:11,0
DA:14,0
DA:11,0
DA:13,0
BRDA:13,0,0,-
BRDA:13,0,1,-
DA:14,0
end_of_record
SF:/usr/include/x86_64-linux-gnu/qt5/QtCore/qflags.h
DA:121,0
end_of_record
SF:/usr/include/c++/9/bits/atomic_base.h
DA:326,0
DA:327,0
DA:413,0
DA:415,0
DA:419,0
BRDA:419,0,0,-
BRDA:419,0,1,-
end_of_record
SF:/usr/include/x86_64-linux-gnu/qt5/QtCore/qstring.h
FN:1135,_ZN7QStringD2Ev
FNDA:0,_ZN7QStringD2Ev
DA:570,0
DA:572,0
BRDA:572,0,0,-
BRDA:572,0,1,-
BRDA:572,0,2,-
BRDA:572,0,3,-
DA:941,0
DA:942,0
DA:1135,0
BRDA:1135,0,0,-
BRDA:1135,0,1,-
end_of_record
SF:/home/milica/Documents/master/vs/projekatVS/2023_Analysis_Podmornice/2021_Podmornice/podmorniceGUI_Novo/PodmorniceGUI/ui_gubitak.h
FN:24,_ZN10Ui_Gubitak7setupUiEP7QDialog
FNDA:0,_ZN10Ui_Gubitak7setupUiEP7QDialog
DA:24,0
DA:26,0
BRDA:26,0,0,-
BRDA:26,0,1,-
DA:27,0
BRDA:27,0,0,-
BRDA:27,0,1,-
DA:28,0
DA:29,0
BRDA:29,0,0,-
BRDA:29,0,1,-
DA:30,0
BRDA:30,0,0,-
BRDA:30,0,1,-
DA:31,0
BRDA:31,0,0,-
BRDA:31,0,1,-
DA:32,0
DA:33,0
DA:34,0
BRDA:34,0,0,-
BRDA:34,0,1,-
BRDA:34,0,2,-
BRDA:34,0,3,-
DA:35,0
BRDA:35,0,0,-
BRDA:35,0,1,-
DA:36,0
BRDA:36,0,0,-
BRDA:36,0,1,-
DA:37,0
BRDA:37,0,0,-
BRDA:37,0,1,-
BRDA:37,0,2,-
BRDA:37,0,3,-
DA:39,0
BRDA:39,0,0,-
BRDA:39,0,1,-
DA:41,0
BRDA:41,0,0,-
BRDA:41,0,1,-
DA:42,0
end_of_record
SF:/usr/include/x86_64-linux-gnu/qt5/QtCore/qarraydata.h
DA:236,0
DA:239,0
DA:240,0
end_of_record
SF:/usr/include/x86_64-linux-gnu/qt5/QtWidgets/qwidget.h
DA:838,0
DA:839,0
end_of_record
SF:/usr/include/x86_64-linux-gnu/qt5/QtCore/qsize.h
DA:119,0
end_of_record
SF:/home/milica/Documents/master/vs/projekatVS/2023_Analysis_Podmornice/2021_Podmornice/podmorniceGUI_Novo/PodmorniceGUI/gubitak.h
end_of_record
SF:/usr/include/x86_64-linux-gnu/qt5/QtCore/qatomic_cxx11.h
DA:225,0
DA:227,0
BRDA:227,0,0,-
BRDA:227,0,1,-
DA:269,0
DA:271,0
end_of_record
SF:/usr/include/x86_64-linux-gnu/qt5/QtCore/qrefcount.h
FN:65,_ZN9QtPrivate8RefCount5derefEv
FNDA:0,_ZN9QtPrivate8RefCount5derefEv
DA:65,0
DA:66,0
BRDA:66,0,0,-
BRDA:66,0,1,-
DA:68,0
BRDA:68,0,0,-
BRDA:68,0,1,-
DA:71,0
BRDA:71,0,0,-
BRDA:71,0,1,-
DA:73,0
end_of_record
TN:
SF:/usr/include/x86_64-linux-gnu/qt5/QtCore/qstring.h
FN:1135,_ZN7QStringD2Ev
FNDA:0,_ZN7QStringD2Ev
DA:234,0
DA:570,0
DA:572,0
BRDA:572,0,0,-
BRDA:572,0,1,-
BRDA:572,0,2,-
BRDA:572,0,3,-
BRDA:572,0,4,-
BRDA:572,0,5,-
BRDA:572,0,6,-
BRDA:572,0,7,-
BRDA:572,0,8,-
BRDA:572,0,9,-
BRDA:572,0,10,-
BRDA:572,0,11,-
BRDA:572,0,12,-
BRDA:572,0,13,-
BRDA:572,0,14,-
BRDA:572,0,15,-
BRDA:572,0,16,-
BRDA:572,0,17,-
DA:941,0
DA:942,0
DA:1134,0
BRDA:1134,0,0,-
BRDA:1134,0,1,-
DA:1135,0
BRDA:1135,0,0,-
BRDA:1135,0,1,-
end_of_record
SF:/home/milica/Documents/master/vs/projekatVS/2023_Analysis_Podmornice/2021_Podmornice/podmorniceGUI_Novo/PodmorniceGUI/ui_podmornicegui.h
FN:31,_ZN16Ui_PodmorniceGUI7setupUiEP11QMainWindow
FNDA:0,_ZN16Ui_PodmorniceGUI7setupUiEP11QMainWindow
FN:140,_ZN16Ui_PodmorniceGUI13retranslateUiEP11QMainWindow
FNDA:0,_ZN16Ui_PodmorniceGUI13retranslateUiEP11QMainWindow
DA:31,0
DA:33,0
BRDA:33,0,0,-
BRDA:33,0,1,-
DA:34,0
BRDA:34,0,0,-
BRDA:34,0,1,-
DA:35,0
DA:36,0
BRDA:36,0,0,-
BRDA:36,0,1,-
DA:37,0
BRDA:37,0,0,-
BRDA:37,0,1,-
DA:38,0
BRDA:38,0,0,-
BRDA:38,0,1,-
DA:39,0
BRDA:39,0,0,-
BRDA:39,0,1,-
DA:40,0
BRDA:40,0,0,-
BRDA:40,0,1,-
DA:41,0
DA:42,0
DA:43,0
BRDA:43,0,0,-
BRDA:43,0,1,-
BRDA:43,0,2,-
BRDA:43,0,3,-
DA:44,0
BRDA:44,0,0,-
BRDA:44,0,1,-
DA:45,0
BRDA:45,0,0,-
BRDA:45,0,1,-
BRDA:45,0,2,-
BRDA:45,0,3,-
DA:46,0
BRDA:46,0,0,-
BRDA:46,0,1,-
BRDA:46,0,2,-
BRDA:46,0,3,-
DA:47,0
BRDA:47,0,0,-
BRDA:47,0,1,-
BRDA:47,0,2,-
BRDA:47,0,3,-
DA:48,0
BRDA:48,0,0,-
BRDA:48,0,1,-
DA:49,0
BRDA:49,0,0,-
BRDA:49,0,1,-
DA:50,0
BRDA:50,0,0,-
BRDA:50,0,1,-
BRDA:50,0,2,-
BRDA:50,0,3,-
DA:51,0
BRDA:51,0,0,-
BRDA:51,0,1,-
DA:52,0
BRDA:52,0,0,-
BRDA:52,0,1,-
DA:53,0
BRDA:53,0,0,-
BRDA:53,0,1,-
BRDA:53,0,2,-
BRDA:53,0,3,-
DA:54,0
BRDA:54,0,0,-
BRDA:54,0,1,-
DA:55,0
BRDA:55,0,0,-
BRDA:55,0,1,-
DA:56,0
BRDA:56,0,0,-
BRDA:56,0,1,-
BRDA:56,0,2,-
BRDA:56,0,3,-
DA:57,0
BRDA:57,0,0,-
BRDA:57,0,1,-
DA:58,0
BRDA:58,0,0,-
BRDA:58,0,1,-
DA:59,0
BRDA:59,0,0,-
BRDA:59,0,1,-
BRDA:59,0,2,-
BRDA:59,0,3,-
DA:60,0
BRDA:60,0,0,-
BRDA:60,0,1,-
DA:61,0
BRDA:61,0,0,-
BRDA:61,0,1,-
DA:62,0
BRDA:62,0,0,-
BRDA:62,0,1,-
BRDA:62,0,2,-
BRDA:62,0,3,-
DA:63,0
BRDA:63,0,0,-
BRDA:63,0,1,-
DA:64,0
BRDA:64,0,0,-
BRDA:64,0,1,-
DA:65,0
BRDA:65,0,0,-
BRDA:65,0,1,-
BRDA:65,0,2,-
BRDA:65,0,3,-
DA:66,0
BRDA:66,0,0,-
BRDA:66,0,1,-
DA:67,0
BRDA:67,0,0,-
BRDA:67,0,1,-
DA:68,0
BRDA:68,0,0,-
BRDA:68,0,1,-
DA:69,0
BRDA:69,0,0,-
BRDA:69,0,1,-
DA:70,0
BRDA:70,0,0,-
BRDA:70,0,1,-
DA:71,0
BRDA:71,0,0,-
BRDA:71,0,1,-
DA:72,0
BRDA:72,0,0,-
BRDA:72,0,1,-
DA:73,0
BRDA:73,0,0,-
BRDA:73,0,1,-
DA:74,0
BRDA:74,0,0,-
BRDA:74,0,1,-
DA:75,0
BRDA:75,0,0,-
BRDA:75,0,1,-
BRDA:75,0,2,-
BRDA:75,0,3,-
DA:76,0
BRDA:76,0,0,-
BRDA:76,0,1,-
DA:77,0
BRDA:77,0,0,-
BRDA:77,0,1,-
DA:78,0
BRDA:78,0,0,-
BRDA:78,0,1,-
DA:79,0
BRDA:79,0,0,-
BRDA:79,0,1,-
DA:80,0
BRDA:80,0,0,-
BRDA:80,0,1,-
DA:81,0
BRDA:81,0,0,-
BRDA:81,0,1,-
DA:82,0
BRDA:82,0,0,-
BRDA:82,0,1,-
DA:83,0
BRDA:83,0,0,-
BRDA:83,0,1,-
DA:84,0
BRDA:84,0,0,-
BRDA:84,0,1,-
DA:85,0
BRDA:85,0,0,-
BRDA:85,0,1,-
DA:86,0
BRDA:86,0,0,-
BRDA:86,0,1,-
DA:87,0
BRDA:87,0,0,-
BRDA:87,0,1,-
DA:88,0
BRDA:88,0,0,-
BRDA:88,0,1,-
DA:89,0
BRDA:89,0,0,-
BRDA:89,0,1,-
DA:90,0
BRDA:90,0,0,-
BRDA:90,0,1,-
DA:91,0
BRDA:91,0,0,-
BRDA:91,0,1,-
DA:92,0
BRDA:92,0,0,-
BRDA:92,0,1,-
DA:93,0
BRDA:93,0,0,-
BRDA:93,0,1,-
DA:94,0
BRDA:94,0,0,-
BRDA:94,0,1,-
DA:95,0
BRDA:95,0,0,-
BRDA:95,0,1,-
DA:96,0
BRDA:96,0,0,-
BRDA:96,0,1,-
DA:97,0
BRDA:97,0,0,-
BRDA:97,0,1,-
DA:98,0
BRDA:98,0,0,-
BRDA:98,0,1,-
DA:99,0
BRDA:99,0,0,-
BRDA:99,0,1,-
DA:100,0
BRDA:100,0,0,-
BRDA:100,0,1,-
DA:101,0
BRDA:101,0,0,-
BRDA:101,0,1,-
DA:102,0
BRDA:102,0,0,-
BRDA:102,0,1,-
DA:103,0
BRDA:103,0,0,-
BRDA:103,0,1,-
DA:104,0
BRDA:104,0,0,-
BRDA:104,0,1,-
DA:105,0
BRDA:105,0,0,-
BRDA:105,0,1,-
DA:106,0
BRDA:106,0,0,-
BRDA:106,0,1,-
BRDA:106,0,2,-
BRDA:106,0,3,-
DA:107,0
BRDA:107,0,0,-
BRDA:107,0,1,-
DA:108,0
BRDA:108,0,0,-
BRDA:108,0,1,-
DA:109,0
BRDA:109,0,0,-
BRDA:109,0,1,-
DA:110,0
BRDA:110,0,0,-
BRDA:110,0,1,-
DA:111,0
BRDA:111,0,0,-
BRDA:111,0,1,-
DA:112,0
BRDA:112,0,0,-
BRDA:112,0,1,-
DA:113,0
BRDA:113,0,0,-
BRDA:113,0,1,-
BRDA:113,0,2,-
BRDA:113,0,3,-
DA:114,0
BRDA:114,0,0,-
BRDA:114,0,1,-
DA:115,0
BRDA:115,0,0,-
BRDA:115,0,1,-
DA:116,0
BRDA:116,0,0,-
BRDA:116,0,1,-
DA:117,0
BRDA:117,0,0,-
BRDA:117,0,1,-
DA:118,0
BRDA:118,0,0,-
BRDA:118,0,1,-
DA:119,0
BRDA:119,0,0,-
BRDA:119,0,1,-
BRDA:119,0,2,-
BRDA:119,0,3,-
DA:122,0
BRDA:122,0,0,-
BRDA:122,0,1,-
BRDA:122,0,2,-
BRDA:122,0,3,-
DA:123,0
BRDA:123,0,0,-
BRDA:123,0,1,-
BRDA:123,0,2,-
BRDA:123,0,3,-
DA:124,0
BRDA:124,0,0,-
BRDA:124,0,1,-
DA:125,0
BRDA:125,0,0,-
BRDA:125,0,1,-
DA:126,0
BRDA:126,0,0,-
BRDA:126,0,1,-
BRDA:126,0,2,-
BRDA:126,0,3,-
DA:127,0
BRDA:127,0,0,-
BRDA:127,0,1,-
DA:128,0
BRDA:128,0,0,-
BRDA:128,0,1,-
DA:129,0
BRDA:129,0,0,-
BRDA:129,0,1,-
BRDA:129,0,2,-
BRDA:129,0,3,-
DA:130,0
BRDA:130,0,0,-
BRDA:130,0,1,-
DA:131,0
BRDA:131,0,0,-
BRDA:131,0,1,-
BRDA:131,0,2,-
BRDA:131,0,3,-
DA:132,0
BRDA:132,0,0,-
BRDA:132,0,1,-
BRDA:132,0,2,-
BRDA:132,0,3,-
DA:133,0
BRDA:133,0,0,-
BRDA:133,0,1,-
DA:135,0
BRDA:135,0,0,-
BRDA:135,0,1,-
DA:137,0
BRDA:137,0,0,-
BRDA:137,0,1,-
DA:138,0
DA:140,0
DA:142,0
BRDA:142,0,0,-
BRDA:142,0,1,-
DA:143,0
BRDA:143,0,0,-
BRDA:143,0,1,-
DA:144,0
BRDA:144,0,0,-
BRDA:144,0,1,-
DA:145,0
BRDA:145,0,0,-
BRDA:145,0,1,-
DA:146,0
end_of_record
SF:/usr/include/c++/9/new
DA:173,0
DA:174,0
BRDA:174,0,0,-
BRDA:174,0,1,-
BRDA:174,0,2,-
BRDA:174,0,3,-
DA:179,0
end_of_record
SF:/usr/include/c++/9/bits/atomic_base.h
DA:318,0
DA:319,0
DA:326,0
DA:327,0
DA:413,0
DA:415,0
DA:419,0
BRDA:419,0,0,-
BRDA:419,0,1,-
BRDA:419,0,2,-
BRDA:419,0,3,-
BRDA:419,0,4,-
BRDA:419,0,5,-
end_of_record
SF:/usr/include/x86_64-linux-gnu/qt5/QtCore/qflags.h
DA:120,0
DA:121,0
BRDA:121,0,0,-
BRDA:121,0,1,-
BRDA:121,0,2,-
BRDA:121,0,3,-
end_of_record
SF:/usr/include/x86_64-linux-gnu/qt5/QtGui/qfont.h
DA:341,0
DA:342,0
BRDA:342,0,0,-
BRDA:342,0,1,-
DA:349,0
DA:350,0
BRDA:350,0,0,-
BRDA:350,0,1,-
DA:351,0
end_of_record
SF:/usr/include/x86_64-linux-gnu/qt5/QtCore/qbasicatomic.h
DA:103,0
BRDA:103,0,0,-
BRDA:103,0,1,-
BRDA:103,0,2,-
BRDA:103,0,3,-
BRDA:103,0,4,-
BRDA:103,0,5,-
DA:114,0
DA:115,0
end_of_record
SF:/usr/include/x86_64-linux-gnu/qt5/QtCore/qrect.h
DA:184,0
DA:185,0
BRDA:185,0,0,-
BRDA:185,0,1,-
BRDA:185,0,2,-
BRDA:185,0,3,-
end_of_record
SF:/usr/include/c++/9/bits/move.h
DA:99,0
end_of_record
SF:/home/milica/Documents/master/vs/projekatVS/2023_Analysis_Podmornice/2021_Podmornice/podmorniceGUI_Novo/PodmorniceGUI/podmornicegui.cpp
FN:10,_ZN13PodmorniceGUIC2EP7QWidget
FNDA:0,_ZN13PodmorniceGUIC2EP7QWidget
FN:19,_ZN13PodmorniceGUID0Ev
FNDA:0,_ZN13PodmorniceGUID0Ev
FN:19,_ZN13PodmorniceGUID2Ev
FNDA:0,_ZN13PodmorniceGUID2Ev
FN:25,_Z12postaviTabluPA10_i
FNDA:0,_Z12postaviTabluPA10_i
FN:33,_ZN13PodmorniceGUI18on_postavi_clickedEv
FNDA:0,_ZN13PodmorniceGUI18on_postavi_clickedEv
DA:10,0
DA:12,0
BRDA:12,0,0,-
BRDA:12,0,1,-
DA:14,0
BRDA:14,0,0,-
BRDA:14,0,1,-
DA:17,0
DA:19,0
DA:22,0
DA:19,0
DA:21,0
BRDA:21,0,0,-
BRDA:21,0,1,-
DA:22,0
DA:25,0
DA:26,0
BRDA:26,0,0,-
BRDA:26,0,1,-
DA:27,0
BRDA:27,0,0,-
BRDA:27,0,1,-
DA:28,0
DA:30,0
DA:33,0
DA:35,0
DA:36,0
DA:37,0
DA:38,0
DA:39,0
DA:40,0
DA:41,0
DA:42,0
DA:43,0
DA:45,0
DA:46,0
BRDA:46,0,0,-
BRDA:46,0,1,-
DA:47,0
BRDA:47,0,0,-
BRDA:47,0,1,-
DA:50,0
end_of_record
SF:/usr/include/x86_64-linux-gnu/qt5/QtCore/qvector.h
FN:73,_ZN7QVectorI10PodmornicaED2Ev
FNDA:0,_ZN7QVectorI10PodmornicaED2Ev
FN:73,_ZN7QVectorIiED2Ev
FNDA:0,_ZN7QVectorIiED2Ev
FN:357,_ZN7QVectorIiEC2ERKS0_
FNDA:0,_ZN7QVectorIiEC2ERKS0_
FN:410,_ZN7QVectorI10PodmornicaE6resizeEi
FNDA:0,_ZN7QVectorI10PodmornicaE6resizeEi
FN:552,_ZN7QVectorI10PodmornicaE11reallocDataEii6QFlagsIN10QArrayData16AllocationOptionEE
FNDA:0,_ZN7QVectorI10PodmornicaE11reallocDataEii6QFlagsIN10QArrayData16AllocationOptionEE
DA:73,0
BRDA:73,0,0,-
BRDA:73,0,1,-
DA:73,0
BRDA:73,0,0,-
BRDA:73,0,1,-
DA:76,0
DA:324,0
DA:327,0
BRDA:327,0,0,-
BRDA:327,0,1,-
DA:328,0
DA:336,0
DA:342,0
DA:347,0
DA:350,0
BRDA:350,0,0,-
BRDA:350,0,1,-
BRDA:350,0,2,-
BRDA:350,0,3,-
BRDA:350,0,4,-
BRDA:350,0,5,-
DA:351,0
DA:357,0
DA:359,0
BRDA:359,0,0,-
BRDA:359,0,1,-
DA:360,0
DA:362,0
BRDA:362,0,0,-
BRDA:362,0,1,-
DA:363,0
DA:364,0
BRDA:364,0,0,-
BRDA:364,0,1,-
DA:365,0
DA:367,0
DA:368,0
BRDA:368,0,0,-
BRDA:368,0,1,-
DA:370,0
BRDA:370,0,0,-
BRDA:370,0,1,-
DA:371,0
DA:372,0
DA:375,0
DA:410,0
DA:413,0
DA:414,0
DA:416,0
BRDA:416,0,0,-
BRDA:416,0,1,-
DA:417,0
DA:418,0
DA:422,0
DA:423,0
DA:425,0
DA:426,0
DA:540,0
DA:542,0
DA:543,0
DA:544,0
DA:552,0
DA:555,0
DA:557,0
BRDA:557,0,0,-
BRDA:557,0,1,-
DA:559,0
BRDA:559,0,0,-
BRDA:559,0,1,-
DA:560,0
BRDA:560,0,0,-
BRDA:560,0,1,-
BRDA:560,0,2,-
BRDA:560,0,3,-
DA:563,0
DA:564,0
BRDA:564,0,0,-
BRDA:564,0,1,-
BRDA:564,0,2,-
BRDA:564,0,3,-
DA:570,0
DA:572,0
BRDA:572,0,0,-
BRDA:572,0,1,-
DA:573,0
BRDA:573,0,0,-
BRDA:573,0,1,-
DA:574,0
BRDA:574,0,0,-
BRDA:574,0,1,-
DA:578,0
BRDA:578,0,0,-
BRDA:578,0,1,-
DA:580,0
BRDA:580,0,0,-
BRDA:580,0,1,-
DA:581,0
BRDA:581,0,0,-
BRDA:581,0,1,-
DA:583,0
DA:584,0
BRDA:584,0,0,-
BRDA:584,0,1,-
DA:586,0
DA:588,0
DA:589,0
DA:600,0
BRDA:600,0,0,-
BRDA:600,0,1,-
DA:606,0
BRDA:606,0,0,-
BRDA:606,0,1,-
DA:607,0
BRDA:607,0,0,-
BRDA:607,0,1,-
DA:608,0
DA:610,0
DA:611,0
DA:615,0
DA:616,0
DA:617,0
DA:619,0
DA:624,0
BRDA:624,0,0,-
BRDA:624,0,1,-
DA:625,0
DA:627,0
DA:629,0
DA:634,0
BRDA:634,0,0,-
BRDA:634,0,1,-
DA:635,0
BRDA:635,0,0,-
BRDA:635,0,1,-
DA:639,0
DA:644,0
DA:655,0
end_of_record
SF:/usr/include/x86_64-linux-gnu/qt5/QtCore/qatomic_cxx11.h
DA:225,0
DA:227,0
BRDA:227,0,0,-
BRDA:227,0,1,-
BRDA:227,0,2,-
BRDA:227,0,3,-
BRDA:227,0,4,-
BRDA:227,0,5,-
DA:263,0
DA:265,0
DA:269,0
DA:271,0
end_of_record
SF:/home/milica/Documents/master/vs/projekatVS/2023_Analysis_Podmornice/2021_Podmornice/podmorniceGUI_Novo/PodmorniceGUI/podmornicegui.h
end_of_record
SF:/usr/include/x86_64-linux-gnu/qt5/QtCore/qrefcount.h
FN:54,_ZN9QtPrivate8RefCount3refEv
FNDA:0,_ZN9QtPrivate8RefCount3refEv
FN:65,_ZN9QtPrivate8RefCount5derefEv
FNDA:0,_ZN9QtPrivate8RefCount5derefEv
DA:54,0
DA:55,0
BRDA:55,0,0,-
BRDA:55,0,1,-
DA:57,0
BRDA:57,0,0,-
BRDA:57,0,1,-
DA:60,0
BRDA:60,0,0,-
BRDA:60,0,1,-
DA:61,0
DA:65,0
DA:66,0
BRDA:66,0,0,-
BRDA:66,0,1,-
DA:68,0
BRDA:68,0,0,-
BRDA:68,0,1,-
DA:71,0
BRDA:71,0,0,-
BRDA:71,0,1,-
DA:73,0
DA:99,0
DA:101,0
BRDA:101,0,0,-
BRDA:101,0,1,-
DA:102,0
BRDA:102,0,0,-
BRDA:102,0,1,-
end_of_record
SF:/usr/include/x86_64-linux-gnu/qt5/QtCore/qsize.h
DA:119,0
end_of_record
SF:/home/milica/Documents/master/vs/projekatVS/2023_Analysis_Podmornice/2021_Podmornice/podmorniceGUI_Novo/PodmorniceGUI/kreniigru.h
DA:31,0
end_of_record
SF:/usr/include/x86_64-linux-gnu/qt5/QtWidgets/qwidget.h
DA:838,0
DA:839,0
end_of_record
SF:/usr/include/x86_64-linux-gnu/qt5/QtCore/qarraydata.h
DA:57,0
DA:59,0
DA:61,0
DA:123,0
DA:208,0
DA:211,0
BRDA:211,0,0,-
BRDA:211,0,1,-
BRDA:211,0,2,-
BRDA:211,0,3,-
DA:212,0
BRDA:212,0,0,-
BRDA:212,0,1,-
DA:220,0
DA:224,0
DA:236,0
DA:239,0
DA:240,0
DA:257,0
BRDA:257,0,0,-
BRDA:257,0,1,-
end_of_record
SF:/usr/include/x86_64-linux-gnu/qt5/QtGui/qcolor.h
DA:286,0
DA:287,0
BRDA:287,0,0,-
BRDA:287,0,1,-
BRDA:287,0,2,-
BRDA:287,0,3,-
BRDA:287,0,4,-
BRDA:287,0,5,-
BRDA:287,0,6,-
BRDA:287,0,7,-
BRDA:287,0,8,-
BRDA:287,0,9,-
BRDA:287,0,10,-
BRDA:287,0,11,-
BRDA:287,0,12,-
BRDA:287,0,13,-
BRDA:287,0,14,-
BRDA:287,0,15,-
end_of_record
SF:/usr/include/x86_64-linux-gnu/bits/string_fortified.h
DA:31,0
DA:34,0
end_of_record
TN:
SF:/usr/include/x86_64-linux-gnu/qt5/QtCore/qbasicatomic.h
DA:103,0
BRDA:103,0,0,-
BRDA:103,0,1,-
DA:115,0
end_of_record
SF:/usr/include/x86_64-linux-gnu/qt5/QtCore/qrect.h
DA:184,0
DA:185,0
BRDA:185,0,0,-
BRDA:185,0,1,-
end_of_record
SF:/home/milica/Documents/master/vs/projekatVS/2023_Analysis_Podmornice/2021_Podmornice/podmorniceGUI_Novo/PodmorniceGUI/pobeda.h
end_of_record
SF:/home/milica/Documents/master/vs/projekatVS/2023_Analysis_Podmornice/2021_Podmornice/podmorniceGUI_Novo/PodmorniceGUI/ui_pobeda.h
FN:25,_ZN9Ui_Pobeda7setupUiEP7QDialog
FNDA:0,_ZN9Ui_Pobeda7setupUiEP7QDialog
FN:49,_ZN9Ui_Pobeda13retranslateUiEP7QDialog
FNDA:0,_ZN9Ui_Pobeda13retranslateUiEP7QDialog
DA:25,0
DA:27,0
BRDA:27,0,0,-
BRDA:27,0,1,-
DA:28,0
BRDA:28,0,0,-
BRDA:28,0,1,-
DA:29,0
DA:30,0
BRDA:30,0,0,-
BRDA:30,0,1,-
DA:31,0
BRDA:31,0,0,-
BRDA:31,0,1,-
DA:32,0
DA:33,0
DA:34,0
BRDA:34,0,0,-
BRDA:34,0,1,-
BRDA:34,0,2,-
BRDA:34,0,3,-
DA:35,0
BRDA:35,0,0,-
BRDA:35,0,1,-
DA:36,0
BRDA:36,0,0,-
BRDA:36,0,1,-
DA:37,0
BRDA:37,0,0,-
BRDA:37,0,1,-
BRDA:37,0,2,-
BRDA:37,0,3,-
DA:38,0
BRDA:38,0,0,-
BRDA:38,0,1,-
BRDA:38,0,2,-
BRDA:38,0,3,-
DA:39,0
BRDA:39,0,0,-
BRDA:39,0,1,-
BRDA:39,0,2,-
BRDA:39,0,3,-
DA:40,0
BRDA:40,0,0,-
BRDA:40,0,1,-
DA:41,0
BRDA:41,0,0,-
BRDA:41,0,1,-
DA:42,0
BRDA:42,0,0,-
BRDA:42,0,1,-
BRDA:42,0,2,-
BRDA:42,0,3,-
DA:44,0
BRDA:44,0,0,-
BRDA:44,0,1,-
DA:46,0
BRDA:46,0,0,-
BRDA:46,0,1,-
DA:47,0
DA:49,0
DA:51,0
BRDA:51,0,0,-
BRDA:51,0,1,-
DA:52,0
BRDA:52,0,0,-
BRDA:52,0,1,-
DA:53,0
BRDA:53,0,0,-
BRDA:53,0,1,-
DA:54,0
end_of_record
SF:/usr/include/x86_64-linux-gnu/qt5/QtCore/qstring.h
FN:699,_ZN7QStringC2EPKc
FNDA:0,_ZN7QStringC2EPKc
FN:1135,_ZN7QStringD2Ev
FNDA:0,_ZN7QStringD2Ev
DA:570,0
DA:572,0
BRDA:572,0,0,-
BRDA:572,0,1,-
BRDA:572,0,2,-
BRDA:572,0,3,-
BRDA:572,0,4,-
BRDA:572,0,5,-
BRDA:572,0,6,-
BRDA:572,0,7,-
DA:699,0
DA:700,0
BRDA:700,0,0,-
BRDA:700,0,1,-
DA:701,0
DA:941,0
DA:942,0
DA:1134,0
BRDA:1134,0,0,-
BRDA:1134,0,1,-
DA:1135,0
BRDA:1135,0,0,-
BRDA:1135,0,1,-
end_of_record
SF:/usr/include/c++/9/bits/atomic_base.h
DA:326,0
DA:327,0
DA:413,0
DA:415,0
DA:419,0
BRDA:419,0,0,-
BRDA:419,0,1,-
end_of_record
SF:/usr/include/x86_64-linux-gnu/qt5/QtCore/qflags.h
DA:121,0
BRDA:121,0,0,-
BRDA:121,0,1,-
end_of_record
SF:/usr/include/x86_64-linux-gnu/qt5/QtCore/qsize.h
DA:119,0
end_of_record
SF:/home/milica/Documents/master/vs/projekatVS/2023_Analysis_Podmornice/2021_Podmornice/podmorniceGUI_Novo/PodmorniceGUI/pobeda.cpp
FN:4,_ZN6PobedaC2EP7QWidget
FNDA:0,_ZN6PobedaC2EP7QWidget
FN:20,_ZN6PobedaD0Ev
FNDA:0,_ZN6PobedaD0Ev
FN:20,_ZN6PobedaD2Ev
FNDA:0,_ZN6PobedaD2Ev
DA:4,0
DA:6,0
BRDA:6,0,0,-
BRDA:6,0,1,-
DA:8,0
BRDA:8,0,0,-
BRDA:8,0,1,-
DA:12,0
BRDA:12,0,0,-
BRDA:12,0,1,-
BRDA:12,0,2,-
BRDA:12,0,3,-
DA:18,0
DA:20,0
DA:23,0
DA:20,0
DA:22,0
BRDA:22,0,0,-
BRDA:22,0,1,-
DA:23,0
end_of_record
SF:/usr/include/x86_64-linux-gnu/qt5/QtWidgets/qwidget.h
DA:838,0
DA:839,0
end_of_record
SF:/usr/include/x86_64-linux-gnu/qt5/QtCore/qarraydata.h
DA:123,0
DA:236,0
DA:239,0
DA:240,0
DA:257,0
BRDA:257,0,0,-
BRDA:257,0,1,-
end_of_record
SF:/usr/include/x86_64-linux-gnu/qt5/QtCore/qatomic_cxx11.h
DA:225,0
DA:227,0
BRDA:227,0,0,-
BRDA:227,0,1,-
DA:269,0
DA:271,0
end_of_record
SF:/usr/include/x86_64-linux-gnu/qt5/QtCore/qrefcount.h
FN:65,_ZN9QtPrivate8RefCount5derefEv
FNDA:0,_ZN9QtPrivate8RefCount5derefEv
DA:65,0
DA:66,0
BRDA:66,0,0,-
BRDA:66,0,1,-
DA:68,0
BRDA:68,0,0,-
BRDA:68,0,1,-
DA:71,0
BRDA:71,0,0,-
BRDA:71,0,1,-
DA:73,0
end_of_record
TN:
SF:/home/milica/Documents/master/vs/projekatVS/2023_Analysis_Podmornice/PodmorniceGUI_test/TestPodmornica/main.cpp
FN:4,main
FNDA:1,main
DA:4,1
DA:5,2
DA:6,1
BRDA:6,0,0,1
BRDA:6,0,1,0
end_of_record
TN:
SF:/usr/include/x86_64-linux-gnu/qt5/QtCore/qstring.h
FN:570,_ZN7QString8fromUtf8EPKci
FNDA:0,_ZN7QString8fromUtf8EPKci
FN:699,_ZN7QStringC2EPKc
FNDA:11,_ZN7QStringC2EPKc
FN:1083,_ZNK8QCharRef10digitValueEv
FNDA:0,_ZNK8QCharRef10digitValueEv
FN:1135,_ZN7QStringD2Ev
FNDA:20,_ZN7QStringD2Ev
FN:1358,_ZplPKcRK7QString
FNDA:0,_ZplPKcRK7QString
DA:234,10
DA:483,0
DA:570,0
DA:572,0
BRDA:572,0,0,-
BRDA:572,0,1,-
BRDA:572,0,2,-
BRDA:572,0,3,-
BRDA:572,0,4,-
BRDA:572,0,5,-
BRDA:572,0,6,-
BRDA:572,0,7,-
BRDA:572,0,8,-
BRDA:572,0,9,-
BRDA:572,0,10,-
BRDA:572,0,11,-
BRDA:572,0,12,-
BRDA:572,0,13,-
BRDA:572,0,14,-
BRDA:572,0,15,-
BRDA:572,0,16,-
BRDA:572,0,17,-
BRDA:572,0,18,-
BRDA:572,0,19,-
BRDA:572,0,20,-
BRDA:572,0,21,-
BRDA:572,0,22,-
BRDA:572,0,23,-
BRDA:572,0,24,-
BRDA:572,0,25,-
BRDA:572,0,26,-
BRDA:572,0,27,-
BRDA:572,0,28,-
BRDA:572,0,29,-
BRDA:572,0,30,-
BRDA:572,0,31,-
BRDA:572,0,32,-
BRDA:572,0,33,-
BRDA:572,0,34,-
BRDA:572,0,35,-
BRDA:572,0,36,-
BRDA:572,0,37,-
BRDA:572,0,38,-
BRDA:572,0,39,-
BRDA:572,0,40,-
BRDA:572,0,41,-
BRDA:572,0,42,-
BRDA:572,0,43,-
BRDA:572,0,44,-
BRDA:572,0,45,-
BRDA:572,0,46,-
BRDA:572,0,47,-
BRDA:572,0,48,-
BRDA:572,0,49,-
BRDA:572,0,50,-
BRDA:572,0,51,-
BRDA:572,0,52,-
BRDA:572,0,53,-
BRDA:572,0,54,-
BRDA:572,0,55,-
BRDA:572,0,56,-
BRDA:572,0,57,-
BRDA:572,0,58,-
BRDA:572,0,59,-
BRDA:572,0,60,-
BRDA:572,0,61,-
BRDA:572,0,62,-
BRDA:572,0,63,-
BRDA:572,0,64,-
BRDA:572,0,65,-
BRDA:572,0,66,-
BRDA:572,0,67,-
BRDA:572,0,68,-
BRDA:572,0,69,-
BRDA:572,0,70,-
BRDA:572,0,71,-
BRDA:572,0,72,-
BRDA:572,0,73,-
BRDA:572,0,74,-
BRDA:572,0,75,-
BRDA:572,0,76,-
BRDA:572,0,77,-
BRDA:572,0,78,-
BRDA:572,0,79,-
BRDA:572,0,80,-
BRDA:572,0,81,-
BRDA:572,0,82,-
BRDA:572,0,83,-
BRDA:572,0,84,-
BRDA:572,0,85,-
BRDA:572,0,86,-
BRDA:572,0,87,-
BRDA:572,0,88,-
BRDA:572,0,89,-
BRDA:572,0,90,-
BRDA:572,0,91,-
BRDA:572,0,92,-
BRDA:572,0,93,-
BRDA:572,0,94,-
BRDA:572,0,95,-
BRDA:572,0,96,-
BRDA:572,0,97,-
BRDA:572,0,98,-
BRDA:572,0,99,-
BRDA:572,0,100,-
BRDA:572,0,101,-
BRDA:572,0,102,-
BRDA:572,0,103,-
BRDA:572,0,104,-
BRDA:572,0,105,-
BRDA:572,0,106,-
BRDA:572,0,107,-
BRDA:572,0,108,-
BRDA:572,0,109,-
BRDA:572,0,110,-
BRDA:572,0,111,-
BRDA:572,0,112,-
BRDA:572,0,113,-
BRDA:572,0,114,-
BRDA:572,0,115,-
BRDA:572,0,116,-
BRDA:572,0,117,-
BRDA:572,0,118,-
BRDA:572,0,119,-
BRDA:572,0,120,-
BRDA:572,0,121,-
BRDA:572,0,122,-
BRDA:572,0,123,-
BRDA:572,0,124,-
BRDA:572,0,125,-
BRDA:572,0,126,-
BRDA:572,0,127,-
BRDA:572,0,128,-
BRDA:572,0,129,-
BRDA:572,0,130,-
BRDA:572,0,131,-
BRDA:572,0,132,-
BRDA:572,0,133,-
BRDA:572,0,134,-
BRDA:572,0,135,-
BRDA:572,0,136,-
BRDA:572,0,137,-
BRDA:572,0,138,-
BRDA:572,0,139,-
BRDA:572,0,140,-
BRDA:572,0,141,-
BRDA:572,0,142,-
BRDA:572,0,143,-
BRDA:572,0,144,-
BRDA:572,0,145,-
BRDA:572,0,146,-
BRDA:572,0,147,-
BRDA:572,0,148,-
BRDA:572,0,149,-
BRDA:572,0,150,-
BRDA:572,0,151,-
BRDA:572,0,152,-
BRDA:572,0,153,-
BRDA:572,0,154,-
BRDA:572,0,155,-
BRDA:572,0,156,-
BRDA:572,0,157,-
BRDA:572,0,158,-
BRDA:572,0,159,-
BRDA:572,0,160,-
BRDA:572,0,161,-
BRDA:572,0,162,-
BRDA:572,0,163,-
BRDA:572,0,164,-
BRDA:572,0,165,-
BRDA:572,0,166,-
BRDA:572,0,167,-
BRDA:572,0,168,-
BRDA:572,0,169,-
BRDA:572,0,170,-
BRDA:572,0,171,-
BRDA:572,0,172,-
BRDA:572,0,173,-
BRDA:572,0,174,-
BRDA:572,0,175,-
BRDA:572,0,176,-
BRDA:572,0,177,-
BRDA:572,0,178,-
BRDA:572,0,179,-
BRDA:572,0,180,-
BRDA:572,0,181,-
BRDA:572,0,182,-
BRDA:572,0,183,-
BRDA:572,0,184,-
BRDA:572,0,185,-
BRDA:572,0,186,-
BRDA:572,0,187,-
BRDA:572,0,188,-
BRDA:572,0,189,-
BRDA:572,0,190,-
BRDA:572,0,191,-
BRDA:572,0,192,-
BRDA:572,0,193,-
BRDA:572,0,194,-
BRDA:572,0,195,-
BRDA:572,0,196,-
BRDA:572,0,197,-
BRDA:572,0,198,-
BRDA:572,0,199,-
BRDA:572,0,200,-
BRDA:572,0,201,-
BRDA:572,0,202,-
BRDA:572,0,203,-
BRDA:572,0,204,-
BRDA:572,0,205,-
BRDA:572,0,206,-
BRDA:572,0,207,-
BRDA:572,0,208,-
BRDA:572,0,209,-
BRDA:572,0,210,-
BRDA:572,0,211,-
BRDA:572,0,212,-
BRDA:572,0,213,-
BRDA:572,0,214,-
BRDA:572,0,215,-
BRDA:572,0,216,-
BRDA:572,0,217,-
BRDA:572,0,218,-
BRDA:572,0,219,-
BRDA:572,0,220,-
BRDA:572,0,221,-
BRDA:572,0,222,-
BRDA:572,0,223,-
BRDA:572,0,224,-
BRDA:572,0,225,-
BRDA:572,0,226,-
BRDA:572,0,227,-
BRDA:572,0,228,-
BRDA:572,0,229,-
BRDA:572,0,230,-
BRDA:572,0,231,-
BRDA:572,0,232,-
BRDA:572,0,233,-
BRDA:572,0,234,-
BRDA:572,0,235,-
BRDA:572,0,236,-
BRDA:572,0,237,-
BRDA:572,0,238,-
BRDA:572,0,239,-
BRDA:572,0,240,-
BRDA:572,0,241,-
BRDA:572,0,242,-
BRDA:572,0,243,-
BRDA:572,0,244,-
BRDA:572,0,245,-
BRDA:572,0,246,-
BRDA:572,0,247,-
BRDA:572,0,248,-
BRDA:572,0,249,-
BRDA:572,0,250,-
BRDA:572,0,251,-
BRDA:572,0,252,-
BRDA:572,0,253,-
BRDA:572,0,254,-
BRDA:572,0,255,-
BRDA:572,0,256,-
BRDA:572,0,257,-
BRDA:572,0,258,-
BRDA:572,0,259,-
BRDA:572,0,260,-
BRDA:572,0,261,-
BRDA:572,0,262,-
BRDA:572,0,263,-
BRDA:572,0,264,-
BRDA:572,0,265,-
BRDA:572,0,266,-
BRDA:572,0,267,-
BRDA:572,0,268,-
BRDA:572,0,269,-
BRDA:572,0,270,-
BRDA:572,0,271,-
BRDA:572,0,272,-
BRDA:572,0,273,-
BRDA:572,0,274,-
BRDA:572,0,275,-
BRDA:572,0,276,-
BRDA:572,0,277,-
BRDA:572,0,278,-
BRDA:572,0,279,-
BRDA:572,0,280,-
BRDA:572,0,281,-
BRDA:572,0,282,-
BRDA:572,0,283,-
BRDA:572,0,284,-
BRDA:572,0,285,-
BRDA:572,0,286,-
BRDA:572,0,287,-
BRDA:572,0,288,-
BRDA:572,0,289,-
BRDA:572,0,290,-
BRDA:572,0,291,-
BRDA:572,0,292,-
BRDA:572,0,293,-
BRDA:572,0,294,-
BRDA:572,0,295,-
BRDA:572,0,296,-
BRDA:572,0,297,-
BRDA:572,0,298,-
BRDA:572,0,299,-
BRDA:572,0,300,-
BRDA:572,0,301,-
BRDA:572,0,302,-
BRDA:572,0,303,-
BRDA:572,0,304,-
BRDA:572,0,305,-
BRDA:572,0,306,-
BRDA:572,0,307,-
BRDA:572,0,308,-
BRDA:572,0,309,-
BRDA:572,0,310,-
BRDA:572,0,311,-
BRDA:572,0,312,-
BRDA:572,0,313,-
BRDA:572,0,314,-
BRDA:572,0,315,-
BRDA:572,0,316,-
BRDA:572,0,317,-
BRDA:572,0,318,-
BRDA:572,0,319,-
BRDA:572,0,320,-
BRDA:572,0,321,-
BRDA:572,0,322,-
BRDA:572,0,323,-
BRDA:572,0,324,-
BRDA:572,0,325,-
BRDA:572,0,326,-
BRDA:572,0,327,-
BRDA:572,0,328,-
BRDA:572,0,329,-
BRDA:572,0,330,-
BRDA:572,0,331,-
BRDA:572,0,332,-
BRDA:572,0,333,-
BRDA:572,0,334,-
BRDA:572,0,335,-
BRDA:572,0,336,-
BRDA:572,0,337,-
BRDA:572,0,338,-
BRDA:572,0,339,-
BRDA:572,0,340,-
BRDA:572,0,341,-
BRDA:572,0,342,-
BRDA:572,0,343,-
BRDA:572,0,344,-
BRDA:572,0,345,-
BRDA:572,0,346,-
BRDA:572,0,347,-
BRDA:572,0,348,-
BRDA:572,0,349,-
BRDA:572,0,350,-
BRDA:572,0,351,-
BRDA:572,0,352,-
BRDA:572,0,353,-
BRDA:572,0,354,-
BRDA:572,0,355,-
BRDA:572,0,356,-
BRDA:572,0,357,-
BRDA:572,0,358,-
BRDA:572,0,359,-
BRDA:572,0,360,-
BRDA:572,0,361,-
BRDA:572,0,362,-
BRDA:572,0,363,-
BRDA:572,0,364,-
BRDA:572,0,365,-
BRDA:572,0,366,-
BRDA:572,0,367,-
BRDA:572,0,368,-
BRDA:572,0,369,-
BRDA:572,0,370,-
BRDA:572,0,371,-
BRDA:572,0,372,-
BRDA:572,0,373,-
BRDA:572,0,374,-
BRDA:572,0,375,-
BRDA:572,0,376,-
BRDA:572,0,377,-
BRDA:572,0,378,-
BRDA:572,0,379,-
BRDA:572,0,380,-
BRDA:572,0,381,-
BRDA:572,0,382,-
BRDA:572,0,383,-
BRDA:572,0,384,-
BRDA:572,0,385,-
DA:699,11
DA:700,11
BRDA:700,0,0,11
BRDA:700,0,1,0
DA:701,11
DA:941,0
DA:942,0
DA:957,2
DA:958,2
DA:1042,0
DA:1050,0
DA:1051,0
DA:1083,0
BRDA:1083,0,0,-
BRDA:1083,0,1,-
DA:1134,24
BRDA:1134,0,0,24
BRDA:1134,0,1,0
BRDA:1134,0,2,0
BRDA:1134,0,3,0
BRDA:1134,0,4,0
BRDA:1134,0,5,0
BRDA:1134,0,6,0
BRDA:1134,0,7,0
BRDA:1134,0,8,0
BRDA:1134,0,9,0
BRDA:1134,0,10,0
BRDA:1134,0,11,0
BRDA:1134,0,12,0
BRDA:1134,0,13,0
BRDA:1134,0,14,0
BRDA:1134,0,15,0
BRDA:1134,0,16,0
BRDA:1134,0,17,0
BRDA:1134,0,18,0
BRDA:1134,0,19,0
BRDA:1134,0,20,0
BRDA:1134,0,21,0
BRDA:1134,0,22,0
BRDA:1134,0,23,0
BRDA:1134,0,24,0
BRDA:1134,0,25,0
BRDA:1134,0,26,0
BRDA:1134,0,27,0
BRDA:1134,0,28,0
BRDA:1134,0,29,0
BRDA:1134,0,30,0
BRDA:1134,0,31,0
BRDA:1134,0,32,0
BRDA:1134,0,33,0
BRDA:1134,0,34,0
BRDA:1134,0,35,0
BRDA:1134,0,36,0
BRDA:1134,0,37,0
BRDA:1134,0,38,0
BRDA:1134,0,39,0
BRDA:1134,0,40,0
BRDA:1134,0,41,0
BRDA:1134,0,42,0
BRDA:1134,0,43,0
BRDA:1134,0,44,0
BRDA:1134,0,45,0
BRDA:1134,0,46,0
BRDA:1134,0,47,0
BRDA:1134,0,48,0
BRDA:1134,0,49,0
BRDA:1134,0,50,0
BRDA:1134,0,51,0
BRDA:1134,0,52,0
BRDA:1134,0,53,0
BRDA:1134,0,54,0
BRDA:1134,0,55,0
BRDA:1134,0,56,0
BRDA:1134,0,57,0
BRDA:1134,0,58,0
BRDA:1134,0,59,0
BRDA:1134,0,60,0
BRDA:1134,0,61,0
BRDA:1134,0,62,0
BRDA:1134,0,63,0
BRDA:1134,0,64,0
BRDA:1134,0,65,0
BRDA:1134,0,66,0
BRDA:1134,0,67,0
BRDA:1134,0,68,0
BRDA:1134,0,69,0
BRDA:1134,0,70,0
BRDA:1134,0,71,0
BRDA:1134,0,72,0
BRDA:1134,0,73,0
BRDA:1134,0,74,0
BRDA:1134,0,75,0
BRDA:1134,0,76,0
BRDA:1134,0,77,0
BRDA:1134,0,78,0
BRDA:1134,0,79,0
BRDA:1134,0,80,0
BRDA:1134,0,81,0
BRDA:1134,0,82,0
BRDA:1134,0,83,0
BRDA:1134,0,84,0
BRDA:1134,0,85,0
BRDA:1134,0,86,0
BRDA:1134,0,87,0
BRDA:1134,0,88,0
BRDA:1134,0,89,0
BRDA:1134,0,90,0
BRDA:1134,0,91,0
BRDA:1134,0,92,0
BRDA:1134,0,93,0
BRDA:1134,0,94,0
BRDA:1134,0,95,0
BRDA:1134,0,96,0
BRDA:1134,0,97,0
BRDA:1134,0,98,0
BRDA:1134,0,99,0
BRDA:1134,0,100,0
BRDA:1134,0,101,0
BRDA:1134,0,102,0
BRDA:1134,0,103,0
BRDA:1134,0,104,0
BRDA:1134,0,105,0
BRDA:1134,0,106,0
BRDA:1134,0,107,0
BRDA:1134,0,108,0
BRDA:1134,0,109,0
BRDA:1134,0,110,0
BRDA:1134,0,111,0
BRDA:1134,0,112,0
BRDA:1134,0,113,0
BRDA:1134,0,114,0
BRDA:1134,0,115,0
BRDA:1134,0,116,0
BRDA:1134,0,117,0
BRDA:1134,0,118,0
BRDA:1134,0,119,0
BRDA:1134,0,120,0
BRDA:1134,0,121,0
BRDA:1134,0,122,0
BRDA:1134,0,123,0
BRDA:1134,0,124,0
BRDA:1134,0,125,0
BRDA:1134,0,126,0
BRDA:1134,0,127,0
BRDA:1134,0,128,0
BRDA:1134,0,129,0
BRDA:1134,0,130,0
BRDA:1134,0,131,0
BRDA:1134,0,132,0
BRDA:1134,0,133,0
BRDA:1134,0,134,0
BRDA:1134,0,135,0
BRDA:1134,0,136,0
BRDA:1134,0,137,0
BRDA:1134,0,138,0
BRDA:1134,0,139,0
BRDA:1134,0,140,0
BRDA:1134,0,141,0
BRDA:1134,0,142,0
BRDA:1134,0,143,0
BRDA:1134,0,144,0
BRDA:1134,0,145,0
BRDA:1134,0,146,0
BRDA:1134,0,147,0
BRDA:1134,0,148,0
BRDA:1134,0,149,0
BRDA:1134,0,150,0
BRDA:1134,0,151,0
BRDA:1134,0,152,0
BRDA:1134,0,153,0
BRDA:1134,0,154,0
BRDA:1134,0,155,0
BRDA:1134,0,156,0
BRDA:1134,0,157,0
BRDA:1134,0,158,0
BRDA:1134,0,159,0
BRDA:1134,0,160,0
BRDA:1134,0,161,0
BRDA:1134,0,162,0
BRDA:1134,0,163,0
BRDA:1134,0,164,0
BRDA:1134,0,165,0
BRDA:1134,0,166,0
BRDA:1134,0,167,0
BRDA:1134,0,168,0
BRDA:1134,0,169,0
BRDA:1134,0,170,0
BRDA:1134,0,171,0
BRDA:1134,0,172,0
BRDA:1134,0,173,0
BRDA:1134,0,174,0
BRDA:1134,0,175,0
BRDA:1134,0,176,0
BRDA:1134,0,177,0
BRDA:1134,0,178,0
BRDA:1134,0,179,0
BRDA:1134,0,180,0
BRDA:1134,0,181,0
BRDA:1134,0,182,0
BRDA:1134,0,183,0
BRDA:1134,0,184,0
BRDA:1134,0,185,0
BRDA:1134,0,186,0
BRDA:1134,0,187,0
BRDA:1134,0,188,0
BRDA:1134,0,189,0
BRDA:1134,0,190,0
BRDA:1134,0,191,0
BRDA:1134,0,192,0
BRDA:1134,0,193,0
BRDA:1134,0,194,0
BRDA:1134,0,195,0
BRDA:1134,0,196,0
BRDA:1134,0,197,0
BRDA:1134,0,198,0
BRDA:1134,0,199,0
BRDA:1134,0,200,0
BRDA:1134,0,201,0
BRDA:1134,0,202,0
BRDA:1134,0,203,0
BRDA:1134,0,204,0
BRDA:1134,0,205,0
DA:1135,20
BRDA:1135,0,0,0
BRDA:1135,0,1,20
DA:1162,0
DA:1163,0
BRDA:1163,0,0,-
BRDA:1163,0,1,-
BRDA:1163,0,2,-
BRDA:1163,0,3,-
BRDA:1163,0,4,-
BRDA:1163,0,5,-
BRDA:1163,0,6,-
DA:1358,0
DA:1359,0
BRDA:1359,0,0,-
BRDA:1359,0,1,-
end_of_record
SF:/usr/include/x86_64-linux-gnu/qt5/QtCore/qchar.h
DA:86,0
DA:439,0
end_of_record
SF:/home/milica/Documents/master/vs/projekatVS/2023_Analysis_Podmornice/2021_Podmornice/podmorniceGUI_Novo/PodmorniceGUI/ui_kreniigru.h
FN:134,_ZN12Ui_KreniIgru7setupUiEP7QDialog
FNDA:0,_ZN12Ui_KreniIgru7setupUiEP7QDialog
FN:1193,_ZN12Ui_KreniIgru13retranslateUiEP7QDialog
FNDA:0,_ZN12Ui_KreniIgru13retranslateUiEP7QDialog
DA:134,0
DA:136,0
BRDA:136,0,0,-
BRDA:136,0,1,-
DA:137,0
BRDA:137,0,0,-
BRDA:137,0,1,-
DA:138,0
DA:139,0
BRDA:139,0,0,-
BRDA:139,0,1,-
DA:140,0
BRDA:140,0,0,-
BRDA:140,0,1,-
DA:141,0
DA:142,0
DA:143,0
DA:144,0
DA:145,0
DA:146,0
DA:147,0
BRDA:147,0,0,-
BRDA:147,0,1,-
DA:151,0
DA:152,0
BRDA:152,0,0,-
BRDA:152,0,1,-
DA:153,0
BRDA:153,0,0,-
BRDA:153,0,1,-
DA:154,0
DA:155,0
DA:156,0
DA:157,0
BRDA:157,0,0,-
BRDA:157,0,1,-
DA:161,0
DA:162,0
BRDA:162,0,0,-
BRDA:162,0,1,-
DA:163,0
BRDA:163,0,0,-
BRDA:163,0,1,-
DA:164,0
DA:165,0
DA:166,0
DA:167,0
BRDA:167,0,0,-
BRDA:167,0,1,-
DA:171,0
DA:172,0
BRDA:172,0,0,-
BRDA:172,0,1,-
DA:173,0
BRDA:173,0,0,-
BRDA:173,0,1,-
DA:174,0
DA:175,0
DA:176,0
DA:177,0
BRDA:177,0,0,-
BRDA:177,0,1,-
DA:181,0
DA:182,0
BRDA:182,0,0,-
BRDA:182,0,1,-
DA:183,0
BRDA:183,0,0,-
BRDA:183,0,1,-
DA:184,0
DA:185,0
DA:186,0
DA:187,0
BRDA:187,0,0,-
BRDA:187,0,1,-
DA:191,0
DA:192,0
BRDA:192,0,0,-
BRDA:192,0,1,-
DA:193,0
BRDA:193,0,0,-
BRDA:193,0,1,-
DA:194,0
DA:195,0
DA:196,0
DA:197,0
BRDA:197,0,0,-
BRDA:197,0,1,-
DA:201,0
DA:202,0
BRDA:202,0,0,-
BRDA:202,0,1,-
DA:203,0
BRDA:203,0,0,-
BRDA:203,0,1,-
DA:204,0
DA:205,0
DA:206,0
DA:207,0
BRDA:207,0,0,-
BRDA:207,0,1,-
DA:211,0
DA:212,0
BRDA:212,0,0,-
BRDA:212,0,1,-
DA:213,0
BRDA:213,0,0,-
BRDA:213,0,1,-
DA:214,0
DA:215,0
DA:216,0
DA:217,0
BRDA:217,0,0,-
BRDA:217,0,1,-
DA:221,0
DA:222,0
BRDA:222,0,0,-
BRDA:222,0,1,-
DA:223,0
BRDA:223,0,0,-
BRDA:223,0,1,-
DA:224,0
DA:225,0
DA:226,0
DA:227,0
BRDA:227,0,0,-
BRDA:227,0,1,-
DA:231,0
DA:232,0
BRDA:232,0,0,-
BRDA:232,0,1,-
DA:233,0
BRDA:233,0,0,-
BRDA:233,0,1,-
DA:234,0
DA:235,0
DA:236,0
DA:237,0
BRDA:237,0,0,-
BRDA:237,0,1,-
DA:241,0
DA:242,0
BRDA:242,0,0,-
BRDA:242,0,1,-
DA:243,0
BRDA:243,0,0,-
BRDA:243,0,1,-
DA:244,0
DA:245,0
DA:246,0
DA:247,0
BRDA:247,0,0,-
BRDA:247,0,1,-
DA:251,0
DA:252,0
BRDA:252,0,0,-
BRDA:252,0,1,-
DA:253,0
BRDA:253,0,0,-
BRDA:253,0,1,-
DA:254,0
DA:255,0
DA:256,0
BRDA:256,0,0,-
BRDA:256,0,1,-
BRDA:256,0,2,-
BRDA:256,0,3,-
DA:257,0
BRDA:257,0,0,-
BRDA:257,0,1,-
DA:258,0
BRDA:258,0,0,-
BRDA:258,0,1,-
DA:259,0
BRDA:259,0,0,-
BRDA:259,0,1,-
BRDA:259,0,2,-
BRDA:259,0,3,-
DA:260,0
BRDA:260,0,0,-
BRDA:260,0,1,-
BRDA:260,0,2,-
BRDA:260,0,3,-
DA:261,0
BRDA:261,0,0,-
BRDA:261,0,1,-
DA:262,0
BRDA:262,0,0,-
BRDA:262,0,1,-
BRDA:262,0,2,-
BRDA:262,0,3,-
DA:263,0
BRDA:263,0,0,-
BRDA:263,0,1,-
DA:264,0
BRDA:264,0,0,-
BRDA:264,0,1,-
BRDA:264,0,2,-
BRDA:264,0,3,-
DA:268,0
BRDA:268,0,0,-
BRDA:268,0,1,-
DA:269,0
BRDA:269,0,0,-
BRDA:269,0,1,-
BRDA:269,0,2,-
BRDA:269,0,3,-
DA:270,0
BRDA:270,0,0,-
BRDA:270,0,1,-
BRDA:270,0,2,-
BRDA:270,0,3,-
DA:271,0
BRDA:271,0,0,-
BRDA:271,0,1,-
DA:272,0
BRDA:272,0,0,-
BRDA:272,0,1,-
BRDA:272,0,2,-
BRDA:272,0,3,-
DA:273,0
BRDA:273,0,0,-
BRDA:273,0,1,-
DA:274,0
BRDA:274,0,0,-
BRDA:274,0,1,-
BRDA:274,0,2,-
BRDA:274,0,3,-
DA:278,0
BRDA:278,0,0,-
BRDA:278,0,1,-
DA:279,0
BRDA:279,0,0,-
BRDA:279,0,1,-
BRDA:279,0,2,-
BRDA:279,0,3,-
DA:280,0
BRDA:280,0,0,-
BRDA:280,0,1,-
BRDA:280,0,2,-
BRDA:280,0,3,-
DA:281,0
BRDA:281,0,0,-
BRDA:281,0,1,-
DA:282,0
BRDA:282,0,0,-
BRDA:282,0,1,-
BRDA:282,0,2,-
BRDA:282,0,3,-
DA:283,0
BRDA:283,0,0,-
BRDA:283,0,1,-
DA:284,0
BRDA:284,0,0,-
BRDA:284,0,1,-
BRDA:284,0,2,-
BRDA:284,0,3,-
DA:288,0
BRDA:288,0,0,-
BRDA:288,0,1,-
DA:289,0
BRDA:289,0,0,-
BRDA:289,0,1,-
BRDA:289,0,2,-
BRDA:289,0,3,-
DA:290,0
BRDA:290,0,0,-
BRDA:290,0,1,-
BRDA:290,0,2,-
BRDA:290,0,3,-
DA:291,0
BRDA:291,0,0,-
BRDA:291,0,1,-
DA:292,0
BRDA:292,0,0,-
BRDA:292,0,1,-
BRDA:292,0,2,-
BRDA:292,0,3,-
DA:293,0
BRDA:293,0,0,-
BRDA:293,0,1,-
DA:294,0
BRDA:294,0,0,-
BRDA:294,0,1,-
BRDA:294,0,2,-
BRDA:294,0,3,-
DA:298,0
BRDA:298,0,0,-
BRDA:298,0,1,-
DA:299,0
BRDA:299,0,0,-
BRDA:299,0,1,-
BRDA:299,0,2,-
BRDA:299,0,3,-
DA:300,0
BRDA:300,0,0,-
BRDA:300,0,1,-
BRDA:300,0,2,-
BRDA:300,0,3,-
DA:301,0
BRDA:301,0,0,-
BRDA:301,0,1,-
DA:302,0
BRDA:302,0,0,-
BRDA:302,0,1,-
BRDA:302,0,2,-
BRDA:302,0,3,-
DA:303,0
BRDA:303,0,0,-
BRDA:303,0,1,-
DA:304,0
BRDA:304,0,0,-
BRDA:304,0,1,-
BRDA:304,0,2,-
BRDA:304,0,3,-
DA:308,0
BRDA:308,0,0,-
BRDA:308,0,1,-
DA:309,0
BRDA:309,0,0,-
BRDA:309,0,1,-
BRDA:309,0,2,-
BRDA:309,0,3,-
DA:310,0
BRDA:310,0,0,-
BRDA:310,0,1,-
BRDA:310,0,2,-
BRDA:310,0,3,-
DA:311,0
BRDA:311,0,0,-
BRDA:311,0,1,-
DA:312,0
BRDA:312,0,0,-
BRDA:312,0,1,-
BRDA:312,0,2,-
BRDA:312,0,3,-
DA:313,0
BRDA:313,0,0,-
BRDA:313,0,1,-
DA:314,0
BRDA:314,0,0,-
BRDA:314,0,1,-
BRDA:314,0,2,-
BRDA:314,0,3,-
DA:318,0
BRDA:318,0,0,-
BRDA:318,0,1,-
DA:319,0
BRDA:319,0,0,-
BRDA:319,0,1,-
BRDA:319,0,2,-
BRDA:319,0,3,-
DA:320,0
BRDA:320,0,0,-
BRDA:320,0,1,-
BRDA:320,0,2,-
BRDA:320,0,3,-
DA:321,0
BRDA:321,0,0,-
BRDA:321,0,1,-
DA:322,0
BRDA:322,0,0,-
BRDA:322,0,1,-
BRDA:322,0,2,-
BRDA:322,0,3,-
DA:323,0
BRDA:323,0,0,-
BRDA:323,0,1,-
DA:324,0
BRDA:324,0,0,-
BRDA:324,0,1,-
BRDA:324,0,2,-
BRDA:324,0,3,-
DA:328,0
BRDA:328,0,0,-
BRDA:328,0,1,-
DA:329,0
BRDA:329,0,0,-
BRDA:329,0,1,-
BRDA:329,0,2,-
BRDA:329,0,3,-
DA:330,0
BRDA:330,0,0,-
BRDA:330,0,1,-
BRDA:330,0,2,-
BRDA:330,0,3,-
DA:331,0
BRDA:331,0,0,-
BRDA:331,0,1,-
DA:332,0
BRDA:332,0,0,-
BRDA:332,0,1,-
BRDA:332,0,2,-
BRDA:332,0,3,-
DA:333,0
BRDA:333,0,0,-
BRDA:333,0,1,-
DA:334,0
BRDA:334,0,0,-
BRDA:334,0,1,-
BRDA:334,0,2,-
BRDA:334,0,3,-
DA:338,0
BRDA:338,0,0,-
BRDA:338,0,1,-
DA:339,0
BRDA:339,0,0,-
BRDA:339,0,1,-
BRDA:339,0,2,-
BRDA:339,0,3,-
DA:340,0
BRDA:340,0,0,-
BRDA:340,0,1,-
BRDA:340,0,2,-
BRDA:340,0,3,-
DA:341,0
BRDA:341,0,0,-
BRDA:341,0,1,-
DA:342,0
BRDA:342,0,0,-
BRDA:342,0,1,-
BRDA:342,0,2,-
BRDA:342,0,3,-
DA:343,0
BRDA:343,0,0,-
BRDA:343,0,1,-
DA:344,0
BRDA:344,0,0,-
BRDA:344,0,1,-
BRDA:344,0,2,-
BRDA:344,0,3,-
DA:348,0
BRDA:348,0,0,-
BRDA:348,0,1,-
DA:349,0
BRDA:349,0,0,-
BRDA:349,0,1,-
BRDA:349,0,2,-
BRDA:349,0,3,-
DA:350,0
BRDA:350,0,0,-
BRDA:350,0,1,-
BRDA:350,0,2,-
BRDA:350,0,3,-
DA:351,0
BRDA:351,0,0,-
BRDA:351,0,1,-
DA:352,0
BRDA:352,0,0,-
BRDA:352,0,1,-
BRDA:352,0,2,-
BRDA:352,0,3,-
DA:353,0
BRDA:353,0,0,-
BRDA:353,0,1,-
DA:354,0
BRDA:354,0,0,-
BRDA:354,0,1,-
BRDA:354,0,2,-
BRDA:354,0,3,-
DA:358,0
BRDA:358,0,0,-
BRDA:358,0,1,-
DA:359,0
BRDA:359,0,0,-
BRDA:359,0,1,-
BRDA:359,0,2,-
BRDA:359,0,3,-
DA:360,0
BRDA:360,0,0,-
BRDA:360,0,1,-
BRDA:360,0,2,-
BRDA:360,0,3,-
DA:361,0
BRDA:361,0,0,-
BRDA:361,0,1,-
DA:362,0
BRDA:362,0,0,-
BRDA:362,0,1,-
BRDA:362,0,2,-
BRDA:362,0,3,-
DA:363,0
BRDA:363,0,0,-
BRDA:363,0,1,-
DA:364,0
BRDA:364,0,0,-
BRDA:364,0,1,-
BRDA:364,0,2,-
BRDA:364,0,3,-
DA:368,0
BRDA:368,0,0,-
BRDA:368,0,1,-
DA:369,0
BRDA:369,0,0,-
BRDA:369,0,1,-
BRDA:369,0,2,-
BRDA:369,0,3,-
DA:370,0
BRDA:370,0,0,-
BRDA:370,0,1,-
BRDA:370,0,2,-
BRDA:370,0,3,-
DA:371,0
BRDA:371,0,0,-
BRDA:371,0,1,-
DA:372,0
BRDA:372,0,0,-
BRDA:372,0,1,-
BRDA:372,0,2,-
BRDA:372,0,3,-
DA:373,0
BRDA:373,0,0,-
BRDA:373,0,1,-
DA:374,0
BRDA:374,0,0,-
BRDA:374,0,1,-
BRDA:374,0,2,-
BRDA:374,0,3,-
DA:378,0
BRDA:378,0,0,-
BRDA:378,0,1,-
DA:379,0
BRDA:379,0,0,-
BRDA:379,0,1,-
BRDA:379,0,2,-
BRDA:379,0,3,-
DA:380,0
BRDA:380,0,0,-
BRDA:380,0,1,-
BRDA:380,0,2,-
BRDA:380,0,3,-
DA:381,0
BRDA:381,0,0,-
BRDA:381,0,1,-
DA:382,0
BRDA:382,0,0,-
BRDA:382,0,1,-
BRDA:382,0,2,-
BRDA:382,0,3,-
DA:383,0
BRDA:383,0,0,-
BRDA:383,0,1,-
DA:384,0
BRDA:384,0,0,-
BRDA:384,0,1,-
BRDA:384,0,2,-
BRDA:384,0,3,-
DA:388,0
BRDA:388,0,0,-
BRDA:388,0,1,-
DA:389,0
BRDA:389,0,0,-
BRDA:389,0,1,-
BRDA:389,0,2,-
BRDA:389,0,3,-
DA:390,0
BRDA:390,0,0,-
BRDA:390,0,1,-
BRDA:390,0,2,-
BRDA:390,0,3,-
DA:391,0
BRDA:391,0,0,-
BRDA:391,0,1,-
DA:392,0
BRDA:392,0,0,-
BRDA:392,0,1,-
BRDA:392,0,2,-
BRDA:392,0,3,-
DA:393,0
BRDA:393,0,0,-
BRDA:393,0,1,-
DA:394,0
BRDA:394,0,0,-
BRDA:394,0,1,-
BRDA:394,0,2,-
BRDA:394,0,3,-
DA:398,0
BRDA:398,0,0,-
BRDA:398,0,1,-
DA:399,0
BRDA:399,0,0,-
BRDA:399,0,1,-
BRDA:399,0,2,-
BRDA:399,0,3,-
DA:400,0
BRDA:400,0,0,-
BRDA:400,0,1,-
BRDA:400,0,2,-
BRDA:400,0,3,-
DA:401,0
BRDA:401,0,0,-
BRDA:401,0,1,-
DA:402,0
BRDA:402,0,0,-
BRDA:402,0,1,-
BRDA:402,0,2,-
BRDA:402,0,3,-
DA:403,0
BRDA:403,0,0,-
BRDA:403,0,1,-
DA:404,0
BRDA:404,0,0,-
BRDA:404,0,1,-
BRDA:404,0,2,-
BRDA:404,0,3,-
DA:408,0
BRDA:408,0,0,-
BRDA:408,0,1,-
DA:409,0
BRDA:409,0,0,-
BRDA:409,0,1,-
BRDA:409,0,2,-
BRDA:409,0,3,-
DA:410,0
BRDA:410,0,0,-
BRDA:410,0,1,-
BRDA:410,0,2,-
BRDA:410,0,3,-
DA:411,0
BRDA:411,0,0,-
BRDA:411,0,1,-
DA:412,0
BRDA:412,0,0,-
BRDA:412,0,1,-
BRDA:412,0,2,-
BRDA:412,0,3,-
DA:413,0
BRDA:413,0,0,-
BRDA:413,0,1,-
DA:414,0
BRDA:414,0,0,-
BRDA:414,0,1,-
BRDA:414,0,2,-
BRDA:414,0,3,-
DA:418,0
BRDA:418,0,0,-
BRDA:418,0,1,-
DA:419,0
BRDA:419,0,0,-
BRDA:419,0,1,-
BRDA:419,0,2,-
BRDA:419,0,3,-
DA:420,0
BRDA:420,0,0,-
BRDA:420,0,1,-
BRDA:420,0,2,-
BRDA:420,0,3,-
DA:421,0
BRDA:421,0,0,-
BRDA:421,0,1,-
DA:422,0
BRDA:422,0,0,-
BRDA:422,0,1,-
BRDA:422,0,2,-
BRDA:422,0,3,-
DA:423,0
BRDA:423,0,0,-
BRDA:423,0,1,-
DA:424,0
BRDA:424,0,0,-
BRDA:424,0,1,-
BRDA:424,0,2,-
BRDA:424,0,3,-
DA:428,0
BRDA:428,0,0,-
BRDA:428,0,1,-
DA:429,0
BRDA:429,0,0,-
BRDA:429,0,1,-
BRDA:429,0,2,-
BRDA:429,0,3,-
DA:430,0
BRDA:430,0,0,-
BRDA:430,0,1,-
BRDA:430,0,2,-
BRDA:430,0,3,-
DA:431,0
BRDA:431,0,0,-
BRDA:431,0,1,-
DA:432,0
BRDA:432,0,0,-
BRDA:432,0,1,-
BRDA:432,0,2,-
BRDA:432,0,3,-
DA:433,0
BRDA:433,0,0,-
BRDA:433,0,1,-
DA:434,0
BRDA:434,0,0,-
BRDA:434,0,1,-
BRDA:434,0,2,-
BRDA:434,0,3,-
DA:438,0
BRDA:438,0,0,-
BRDA:438,0,1,-
DA:439,0
BRDA:439,0,0,-
BRDA:439,0,1,-
BRDA:439,0,2,-
BRDA:439,0,3,-
DA:440,0
BRDA:440,0,0,-
BRDA:440,0,1,-
BRDA:440,0,2,-
BRDA:440,0,3,-
DA:441,0
BRDA:441,0,0,-
BRDA:441,0,1,-
DA:442,0
BRDA:442,0,0,-
BRDA:442,0,1,-
BRDA:442,0,2,-
BRDA:442,0,3,-
DA:443,0
BRDA:443,0,0,-
BRDA:443,0,1,-
DA:444,0
BRDA:444,0,0,-
BRDA:444,0,1,-
BRDA:444,0,2,-
BRDA:444,0,3,-
DA:448,0
BRDA:448,0,0,-
BRDA:448,0,1,-
DA:449,0
BRDA:449,0,0,-
BRDA:449,0,1,-
BRDA:449,0,2,-
BRDA:449,0,3,-
DA:450,0
BRDA:450,0,0,-
BRDA:450,0,1,-
BRDA:450,0,2,-
BRDA:450,0,3,-
DA:451,0
BRDA:451,0,0,-
BRDA:451,0,1,-
DA:452,0
BRDA:452,0,0,-
BRDA:452,0,1,-
BRDA:452,0,2,-
BRDA:452,0,3,-
DA:453,0
BRDA:453,0,0,-
BRDA:453,0,1,-
DA:454,0
BRDA:454,0,0,-
BRDA:454,0,1,-
BRDA:454,0,2,-
BRDA:454,0,3,-
DA:458,0
BRDA:458,0,0,-
BRDA:458,0,1,-
DA:459,0
BRDA:459,0,0,-
BRDA:459,0,1,-
BRDA:459,0,2,-
BRDA:459,0,3,-
DA:460,0
BRDA:460,0,0,-
BRDA:460,0,1,-
BRDA:460,0,2,-
BRDA:460,0,3,-
DA:461,0
BRDA:461,0,0,-
BRDA:461,0,1,-
DA:462,0
BRDA:462,0,0,-
BRDA:462,0,1,-
BRDA:462,0,2,-
BRDA:462,0,3,-
DA:463,0
BRDA:463,0,0,-
BRDA:463,0,1,-
DA:464,0
BRDA:464,0,0,-
BRDA:464,0,1,-
BRDA:464,0,2,-
BRDA:464,0,3,-
DA:468,0
BRDA:468,0,0,-
BRDA:468,0,1,-
DA:469,0
BRDA:469,0,0,-
BRDA:469,0,1,-
BRDA:469,0,2,-
BRDA:469,0,3,-
DA:470,0
BRDA:470,0,0,-
BRDA:470,0,1,-
BRDA:470,0,2,-
BRDA:470,0,3,-
DA:471,0
BRDA:471,0,0,-
BRDA:471,0,1,-
DA:472,0
BRDA:472,0,0,-
BRDA:472,0,1,-
BRDA:472,0,2,-
BRDA:472,0,3,-
DA:473,0
BRDA:473,0,0,-
BRDA:473,0,1,-
DA:474,0
BRDA:474,0,0,-
BRDA:474,0,1,-
BRDA:474,0,2,-
BRDA:474,0,3,-
DA:478,0
BRDA:478,0,0,-
BRDA:478,0,1,-
DA:479,0
BRDA:479,0,0,-
BRDA:479,0,1,-
BRDA:479,0,2,-
BRDA:479,0,3,-
DA:480,0
BRDA:480,0,0,-
BRDA:480,0,1,-
BRDA:480,0,2,-
BRDA:480,0,3,-
DA:481,0
BRDA:481,0,0,-
BRDA:481,0,1,-
DA:482,0
BRDA:482,0,0,-
BRDA:482,0,1,-
BRDA:482,0,2,-
BRDA:482,0,3,-
DA:483,0
BRDA:483,0,0,-
BRDA:483,0,1,-
DA:484,0
BRDA:484,0,0,-
BRDA:484,0,1,-
BRDA:484,0,2,-
BRDA:484,0,3,-
DA:488,0
BRDA:488,0,0,-
BRDA:488,0,1,-
DA:489,0
BRDA:489,0,0,-
BRDA:489,0,1,-
BRDA:489,0,2,-
BRDA:489,0,3,-
DA:490,0
BRDA:490,0,0,-
BRDA:490,0,1,-
BRDA:490,0,2,-
BRDA:490,0,3,-
DA:491,0
BRDA:491,0,0,-
BRDA:491,0,1,-
DA:492,0
BRDA:492,0,0,-
BRDA:492,0,1,-
BRDA:492,0,2,-
BRDA:492,0,3,-
DA:493,0
BRDA:493,0,0,-
BRDA:493,0,1,-
DA:494,0
BRDA:494,0,0,-
BRDA:494,0,1,-
BRDA:494,0,2,-
BRDA:494,0,3,-
DA:498,0
BRDA:498,0,0,-
BRDA:498,0,1,-
DA:499,0
BRDA:499,0,0,-
BRDA:499,0,1,-
BRDA:499,0,2,-
BRDA:499,0,3,-
DA:500,0
BRDA:500,0,0,-
BRDA:500,0,1,-
BRDA:500,0,2,-
BRDA:500,0,3,-
DA:501,0
BRDA:501,0,0,-
BRDA:501,0,1,-
DA:502,0
BRDA:502,0,0,-
BRDA:502,0,1,-
BRDA:502,0,2,-
BRDA:502,0,3,-
DA:503,0
BRDA:503,0,0,-
BRDA:503,0,1,-
DA:504,0
BRDA:504,0,0,-
BRDA:504,0,1,-
BRDA:504,0,2,-
BRDA:504,0,3,-
DA:508,0
BRDA:508,0,0,-
BRDA:508,0,1,-
DA:509,0
BRDA:509,0,0,-
BRDA:509,0,1,-
BRDA:509,0,2,-
BRDA:509,0,3,-
DA:510,0
BRDA:510,0,0,-
BRDA:510,0,1,-
BRDA:510,0,2,-
BRDA:510,0,3,-
DA:511,0
BRDA:511,0,0,-
BRDA:511,0,1,-
DA:512,0
BRDA:512,0,0,-
BRDA:512,0,1,-
BRDA:512,0,2,-
BRDA:512,0,3,-
DA:513,0
BRDA:513,0,0,-
BRDA:513,0,1,-
DA:514,0
BRDA:514,0,0,-
BRDA:514,0,1,-
BRDA:514,0,2,-
BRDA:514,0,3,-
DA:518,0
BRDA:518,0,0,-
BRDA:518,0,1,-
DA:519,0
BRDA:519,0,0,-
BRDA:519,0,1,-
BRDA:519,0,2,-
BRDA:519,0,3,-
DA:520,0
BRDA:520,0,0,-
BRDA:520,0,1,-
BRDA:520,0,2,-
BRDA:520,0,3,-
DA:521,0
BRDA:521,0,0,-
BRDA:521,0,1,-
DA:522,0
BRDA:522,0,0,-
BRDA:522,0,1,-
BRDA:522,0,2,-
BRDA:522,0,3,-
DA:523,0
BRDA:523,0,0,-
BRDA:523,0,1,-
DA:524,0
BRDA:524,0,0,-
BRDA:524,0,1,-
BRDA:524,0,2,-
BRDA:524,0,3,-
DA:528,0
BRDA:528,0,0,-
BRDA:528,0,1,-
DA:529,0
BRDA:529,0,0,-
BRDA:529,0,1,-
BRDA:529,0,2,-
BRDA:529,0,3,-
DA:530,0
BRDA:530,0,0,-
BRDA:530,0,1,-
BRDA:530,0,2,-
BRDA:530,0,3,-
DA:531,0
BRDA:531,0,0,-
BRDA:531,0,1,-
DA:532,0
BRDA:532,0,0,-
BRDA:532,0,1,-
BRDA:532,0,2,-
BRDA:532,0,3,-
DA:533,0
BRDA:533,0,0,-
BRDA:533,0,1,-
DA:534,0
BRDA:534,0,0,-
BRDA:534,0,1,-
BRDA:534,0,2,-
BRDA:534,0,3,-
DA:538,0
BRDA:538,0,0,-
BRDA:538,0,1,-
DA:539,0
BRDA:539,0,0,-
BRDA:539,0,1,-
BRDA:539,0,2,-
BRDA:539,0,3,-
DA:540,0
BRDA:540,0,0,-
BRDA:540,0,1,-
BRDA:540,0,2,-
BRDA:540,0,3,-
DA:541,0
BRDA:541,0,0,-
BRDA:541,0,1,-
DA:542,0
BRDA:542,0,0,-
BRDA:542,0,1,-
BRDA:542,0,2,-
BRDA:542,0,3,-
DA:543,0
BRDA:543,0,0,-
BRDA:543,0,1,-
DA:544,0
BRDA:544,0,0,-
BRDA:544,0,1,-
BRDA:544,0,2,-
BRDA:544,0,3,-
DA:548,0
BRDA:548,0,0,-
BRDA:548,0,1,-
DA:549,0
BRDA:549,0,0,-
BRDA:549,0,1,-
BRDA:549,0,2,-
BRDA:549,0,3,-
DA:550,0
BRDA:550,0,0,-
BRDA:550,0,1,-
BRDA:550,0,2,-
BRDA:550,0,3,-
DA:551,0
BRDA:551,0,0,-
BRDA:551,0,1,-
DA:552,0
BRDA:552,0,0,-
BRDA:552,0,1,-
BRDA:552,0,2,-
BRDA:552,0,3,-
DA:553,0
BRDA:553,0,0,-
BRDA:553,0,1,-
DA:554,0
BRDA:554,0,0,-
BRDA:554,0,1,-
BRDA:554,0,2,-
BRDA:554,0,3,-
DA:558,0
BRDA:558,0,0,-
BRDA:558,0,1,-
DA:559,0
BRDA:559,0,0,-
BRDA:559,0,1,-
BRDA:559,0,2,-
BRDA:559,0,3,-
DA:560,0
BRDA:560,0,0,-
BRDA:560,0,1,-
BRDA:560,0,2,-
BRDA:560,0,3,-
DA:561,0
BRDA:561,0,0,-
BRDA:561,0,1,-
DA:562,0
BRDA:562,0,0,-
BRDA:562,0,1,-
BRDA:562,0,2,-
BRDA:562,0,3,-
DA:563,0
BRDA:563,0,0,-
BRDA:563,0,1,-
DA:564,0
BRDA:564,0,0,-
BRDA:564,0,1,-
BRDA:564,0,2,-
BRDA:564,0,3,-
DA:568,0
BRDA:568,0,0,-
BRDA:568,0,1,-
DA:569,0
BRDA:569,0,0,-
BRDA:569,0,1,-
BRDA:569,0,2,-
BRDA:569,0,3,-
DA:570,0
BRDA:570,0,0,-
BRDA:570,0,1,-
BRDA:570,0,2,-
BRDA:570,0,3,-
DA:571,0
BRDA:571,0,0,-
BRDA:571,0,1,-
DA:572,0
BRDA:572,0,0,-
BRDA:572,0,1,-
BRDA:572,0,2,-
BRDA:572,0,3,-
DA:573,0
BRDA:573,0,0,-
BRDA:573,0,1,-
DA:574,0
BRDA:574,0,0,-
BRDA:574,0,1,-
BRDA:574,0,2,-
BRDA:574,0,3,-
DA:578,0
BRDA:578,0,0,-
BRDA:578,0,1,-
DA:579,0
BRDA:579,0,0,-
BRDA:579,0,1,-
BRDA:579,0,2,-
BRDA:579,0,3,-
DA:580,0
BRDA:580,0,0,-
BRDA:580,0,1,-
BRDA:580,0,2,-
BRDA:580,0,3,-
DA:581,0
BRDA:581,0,0,-
BRDA:581,0,1,-
DA:582,0
BRDA:582,0,0,-
BRDA:582,0,1,-
BRDA:582,0,2,-
BRDA:582,0,3,-
DA:583,0
BRDA:583,0,0,-
BRDA:583,0,1,-
DA:584,0
BRDA:584,0,0,-
BRDA:584,0,1,-
BRDA:584,0,2,-
BRDA:584,0,3,-
DA:588,0
BRDA:588,0,0,-
BRDA:588,0,1,-
DA:589,0
BRDA:589,0,0,-
BRDA:589,0,1,-
BRDA:589,0,2,-
BRDA:589,0,3,-
DA:590,0
BRDA:590,0,0,-
BRDA:590,0,1,-
BRDA:590,0,2,-
BRDA:590,0,3,-
DA:591,0
BRDA:591,0,0,-
BRDA:591,0,1,-
DA:592,0
BRDA:592,0,0,-
BRDA:592,0,1,-
BRDA:592,0,2,-
BRDA:592,0,3,-
DA:593,0
BRDA:593,0,0,-
BRDA:593,0,1,-
DA:594,0
BRDA:594,0,0,-
BRDA:594,0,1,-
BRDA:594,0,2,-
BRDA:594,0,3,-
DA:598,0
BRDA:598,0,0,-
BRDA:598,0,1,-
DA:599,0
BRDA:599,0,0,-
BRDA:599,0,1,-
BRDA:599,0,2,-
BRDA:599,0,3,-
DA:600,0
BRDA:600,0,0,-
BRDA:600,0,1,-
BRDA:600,0,2,-
BRDA:600,0,3,-
DA:601,0
BRDA:601,0,0,-
BRDA:601,0,1,-
DA:602,0
BRDA:602,0,0,-
BRDA:602,0,1,-
BRDA:602,0,2,-
BRDA:602,0,3,-
DA:603,0
BRDA:603,0,0,-
BRDA:603,0,1,-
DA:604,0
BRDA:604,0,0,-
BRDA:604,0,1,-
BRDA:604,0,2,-
BRDA:604,0,3,-
DA:608,0
BRDA:608,0,0,-
BRDA:608,0,1,-
DA:609,0
BRDA:609,0,0,-
BRDA:609,0,1,-
BRDA:609,0,2,-
BRDA:609,0,3,-
DA:610,0
BRDA:610,0,0,-
BRDA:610,0,1,-
BRDA:610,0,2,-
BRDA:610,0,3,-
DA:611,0
BRDA:611,0,0,-
BRDA:611,0,1,-
DA:612,0
BRDA:612,0,0,-
BRDA:612,0,1,-
BRDA:612,0,2,-
BRDA:612,0,3,-
DA:613,0
BRDA:613,0,0,-
BRDA:613,0,1,-
DA:614,0
BRDA:614,0,0,-
BRDA:614,0,1,-
BRDA:614,0,2,-
BRDA:614,0,3,-
DA:618,0
BRDA:618,0,0,-
BRDA:618,0,1,-
DA:619,0
BRDA:619,0,0,-
BRDA:619,0,1,-
BRDA:619,0,2,-
BRDA:619,0,3,-
DA:620,0
BRDA:620,0,0,-
BRDA:620,0,1,-
BRDA:620,0,2,-
BRDA:620,0,3,-
DA:621,0
BRDA:621,0,0,-
BRDA:621,0,1,-
DA:622,0
BRDA:622,0,0,-
BRDA:622,0,1,-
BRDA:622,0,2,-
BRDA:622,0,3,-
DA:623,0
BRDA:623,0,0,-
BRDA:623,0,1,-
DA:624,0
BRDA:624,0,0,-
BRDA:624,0,1,-
BRDA:624,0,2,-
BRDA:624,0,3,-
DA:628,0
BRDA:628,0,0,-
BRDA:628,0,1,-
DA:629,0
BRDA:629,0,0,-
BRDA:629,0,1,-
BRDA:629,0,2,-
BRDA:629,0,3,-
DA:630,0
BRDA:630,0,0,-
BRDA:630,0,1,-
BRDA:630,0,2,-
BRDA:630,0,3,-
DA:631,0
BRDA:631,0,0,-
BRDA:631,0,1,-
DA:632,0
BRDA:632,0,0,-
BRDA:632,0,1,-
BRDA:632,0,2,-
BRDA:632,0,3,-
DA:633,0
BRDA:633,0,0,-
BRDA:633,0,1,-
DA:634,0
BRDA:634,0,0,-
BRDA:634,0,1,-
BRDA:634,0,2,-
BRDA:634,0,3,-
DA:638,0
BRDA:638,0,0,-
BRDA:638,0,1,-
DA:639,0
BRDA:639,0,0,-
BRDA:639,0,1,-
BRDA:639,0,2,-
BRDA:639,0,3,-
DA:640,0
BRDA:640,0,0,-
BRDA:640,0,1,-
BRDA:640,0,2,-
BRDA:640,0,3,-
DA:641,0
BRDA:641,0,0,-
BRDA:641,0,1,-
DA:642,0
BRDA:642,0,0,-
BRDA:642,0,1,-
BRDA:642,0,2,-
BRDA:642,0,3,-
DA:643,0
BRDA:643,0,0,-
BRDA:643,0,1,-
DA:644,0
BRDA:644,0,0,-
BRDA:644,0,1,-
BRDA:644,0,2,-
BRDA:644,0,3,-
DA:648,0
BRDA:648,0,0,-
BRDA:648,0,1,-
DA:649,0
BRDA:649,0,0,-
BRDA:649,0,1,-
BRDA:649,0,2,-
BRDA:649,0,3,-
DA:650,0
BRDA:650,0,0,-
BRDA:650,0,1,-
BRDA:650,0,2,-
BRDA:650,0,3,-
DA:651,0
BRDA:651,0,0,-
BRDA:651,0,1,-
DA:652,0
BRDA:652,0,0,-
BRDA:652,0,1,-
BRDA:652,0,2,-
BRDA:652,0,3,-
DA:653,0
BRDA:653,0,0,-
BRDA:653,0,1,-
DA:654,0
BRDA:654,0,0,-
BRDA:654,0,1,-
BRDA:654,0,2,-
BRDA:654,0,3,-
DA:658,0
BRDA:658,0,0,-
BRDA:658,0,1,-
DA:659,0
BRDA:659,0,0,-
BRDA:659,0,1,-
BRDA:659,0,2,-
BRDA:659,0,3,-
DA:660,0
BRDA:660,0,0,-
BRDA:660,0,1,-
BRDA:660,0,2,-
BRDA:660,0,3,-
DA:661,0
BRDA:661,0,0,-
BRDA:661,0,1,-
DA:662,0
BRDA:662,0,0,-
BRDA:662,0,1,-
BRDA:662,0,2,-
BRDA:662,0,3,-
DA:663,0
BRDA:663,0,0,-
BRDA:663,0,1,-
DA:664,0
BRDA:664,0,0,-
BRDA:664,0,1,-
BRDA:664,0,2,-
BRDA:664,0,3,-
DA:668,0
BRDA:668,0,0,-
BRDA:668,0,1,-
DA:669,0
BRDA:669,0,0,-
BRDA:669,0,1,-
BRDA:669,0,2,-
BRDA:669,0,3,-
DA:670,0
BRDA:670,0,0,-
BRDA:670,0,1,-
BRDA:670,0,2,-
BRDA:670,0,3,-
DA:671,0
BRDA:671,0,0,-
BRDA:671,0,1,-
DA:672,0
BRDA:672,0,0,-
BRDA:672,0,1,-
BRDA:672,0,2,-
BRDA:672,0,3,-
DA:673,0
BRDA:673,0,0,-
BRDA:673,0,1,-
DA:674,0
BRDA:674,0,0,-
BRDA:674,0,1,-
BRDA:674,0,2,-
BRDA:674,0,3,-
DA:678,0
BRDA:678,0,0,-
BRDA:678,0,1,-
DA:679,0
BRDA:679,0,0,-
BRDA:679,0,1,-
BRDA:679,0,2,-
BRDA:679,0,3,-
DA:680,0
BRDA:680,0,0,-
BRDA:680,0,1,-
BRDA:680,0,2,-
BRDA:680,0,3,-
DA:681,0
BRDA:681,0,0,-
BRDA:681,0,1,-
DA:682,0
BRDA:682,0,0,-
BRDA:682,0,1,-
BRDA:682,0,2,-
BRDA:682,0,3,-
DA:683,0
BRDA:683,0,0,-
BRDA:683,0,1,-
DA:684,0
BRDA:684,0,0,-
BRDA:684,0,1,-
BRDA:684,0,2,-
BRDA:684,0,3,-
DA:688,0
BRDA:688,0,0,-
BRDA:688,0,1,-
DA:689,0
BRDA:689,0,0,-
BRDA:689,0,1,-
BRDA:689,0,2,-
BRDA:689,0,3,-
DA:690,0
BRDA:690,0,0,-
BRDA:690,0,1,-
BRDA:690,0,2,-
BRDA:690,0,3,-
DA:691,0
BRDA:691,0,0,-
BRDA:691,0,1,-
DA:692,0
BRDA:692,0,0,-
BRDA:692,0,1,-
BRDA:692,0,2,-
BRDA:692,0,3,-
DA:693,0
BRDA:693,0,0,-
BRDA:693,0,1,-
DA:694,0
BRDA:694,0,0,-
BRDA:694,0,1,-
BRDA:694,0,2,-
BRDA:694,0,3,-
DA:698,0
BRDA:698,0,0,-
BRDA:698,0,1,-
DA:699,0
BRDA:699,0,0,-
BRDA:699,0,1,-
BRDA:699,0,2,-
BRDA:699,0,3,-
DA:700,0
BRDA:700,0,0,-
BRDA:700,0,1,-
BRDA:700,0,2,-
BRDA:700,0,3,-
DA:701,0
BRDA:701,0,0,-
BRDA:701,0,1,-
DA:702,0
BRDA:702,0,0,-
BRDA:702,0,1,-
BRDA:702,0,2,-
BRDA:702,0,3,-
DA:703,0
BRDA:703,0,0,-
BRDA:703,0,1,-
DA:704,0
BRDA:704,0,0,-
BRDA:704,0,1,-
BRDA:704,0,2,-
BRDA:704,0,3,-
DA:708,0
BRDA:708,0,0,-
BRDA:708,0,1,-
DA:709,0
BRDA:709,0,0,-
BRDA:709,0,1,-
BRDA:709,0,2,-
BRDA:709,0,3,-
DA:710,0
BRDA:710,0,0,-
BRDA:710,0,1,-
BRDA:710,0,2,-
BRDA:710,0,3,-
DA:711,0
BRDA:711,0,0,-
BRDA:711,0,1,-
DA:712,0
BRDA:712,0,0,-
BRDA:712,0,1,-
BRDA:712,0,2,-
BRDA:712,0,3,-
DA:713,0
BRDA:713,0,0,-
BRDA:713,0,1,-
DA:714,0
BRDA:714,0,0,-
BRDA:714,0,1,-
BRDA:714,0,2,-
BRDA:714,0,3,-
DA:718,0
BRDA:718,0,0,-
BRDA:718,0,1,-
DA:719,0
BRDA:719,0,0,-
BRDA:719,0,1,-
BRDA:719,0,2,-
BRDA:719,0,3,-
DA:720,0
BRDA:720,0,0,-
BRDA:720,0,1,-
BRDA:720,0,2,-
BRDA:720,0,3,-
DA:721,0
BRDA:721,0,0,-
BRDA:721,0,1,-
DA:722,0
DA:723,0
BRDA:723,0,0,-
BRDA:723,0,1,-
DA:724,0
BRDA:724,0,0,-
BRDA:724,0,1,-
DA:725,0
BRDA:725,0,0,-
BRDA:725,0,1,-
BRDA:725,0,2,-
BRDA:725,0,3,-
DA:726,0
BRDA:726,0,0,-
BRDA:726,0,1,-
DA:727,0
BRDA:727,0,0,-
BRDA:727,0,1,-
BRDA:727,0,2,-
BRDA:727,0,3,-
DA:731,0
BRDA:731,0,0,-
BRDA:731,0,1,-
DA:732,0
BRDA:732,0,0,-
BRDA:732,0,1,-
BRDA:732,0,2,-
BRDA:732,0,3,-
DA:733,0
BRDA:733,0,0,-
BRDA:733,0,1,-
BRDA:733,0,2,-
BRDA:733,0,3,-
DA:734,0
BRDA:734,0,0,-
BRDA:734,0,1,-
DA:735,0
BRDA:735,0,0,-
BRDA:735,0,1,-
BRDA:735,0,2,-
BRDA:735,0,3,-
DA:736,0
BRDA:736,0,0,-
BRDA:736,0,1,-
DA:737,0
BRDA:737,0,0,-
BRDA:737,0,1,-
BRDA:737,0,2,-
BRDA:737,0,3,-
DA:741,0
BRDA:741,0,0,-
BRDA:741,0,1,-
DA:742,0
BRDA:742,0,0,-
BRDA:742,0,1,-
BRDA:742,0,2,-
BRDA:742,0,3,-
DA:743,0
BRDA:743,0,0,-
BRDA:743,0,1,-
BRDA:743,0,2,-
BRDA:743,0,3,-
DA:744,0
BRDA:744,0,0,-
BRDA:744,0,1,-
DA:745,0
BRDA:745,0,0,-
BRDA:745,0,1,-
BRDA:745,0,2,-
BRDA:745,0,3,-
DA:746,0
BRDA:746,0,0,-
BRDA:746,0,1,-
DA:747,0
BRDA:747,0,0,-
BRDA:747,0,1,-
BRDA:747,0,2,-
BRDA:747,0,3,-
DA:751,0
BRDA:751,0,0,-
BRDA:751,0,1,-
DA:752,0
BRDA:752,0,0,-
BRDA:752,0,1,-
BRDA:752,0,2,-
BRDA:752,0,3,-
DA:753,0
BRDA:753,0,0,-
BRDA:753,0,1,-
BRDA:753,0,2,-
BRDA:753,0,3,-
DA:754,0
BRDA:754,0,0,-
BRDA:754,0,1,-
DA:755,0
BRDA:755,0,0,-
BRDA:755,0,1,-
BRDA:755,0,2,-
BRDA:755,0,3,-
DA:756,0
BRDA:756,0,0,-
BRDA:756,0,1,-
DA:757,0
BRDA:757,0,0,-
BRDA:757,0,1,-
BRDA:757,0,2,-
BRDA:757,0,3,-
DA:761,0
BRDA:761,0,0,-
BRDA:761,0,1,-
DA:762,0
BRDA:762,0,0,-
BRDA:762,0,1,-
BRDA:762,0,2,-
BRDA:762,0,3,-
DA:763,0
BRDA:763,0,0,-
BRDA:763,0,1,-
BRDA:763,0,2,-
BRDA:763,0,3,-
DA:764,0
BRDA:764,0,0,-
BRDA:764,0,1,-
DA:765,0
BRDA:765,0,0,-
BRDA:765,0,1,-
BRDA:765,0,2,-
BRDA:765,0,3,-
DA:766,0
BRDA:766,0,0,-
BRDA:766,0,1,-
DA:767,0
BRDA:767,0,0,-
BRDA:767,0,1,-
BRDA:767,0,2,-
BRDA:767,0,3,-
DA:771,0
BRDA:771,0,0,-
BRDA:771,0,1,-
DA:772,0
BRDA:772,0,0,-
BRDA:772,0,1,-
BRDA:772,0,2,-
BRDA:772,0,3,-
DA:773,0
BRDA:773,0,0,-
BRDA:773,0,1,-
BRDA:773,0,2,-
BRDA:773,0,3,-
DA:774,0
BRDA:774,0,0,-
BRDA:774,0,1,-
DA:775,0
BRDA:775,0,0,-
BRDA:775,0,1,-
BRDA:775,0,2,-
BRDA:775,0,3,-
DA:776,0
BRDA:776,0,0,-
BRDA:776,0,1,-
DA:777,0
BRDA:777,0,0,-
BRDA:777,0,1,-
BRDA:777,0,2,-
BRDA:777,0,3,-
DA:781,0
BRDA:781,0,0,-
BRDA:781,0,1,-
DA:782,0
BRDA:782,0,0,-
BRDA:782,0,1,-
BRDA:782,0,2,-
BRDA:782,0,3,-
DA:783,0
BRDA:783,0,0,-
BRDA:783,0,1,-
BRDA:783,0,2,-
BRDA:783,0,3,-
DA:784,0
BRDA:784,0,0,-
BRDA:784,0,1,-
DA:785,0
BRDA:785,0,0,-
BRDA:785,0,1,-
BRDA:785,0,2,-
BRDA:785,0,3,-
DA:786,0
BRDA:786,0,0,-
BRDA:786,0,1,-
DA:787,0
BRDA:787,0,0,-
BRDA:787,0,1,-
BRDA:787,0,2,-
BRDA:787,0,3,-
DA:791,0
BRDA:791,0,0,-
BRDA:791,0,1,-
DA:792,0
BRDA:792,0,0,-
BRDA:792,0,1,-
BRDA:792,0,2,-
BRDA:792,0,3,-
DA:793,0
BRDA:793,0,0,-
BRDA:793,0,1,-
BRDA:793,0,2,-
BRDA:793,0,3,-
DA:794,0
BRDA:794,0,0,-
BRDA:794,0,1,-
DA:795,0
BRDA:795,0,0,-
BRDA:795,0,1,-
BRDA:795,0,2,-
BRDA:795,0,3,-
DA:796,0
BRDA:796,0,0,-
BRDA:796,0,1,-
DA:797,0
BRDA:797,0,0,-
BRDA:797,0,1,-
BRDA:797,0,2,-
BRDA:797,0,3,-
DA:801,0
BRDA:801,0,0,-
BRDA:801,0,1,-
DA:802,0
BRDA:802,0,0,-
BRDA:802,0,1,-
BRDA:802,0,2,-
BRDA:802,0,3,-
DA:803,0
BRDA:803,0,0,-
BRDA:803,0,1,-
BRDA:803,0,2,-
BRDA:803,0,3,-
DA:804,0
BRDA:804,0,0,-
BRDA:804,0,1,-
DA:805,0
BRDA:805,0,0,-
BRDA:805,0,1,-
BRDA:805,0,2,-
BRDA:805,0,3,-
DA:806,0
BRDA:806,0,0,-
BRDA:806,0,1,-
DA:807,0
BRDA:807,0,0,-
BRDA:807,0,1,-
BRDA:807,0,2,-
BRDA:807,0,3,-
DA:811,0
BRDA:811,0,0,-
BRDA:811,0,1,-
DA:812,0
BRDA:812,0,0,-
BRDA:812,0,1,-
BRDA:812,0,2,-
BRDA:812,0,3,-
DA:813,0
BRDA:813,0,0,-
BRDA:813,0,1,-
BRDA:813,0,2,-
BRDA:813,0,3,-
DA:814,0
BRDA:814,0,0,-
BRDA:814,0,1,-
DA:815,0
BRDA:815,0,0,-
BRDA:815,0,1,-
BRDA:815,0,2,-
BRDA:815,0,3,-
DA:816,0
BRDA:816,0,0,-
BRDA:816,0,1,-
DA:817,0
BRDA:817,0,0,-
BRDA:817,0,1,-
BRDA:817,0,2,-
BRDA:817,0,3,-
DA:821,0
BRDA:821,0,0,-
BRDA:821,0,1,-
DA:822,0
BRDA:822,0,0,-
BRDA:822,0,1,-
BRDA:822,0,2,-
BRDA:822,0,3,-
DA:823,0
BRDA:823,0,0,-
BRDA:823,0,1,-
BRDA:823,0,2,-
BRDA:823,0,3,-
DA:824,0
BRDA:824,0,0,-
BRDA:824,0,1,-
DA:825,0
BRDA:825,0,0,-
BRDA:825,0,1,-
BRDA:825,0,2,-
BRDA:825,0,3,-
DA:826,0
BRDA:826,0,0,-
BRDA:826,0,1,-
DA:827,0
BRDA:827,0,0,-
BRDA:827,0,1,-
BRDA:827,0,2,-
BRDA:827,0,3,-
DA:831,0
BRDA:831,0,0,-
BRDA:831,0,1,-
DA:832,0
BRDA:832,0,0,-
BRDA:832,0,1,-
BRDA:832,0,2,-
BRDA:832,0,3,-
DA:833,0
BRDA:833,0,0,-
BRDA:833,0,1,-
BRDA:833,0,2,-
BRDA:833,0,3,-
DA:834,0
BRDA:834,0,0,-
BRDA:834,0,1,-
DA:835,0
BRDA:835,0,0,-
BRDA:835,0,1,-
BRDA:835,0,2,-
BRDA:835,0,3,-
DA:836,0
BRDA:836,0,0,-
BRDA:836,0,1,-
DA:837,0
BRDA:837,0,0,-
BRDA:837,0,1,-
BRDA:837,0,2,-
BRDA:837,0,3,-
DA:841,0
BRDA:841,0,0,-
BRDA:841,0,1,-
DA:842,0
BRDA:842,0,0,-
BRDA:842,0,1,-
BRDA:842,0,2,-
BRDA:842,0,3,-
DA:843,0
BRDA:843,0,0,-
BRDA:843,0,1,-
BRDA:843,0,2,-
BRDA:843,0,3,-
DA:844,0
BRDA:844,0,0,-
BRDA:844,0,1,-
DA:845,0
BRDA:845,0,0,-
BRDA:845,0,1,-
BRDA:845,0,2,-
BRDA:845,0,3,-
DA:846,0
BRDA:846,0,0,-
BRDA:846,0,1,-
DA:847,0
BRDA:847,0,0,-
BRDA:847,0,1,-
BRDA:847,0,2,-
BRDA:847,0,3,-
DA:851,0
BRDA:851,0,0,-
BRDA:851,0,1,-
DA:852,0
BRDA:852,0,0,-
BRDA:852,0,1,-
BRDA:852,0,2,-
BRDA:852,0,3,-
DA:853,0
BRDA:853,0,0,-
BRDA:853,0,1,-
BRDA:853,0,2,-
BRDA:853,0,3,-
DA:854,0
BRDA:854,0,0,-
BRDA:854,0,1,-
DA:855,0
BRDA:855,0,0,-
BRDA:855,0,1,-
BRDA:855,0,2,-
BRDA:855,0,3,-
DA:856,0
BRDA:856,0,0,-
BRDA:856,0,1,-
DA:857,0
BRDA:857,0,0,-
BRDA:857,0,1,-
BRDA:857,0,2,-
BRDA:857,0,3,-
DA:861,0
BRDA:861,0,0,-
BRDA:861,0,1,-
DA:862,0
BRDA:862,0,0,-
BRDA:862,0,1,-
BRDA:862,0,2,-
BRDA:862,0,3,-
DA:863,0
BRDA:863,0,0,-
BRDA:863,0,1,-
BRDA:863,0,2,-
BRDA:863,0,3,-
DA:864,0
BRDA:864,0,0,-
BRDA:864,0,1,-
DA:865,0
BRDA:865,0,0,-
BRDA:865,0,1,-
BRDA:865,0,2,-
BRDA:865,0,3,-
DA:866,0
BRDA:866,0,0,-
BRDA:866,0,1,-
DA:867,0
BRDA:867,0,0,-
BRDA:867,0,1,-
BRDA:867,0,2,-
BRDA:867,0,3,-
DA:871,0
BRDA:871,0,0,-
BRDA:871,0,1,-
DA:872,0
BRDA:872,0,0,-
BRDA:872,0,1,-
BRDA:872,0,2,-
BRDA:872,0,3,-
DA:873,0
BRDA:873,0,0,-
BRDA:873,0,1,-
BRDA:873,0,2,-
BRDA:873,0,3,-
DA:874,0
BRDA:874,0,0,-
BRDA:874,0,1,-
DA:875,0
BRDA:875,0,0,-
BRDA:875,0,1,-
BRDA:875,0,2,-
BRDA:875,0,3,-
DA:876,0
BRDA:876,0,0,-
BRDA:876,0,1,-
DA:877,0
BRDA:877,0,0,-
BRDA:877,0,1,-
BRDA:877,0,2,-
BRDA:877,0,3,-
DA:881,0
BRDA:881,0,0,-
BRDA:881,0,1,-
DA:882,0
BRDA:882,0,0,-
BRDA:882,0,1,-
BRDA:882,0,2,-
BRDA:882,0,3,-
DA:883,0
BRDA:883,0,0,-
BRDA:883,0,1,-
BRDA:883,0,2,-
BRDA:883,0,3,-
DA:884,0
BRDA:884,0,0,-
BRDA:884,0,1,-
DA:885,0
BRDA:885,0,0,-
BRDA:885,0,1,-
BRDA:885,0,2,-
BRDA:885,0,3,-
DA:886,0
BRDA:886,0,0,-
BRDA:886,0,1,-
DA:887,0
BRDA:887,0,0,-
BRDA:887,0,1,-
BRDA:887,0,2,-
BRDA:887,0,3,-
DA:891,0
BRDA:891,0,0,-
BRDA:891,0,1,-
DA:892,0
BRDA:892,0,0,-
BRDA:892,0,1,-
BRDA:892,0,2,-
BRDA:892,0,3,-
DA:893,0
BRDA:893,0,0,-
BRDA:893,0,1,-
BRDA:893,0,2,-
BRDA:893,0,3,-
DA:894,0
BRDA:894,0,0,-
BRDA:894,0,1,-
DA:895,0
BRDA:895,0,0,-
BRDA:895,0,1,-
BRDA:895,0,2,-
BRDA:895,0,3,-
DA:896,0
BRDA:896,0,0,-
BRDA:896,0,1,-
DA:897,0
BRDA:897,0,0,-
BRDA:897,0,1,-
BRDA:897,0,2,-
BRDA:897,0,3,-
DA:901,0
BRDA:901,0,0,-
BRDA:901,0,1,-
DA:902,0
BRDA:902,0,0,-
BRDA:902,0,1,-
BRDA:902,0,2,-
BRDA:902,0,3,-
DA:903,0
BRDA:903,0,0,-
BRDA:903,0,1,-
BRDA:903,0,2,-
BRDA:903,0,3,-
DA:904,0
BRDA:904,0,0,-
BRDA:904,0,1,-
DA:905,0
BRDA:905,0,0,-
BRDA:905,0,1,-
BRDA:905,0,2,-
BRDA:905,0,3,-
DA:906,0
BRDA:906,0,0,-
BRDA:906,0,1,-
DA:907,0
BRDA:907,0,0,-
BRDA:907,0,1,-
BRDA:907,0,2,-
BRDA:907,0,3,-
DA:911,0
BRDA:911,0,0,-
BRDA:911,0,1,-
DA:912,0
BRDA:912,0,0,-
BRDA:912,0,1,-
BRDA:912,0,2,-
BRDA:912,0,3,-
DA:913,0
BRDA:913,0,0,-
BRDA:913,0,1,-
BRDA:913,0,2,-
BRDA:913,0,3,-
DA:914,0
BRDA:914,0,0,-
BRDA:914,0,1,-
DA:915,0
BRDA:915,0,0,-
BRDA:915,0,1,-
BRDA:915,0,2,-
BRDA:915,0,3,-
DA:916,0
BRDA:916,0,0,-
BRDA:916,0,1,-
DA:917,0
BRDA:917,0,0,-
BRDA:917,0,1,-
BRDA:917,0,2,-
BRDA:917,0,3,-
DA:921,0
BRDA:921,0,0,-
BRDA:921,0,1,-
DA:922,0
BRDA:922,0,0,-
BRDA:922,0,1,-
BRDA:922,0,2,-
BRDA:922,0,3,-
DA:923,0
BRDA:923,0,0,-
BRDA:923,0,1,-
BRDA:923,0,2,-
BRDA:923,0,3,-
DA:924,0
BRDA:924,0,0,-
BRDA:924,0,1,-
DA:925,0
BRDA:925,0,0,-
BRDA:925,0,1,-
BRDA:925,0,2,-
BRDA:925,0,3,-
DA:926,0
BRDA:926,0,0,-
BRDA:926,0,1,-
DA:927,0
BRDA:927,0,0,-
BRDA:927,0,1,-
BRDA:927,0,2,-
BRDA:927,0,3,-
DA:931,0
BRDA:931,0,0,-
BRDA:931,0,1,-
DA:932,0
BRDA:932,0,0,-
BRDA:932,0,1,-
BRDA:932,0,2,-
BRDA:932,0,3,-
DA:933,0
BRDA:933,0,0,-
BRDA:933,0,1,-
BRDA:933,0,2,-
BRDA:933,0,3,-
DA:934,0
BRDA:934,0,0,-
BRDA:934,0,1,-
DA:935,0
BRDA:935,0,0,-
BRDA:935,0,1,-
BRDA:935,0,2,-
BRDA:935,0,3,-
DA:936,0
BRDA:936,0,0,-
BRDA:936,0,1,-
DA:937,0
BRDA:937,0,0,-
BRDA:937,0,1,-
BRDA:937,0,2,-
BRDA:937,0,3,-
DA:941,0
BRDA:941,0,0,-
BRDA:941,0,1,-
DA:942,0
BRDA:942,0,0,-
BRDA:942,0,1,-
BRDA:942,0,2,-
BRDA:942,0,3,-
DA:943,0
BRDA:943,0,0,-
BRDA:943,0,1,-
BRDA:943,0,2,-
BRDA:943,0,3,-
DA:944,0
BRDA:944,0,0,-
BRDA:944,0,1,-
DA:945,0
BRDA:945,0,0,-
BRDA:945,0,1,-
BRDA:945,0,2,-
BRDA:945,0,3,-
DA:946,0
BRDA:946,0,0,-
BRDA:946,0,1,-
DA:947,0
BRDA:947,0,0,-
BRDA:947,0,1,-
BRDA:947,0,2,-
BRDA:947,0,3,-
DA:951,0
BRDA:951,0,0,-
BRDA:951,0,1,-
DA:952,0
BRDA:952,0,0,-
BRDA:952,0,1,-
BRDA:952,0,2,-
BRDA:952,0,3,-
DA:953,0
BRDA:953,0,0,-
BRDA:953,0,1,-
BRDA:953,0,2,-
BRDA:953,0,3,-
DA:954,0
BRDA:954,0,0,-
BRDA:954,0,1,-
DA:955,0
BRDA:955,0,0,-
BRDA:955,0,1,-
BRDA:955,0,2,-
BRDA:955,0,3,-
DA:956,0
BRDA:956,0,0,-
BRDA:956,0,1,-
DA:957,0
BRDA:957,0,0,-
BRDA:957,0,1,-
BRDA:957,0,2,-
BRDA:957,0,3,-
DA:961,0
BRDA:961,0,0,-
BRDA:961,0,1,-
DA:962,0
BRDA:962,0,0,-
BRDA:962,0,1,-
BRDA:962,0,2,-
BRDA:962,0,3,-
DA:963,0
BRDA:963,0,0,-
BRDA:963,0,1,-
BRDA:963,0,2,-
BRDA:963,0,3,-
DA:964,0
BRDA:964,0,0,-
BRDA:964,0,1,-
DA:965,0
BRDA:965,0,0,-
BRDA:965,0,1,-
BRDA:965,0,2,-
BRDA:965,0,3,-
DA:966,0
BRDA:966,0,0,-
BRDA:966,0,1,-
DA:967,0
BRDA:967,0,0,-
BRDA:967,0,1,-
BRDA:967,0,2,-
BRDA:967,0,3,-
DA:971,0
BRDA:971,0,0,-
BRDA:971,0,1,-
DA:972,0
BRDA:972,0,0,-
BRDA:972,0,1,-
BRDA:972,0,2,-
BRDA:972,0,3,-
DA:973,0
BRDA:973,0,0,-
BRDA:973,0,1,-
BRDA:973,0,2,-
BRDA:973,0,3,-
DA:974,0
BRDA:974,0,0,-
BRDA:974,0,1,-
DA:975,0
BRDA:975,0,0,-
BRDA:975,0,1,-
BRDA:975,0,2,-
BRDA:975,0,3,-
DA:976,0
BRDA:976,0,0,-
BRDA:976,0,1,-
DA:977,0
BRDA:977,0,0,-
BRDA:977,0,1,-
BRDA:977,0,2,-
BRDA:977,0,3,-
DA:981,0
BRDA:981,0,0,-
BRDA:981,0,1,-
DA:982,0
BRDA:982,0,0,-
BRDA:982,0,1,-
BRDA:982,0,2,-
BRDA:982,0,3,-
DA:983,0
BRDA:983,0,0,-
BRDA:983,0,1,-
BRDA:983,0,2,-
BRDA:983,0,3,-
DA:984,0
BRDA:984,0,0,-
BRDA:984,0,1,-
DA:985,0
BRDA:985,0,0,-
BRDA:985,0,1,-
BRDA:985,0,2,-
BRDA:985,0,3,-
DA:986,0
BRDA:986,0,0,-
BRDA:986,0,1,-
DA:987,0
BRDA:987,0,0,-
BRDA:987,0,1,-
BRDA:987,0,2,-
BRDA:987,0,3,-
DA:991,0
BRDA:991,0,0,-
BRDA:991,0,1,-
DA:992,0
BRDA:992,0,0,-
BRDA:992,0,1,-
BRDA:992,0,2,-
BRDA:992,0,3,-
DA:993,0
BRDA:993,0,0,-
BRDA:993,0,1,-
BRDA:993,0,2,-
BRDA:993,0,3,-
DA:994,0
BRDA:994,0,0,-
BRDA:994,0,1,-
DA:995,0
BRDA:995,0,0,-
BRDA:995,0,1,-
BRDA:995,0,2,-
BRDA:995,0,3,-
DA:996,0
BRDA:996,0,0,-
BRDA:996,0,1,-
DA:997,0
BRDA:997,0,0,-
BRDA:997,0,1,-
BRDA:997,0,2,-
BRDA:997,0,3,-
DA:1001,0
BRDA:1001,0,0,-
BRDA:1001,0,1,-
DA:1002,0
BRDA:1002,0,0,-
BRDA:1002,0,1,-
BRDA:1002,0,2,-
BRDA:1002,0,3,-
DA:1003,0
BRDA:1003,0,0,-
BRDA:1003,0,1,-
BRDA:1003,0,2,-
BRDA:1003,0,3,-
DA:1004,0
BRDA:1004,0,0,-
BRDA:1004,0,1,-
DA:1005,0
BRDA:1005,0,0,-
BRDA:1005,0,1,-
BRDA:1005,0,2,-
BRDA:1005,0,3,-
DA:1006,0
BRDA:1006,0,0,-
BRDA:1006,0,1,-
DA:1007,0
BRDA:1007,0,0,-
BRDA:1007,0,1,-
BRDA:1007,0,2,-
BRDA:1007,0,3,-
DA:1011,0
BRDA:1011,0,0,-
BRDA:1011,0,1,-
DA:1012,0
BRDA:1012,0,0,-
BRDA:1012,0,1,-
BRDA:1012,0,2,-
BRDA:1012,0,3,-
DA:1013,0
BRDA:1013,0,0,-
BRDA:1013,0,1,-
BRDA:1013,0,2,-
BRDA:1013,0,3,-
DA:1014,0
BRDA:1014,0,0,-
BRDA:1014,0,1,-
DA:1015,0
BRDA:1015,0,0,-
BRDA:1015,0,1,-
BRDA:1015,0,2,-
BRDA:1015,0,3,-
DA:1016,0
BRDA:1016,0,0,-
BRDA:1016,0,1,-
DA:1017,0
BRDA:1017,0,0,-
BRDA:1017,0,1,-
BRDA:1017,0,2,-
BRDA:1017,0,3,-
DA:1021,0
BRDA:1021,0,0,-
BRDA:1021,0,1,-
DA:1022,0
BRDA:1022,0,0,-
BRDA:1022,0,1,-
BRDA:1022,0,2,-
BRDA:1022,0,3,-
DA:1023,0
BRDA:1023,0,0,-
BRDA:1023,0,1,-
BRDA:1023,0,2,-
BRDA:1023,0,3,-
DA:1024,0
BRDA:1024,0,0,-
BRDA:1024,0,1,-
DA:1025,0
BRDA:1025,0,0,-
BRDA:1025,0,1,-
BRDA:1025,0,2,-
BRDA:1025,0,3,-
DA:1026,0
BRDA:1026,0,0,-
BRDA:1026,0,1,-
DA:1027,0
BRDA:1027,0,0,-
BRDA:1027,0,1,-
BRDA:1027,0,2,-
BRDA:1027,0,3,-
DA:1031,0
BRDA:1031,0,0,-
BRDA:1031,0,1,-
DA:1032,0
BRDA:1032,0,0,-
BRDA:1032,0,1,-
BRDA:1032,0,2,-
BRDA:1032,0,3,-
DA:1033,0
BRDA:1033,0,0,-
BRDA:1033,0,1,-
BRDA:1033,0,2,-
BRDA:1033,0,3,-
DA:1034,0
BRDA:1034,0,0,-
BRDA:1034,0,1,-
DA:1035,0
BRDA:1035,0,0,-
BRDA:1035,0,1,-
BRDA:1035,0,2,-
BRDA:1035,0,3,-
DA:1036,0
BRDA:1036,0,0,-
BRDA:1036,0,1,-
DA:1037,0
BRDA:1037,0,0,-
BRDA:1037,0,1,-
BRDA:1037,0,2,-
BRDA:1037,0,3,-
DA:1041,0
BRDA:1041,0,0,-
BRDA:1041,0,1,-
DA:1042,0
BRDA:1042,0,0,-
BRDA:1042,0,1,-
BRDA:1042,0,2,-
BRDA:1042,0,3,-
DA:1043,0
BRDA:1043,0,0,-
BRDA:1043,0,1,-
BRDA:1043,0,2,-
BRDA:1043,0,3,-
DA:1044,0
BRDA:1044,0,0,-
BRDA:1044,0,1,-
DA:1045,0
BRDA:1045,0,0,-
BRDA:1045,0,1,-
BRDA:1045,0,2,-
BRDA:1045,0,3,-
DA:1046,0
BRDA:1046,0,0,-
BRDA:1046,0,1,-
DA:1047,0
BRDA:1047,0,0,-
BRDA:1047,0,1,-
BRDA:1047,0,2,-
BRDA:1047,0,3,-
DA:1051,0
BRDA:1051,0,0,-
BRDA:1051,0,1,-
DA:1052,0
BRDA:1052,0,0,-
BRDA:1052,0,1,-
BRDA:1052,0,2,-
BRDA:1052,0,3,-
DA:1053,0
BRDA:1053,0,0,-
BRDA:1053,0,1,-
BRDA:1053,0,2,-
BRDA:1053,0,3,-
DA:1054,0
BRDA:1054,0,0,-
BRDA:1054,0,1,-
DA:1055,0
BRDA:1055,0,0,-
BRDA:1055,0,1,-
BRDA:1055,0,2,-
BRDA:1055,0,3,-
DA:1056,0
BRDA:1056,0,0,-
BRDA:1056,0,1,-
DA:1057,0
BRDA:1057,0,0,-
BRDA:1057,0,1,-
BRDA:1057,0,2,-
BRDA:1057,0,3,-
DA:1061,0
BRDA:1061,0,0,-
BRDA:1061,0,1,-
DA:1062,0
BRDA:1062,0,0,-
BRDA:1062,0,1,-
BRDA:1062,0,2,-
BRDA:1062,0,3,-
DA:1063,0
BRDA:1063,0,0,-
BRDA:1063,0,1,-
BRDA:1063,0,2,-
BRDA:1063,0,3,-
DA:1064,0
BRDA:1064,0,0,-
BRDA:1064,0,1,-
DA:1065,0
BRDA:1065,0,0,-
BRDA:1065,0,1,-
BRDA:1065,0,2,-
BRDA:1065,0,3,-
DA:1066,0
BRDA:1066,0,0,-
BRDA:1066,0,1,-
DA:1067,0
BRDA:1067,0,0,-
BRDA:1067,0,1,-
BRDA:1067,0,2,-
BRDA:1067,0,3,-
DA:1071,0
BRDA:1071,0,0,-
BRDA:1071,0,1,-
DA:1072,0
BRDA:1072,0,0,-
BRDA:1072,0,1,-
BRDA:1072,0,2,-
BRDA:1072,0,3,-
DA:1073,0
BRDA:1073,0,0,-
BRDA:1073,0,1,-
BRDA:1073,0,2,-
BRDA:1073,0,3,-
DA:1074,0
BRDA:1074,0,0,-
BRDA:1074,0,1,-
DA:1075,0
BRDA:1075,0,0,-
BRDA:1075,0,1,-
BRDA:1075,0,2,-
BRDA:1075,0,3,-
DA:1076,0
BRDA:1076,0,0,-
BRDA:1076,0,1,-
DA:1077,0
BRDA:1077,0,0,-
BRDA:1077,0,1,-
BRDA:1077,0,2,-
BRDA:1077,0,3,-
DA:1081,0
BRDA:1081,0,0,-
BRDA:1081,0,1,-
DA:1082,0
BRDA:1082,0,0,-
BRDA:1082,0,1,-
BRDA:1082,0,2,-
BRDA:1082,0,3,-
DA:1083,0
BRDA:1083,0,0,-
BRDA:1083,0,1,-
BRDA:1083,0,2,-
BRDA:1083,0,3,-
DA:1084,0
BRDA:1084,0,0,-
BRDA:1084,0,1,-
DA:1085,0
BRDA:1085,0,0,-
BRDA:1085,0,1,-
BRDA:1085,0,2,-
BRDA:1085,0,3,-
DA:1086,0
BRDA:1086,0,0,-
BRDA:1086,0,1,-
DA:1087,0
BRDA:1087,0,0,-
BRDA:1087,0,1,-
BRDA:1087,0,2,-
BRDA:1087,0,3,-
DA:1091,0
BRDA:1091,0,0,-
BRDA:1091,0,1,-
DA:1092,0
BRDA:1092,0,0,-
BRDA:1092,0,1,-
BRDA:1092,0,2,-
BRDA:1092,0,3,-
DA:1093,0
BRDA:1093,0,0,-
BRDA:1093,0,1,-
BRDA:1093,0,2,-
BRDA:1093,0,3,-
DA:1094,0
BRDA:1094,0,0,-
BRDA:1094,0,1,-
DA:1095,0
BRDA:1095,0,0,-
BRDA:1095,0,1,-
BRDA:1095,0,2,-
BRDA:1095,0,3,-
DA:1096,0
BRDA:1096,0,0,-
BRDA:1096,0,1,-
DA:1097,0
BRDA:1097,0,0,-
BRDA:1097,0,1,-
BRDA:1097,0,2,-
BRDA:1097,0,3,-
DA:1101,0
BRDA:1101,0,0,-
BRDA:1101,0,1,-
DA:1102,0
BRDA:1102,0,0,-
BRDA:1102,0,1,-
BRDA:1102,0,2,-
BRDA:1102,0,3,-
DA:1103,0
BRDA:1103,0,0,-
BRDA:1103,0,1,-
BRDA:1103,0,2,-
BRDA:1103,0,3,-
DA:1104,0
BRDA:1104,0,0,-
BRDA:1104,0,1,-
DA:1105,0
BRDA:1105,0,0,-
BRDA:1105,0,1,-
BRDA:1105,0,2,-
BRDA:1105,0,3,-
DA:1106,0
BRDA:1106,0,0,-
BRDA:1106,0,1,-
DA:1107,0
BRDA:1107,0,0,-
BRDA:1107,0,1,-
BRDA:1107,0,2,-
BRDA:1107,0,3,-
DA:1111,0
BRDA:1111,0,0,-
BRDA:1111,0,1,-
DA:1112,0
BRDA:1112,0,0,-
BRDA:1112,0,1,-
BRDA:1112,0,2,-
BRDA:1112,0,3,-
DA:1113,0
BRDA:1113,0,0,-
BRDA:1113,0,1,-
BRDA:1113,0,2,-
BRDA:1113,0,3,-
DA:1114,0
BRDA:1114,0,0,-
BRDA:1114,0,1,-
DA:1115,0
BRDA:1115,0,0,-
BRDA:1115,0,1,-
BRDA:1115,0,2,-
BRDA:1115,0,3,-
DA:1116,0
BRDA:1116,0,0,-
BRDA:1116,0,1,-
DA:1117,0
BRDA:1117,0,0,-
BRDA:1117,0,1,-
BRDA:1117,0,2,-
BRDA:1117,0,3,-
DA:1121,0
BRDA:1121,0,0,-
BRDA:1121,0,1,-
DA:1122,0
BRDA:1122,0,0,-
BRDA:1122,0,1,-
BRDA:1122,0,2,-
BRDA:1122,0,3,-
DA:1123,0
BRDA:1123,0,0,-
BRDA:1123,0,1,-
BRDA:1123,0,2,-
BRDA:1123,0,3,-
DA:1124,0
BRDA:1124,0,0,-
BRDA:1124,0,1,-
DA:1125,0
BRDA:1125,0,0,-
BRDA:1125,0,1,-
BRDA:1125,0,2,-
BRDA:1125,0,3,-
DA:1126,0
BRDA:1126,0,0,-
BRDA:1126,0,1,-
DA:1127,0
BRDA:1127,0,0,-
BRDA:1127,0,1,-
BRDA:1127,0,2,-
BRDA:1127,0,3,-
DA:1131,0
BRDA:1131,0,0,-
BRDA:1131,0,1,-
DA:1132,0
BRDA:1132,0,0,-
BRDA:1132,0,1,-
BRDA:1132,0,2,-
BRDA:1132,0,3,-
DA:1133,0
BRDA:1133,0,0,-
BRDA:1133,0,1,-
BRDA:1133,0,2,-
BRDA:1133,0,3,-
DA:1134,0
BRDA:1134,0,0,-
BRDA:1134,0,1,-
DA:1135,0
BRDA:1135,0,0,-
BRDA:1135,0,1,-
BRDA:1135,0,2,-
BRDA:1135,0,3,-
DA:1136,0
BRDA:1136,0,0,-
BRDA:1136,0,1,-
DA:1137,0
BRDA:1137,0,0,-
BRDA:1137,0,1,-
BRDA:1137,0,2,-
BRDA:1137,0,3,-
DA:1141,0
BRDA:1141,0,0,-
BRDA:1141,0,1,-
DA:1142,0
BRDA:1142,0,0,-
BRDA:1142,0,1,-
BRDA:1142,0,2,-
BRDA:1142,0,3,-
DA:1143,0
BRDA:1143,0,0,-
BRDA:1143,0,1,-
BRDA:1143,0,2,-
BRDA:1143,0,3,-
DA:1144,0
BRDA:1144,0,0,-
BRDA:1144,0,1,-
DA:1145,0
BRDA:1145,0,0,-
BRDA:1145,0,1,-
BRDA:1145,0,2,-
BRDA:1145,0,3,-
DA:1146,0
BRDA:1146,0,0,-
BRDA:1146,0,1,-
DA:1147,0
BRDA:1147,0,0,-
BRDA:1147,0,1,-
BRDA:1147,0,2,-
BRDA:1147,0,3,-
DA:1151,0
BRDA:1151,0,0,-
BRDA:1151,0,1,-
DA:1152,0
BRDA:1152,0,0,-
BRDA:1152,0,1,-
BRDA:1152,0,2,-
BRDA:1152,0,3,-
DA:1153,0
BRDA:1153,0,0,-
BRDA:1153,0,1,-
BRDA:1153,0,2,-
BRDA:1153,0,3,-
DA:1154,0
BRDA:1154,0,0,-
BRDA:1154,0,1,-
DA:1155,0
BRDA:1155,0,0,-
BRDA:1155,0,1,-
DA:1156,0
BRDA:1156,0,0,-
BRDA:1156,0,1,-
BRDA:1156,0,2,-
BRDA:1156,0,3,-
DA:1157,0
BRDA:1157,0,0,-
BRDA:1157,0,1,-
DA:1158,0
BRDA:1158,0,0,-
BRDA:1158,0,1,-
BRDA:1158,0,2,-
BRDA:1158,0,3,-
DA:1159,0
BRDA:1159,0,0,-
BRDA:1159,0,1,-
BRDA:1159,0,2,-
BRDA:1159,0,3,-
DA:1160,0
BRDA:1160,0,0,-
BRDA:1160,0,1,-
BRDA:1160,0,2,-
BRDA:1160,0,3,-
DA:1161,0
BRDA:1161,0,0,-
BRDA:1161,0,1,-
DA:1162,0
BRDA:1162,0,0,-
BRDA:1162,0,1,-
DA:1163,0
BRDA:1163,0,0,-
BRDA:1163,0,1,-
BRDA:1163,0,2,-
BRDA:1163,0,3,-
DA:1164,0
BRDA:1164,0,0,-
BRDA:1164,0,1,-
BRDA:1164,0,2,-
BRDA:1164,0,3,-
DA:1165,0
BRDA:1165,0,0,-
BRDA:1165,0,1,-
BRDA:1165,0,2,-
BRDA:1165,0,3,-
DA:1166,0
BRDA:1166,0,0,-
BRDA:1166,0,1,-
DA:1167,0
BRDA:1167,0,0,-
BRDA:1167,0,1,-
DA:1168,0
BRDA:1168,0,0,-
BRDA:1168,0,1,-
BRDA:1168,0,2,-
BRDA:1168,0,3,-
DA:1169,0
BRDA:1169,0,0,-
BRDA:1169,0,1,-
BRDA:1169,0,2,-
BRDA:1169,0,3,-
DA:1170,0
BRDA:1170,0,0,-
BRDA:1170,0,1,-
BRDA:1170,0,2,-
BRDA:1170,0,3,-
DA:1171,0
BRDA:1171,0,0,-
BRDA:1171,0,1,-
DA:1172,0
BRDA:1172,0,0,-
BRDA:1172,0,1,-
DA:1173,0
BRDA:1173,0,0,-
BRDA:1173,0,1,-
BRDA:1173,0,2,-
BRDA:1173,0,3,-
DA:1174,0
BRDA:1174,0,0,-
BRDA:1174,0,1,-
BRDA:1174,0,2,-
BRDA:1174,0,3,-
DA:1175,0
BRDA:1175,0,0,-
BRDA:1175,0,1,-
BRDA:1175,0,2,-
BRDA:1175,0,3,-
DA:1176,0
BRDA:1176,0,0,-
BRDA:1176,0,1,-
DA:1177,0
BRDA:1177,0,0,-
BRDA:1177,0,1,-
DA:1178,0
BRDA:1178,0,0,-
BRDA:1178,0,1,-
BRDA:1178,0,2,-
BRDA:1178,0,3,-
DA:1179,0
BRDA:1179,0,0,-
BRDA:1179,0,1,-
BRDA:1179,0,2,-
BRDA:1179,0,3,-
DA:1180,0
BRDA:1180,0,0,-
BRDA:1180,0,1,-
BRDA:1180,0,2,-
BRDA:1180,0,3,-
DA:1181,0
BRDA:1181,0,0,-
BRDA:1181,0,1,-
DA:1182,0
BRDA:1182,0,0,-
BRDA:1182,0,1,-
DA:1183,0
BRDA:1183,0,0,-
BRDA:1183,0,1,-
BRDA:1183,0,2,-
BRDA:1183,0,3,-
DA:1184,0
BRDA:1184,0,0,-
BRDA:1184,0,1,-
BRDA:1184,0,2,-
BRDA:1184,0,3,-
DA:1185,0
BRDA:1185,0,0,-
BRDA:1185,0,1,-
DA:1186,0
BRDA:1186,0,0,-
BRDA:1186,0,1,-
DA:1188,0
BRDA:1188,0,0,-
BRDA:1188,0,1,-
DA:1190,0
BRDA:1190,0,0,-
BRDA:1190,0,1,-
DA:1191,0
DA:1193,0
DA:1195,0
BRDA:1195,0,0,-
BRDA:1195,0,1,-
DA:1196,0
BRDA:1196,0,0,-
BRDA:1196,0,1,-
DA:1197,0
BRDA:1197,0,0,-
BRDA:1197,0,1,-
DA:1198,0
BRDA:1198,0,0,-
BRDA:1198,0,1,-
DA:1199,0
BRDA:1199,0,0,-
BRDA:1199,0,1,-
DA:1200,0
BRDA:1200,0,0,-
BRDA:1200,0,1,-
DA:1201,0
BRDA:1201,0,0,-
BRDA:1201,0,1,-
DA:1202,0
BRDA:1202,0,0,-
BRDA:1202,0,1,-
DA:1203,0
BRDA:1203,0,0,-
BRDA:1203,0,1,-
DA:1204,0
BRDA:1204,0,0,-
BRDA:1204,0,1,-
DA:1205,0
BRDA:1205,0,0,-
BRDA:1205,0,1,-
DA:1206,0
BRDA:1206,0,0,-
BRDA:1206,0,1,-
DA:1207,0
BRDA:1207,0,0,-
BRDA:1207,0,1,-
DA:1208,0
BRDA:1208,0,0,-
BRDA:1208,0,1,-
DA:1209,0
BRDA:1209,0,0,-
BRDA:1209,0,1,-
DA:1210,0
BRDA:1210,0,0,-
BRDA:1210,0,1,-
DA:1211,0
BRDA:1211,0,0,-
BRDA:1211,0,1,-
DA:1212,0
BRDA:1212,0,0,-
BRDA:1212,0,1,-
DA:1213,0
BRDA:1213,0,0,-
BRDA:1213,0,1,-
DA:1214,0
BRDA:1214,0,0,-
BRDA:1214,0,1,-
DA:1215,0
BRDA:1215,0,0,-
BRDA:1215,0,1,-
DA:1216,0
BRDA:1216,0,0,-
BRDA:1216,0,1,-
DA:1217,0
BRDA:1217,0,0,-
BRDA:1217,0,1,-
DA:1218,0
BRDA:1218,0,0,-
BRDA:1218,0,1,-
DA:1219,0
BRDA:1219,0,0,-
BRDA:1219,0,1,-
DA:1220,0
BRDA:1220,0,0,-
BRDA:1220,0,1,-
DA:1221,0
BRDA:1221,0,0,-
BRDA:1221,0,1,-
DA:1222,0
BRDA:1222,0,0,-
BRDA:1222,0,1,-
DA:1223,0
BRDA:1223,0,0,-
BRDA:1223,0,1,-
DA:1224,0
BRDA:1224,0,0,-
BRDA:1224,0,1,-
DA:1225,0
BRDA:1225,0,0,-
BRDA:1225,0,1,-
DA:1226,0
BRDA:1226,0,0,-
BRDA:1226,0,1,-
DA:1227,0
BRDA:1227,0,0,-
BRDA:1227,0,1,-
DA:1228,0
BRDA:1228,0,0,-
BRDA:1228,0,1,-
DA:1229,0
BRDA:1229,0,0,-
BRDA:1229,0,1,-
DA:1230,0
BRDA:1230,0,0,-
BRDA:1230,0,1,-
DA:1231,0
BRDA:1231,0,0,-
BRDA:1231,0,1,-
DA:1232,0
BRDA:1232,0,0,-
BRDA:1232,0,1,-
DA:1233,0
BRDA:1233,0,0,-
BRDA:1233,0,1,-
DA:1234,0
BRDA:1234,0,0,-
BRDA:1234,0,1,-
DA:1235,0
BRDA:1235,0,0,-
BRDA:1235,0,1,-
DA:1236,0
BRDA:1236,0,0,-
BRDA:1236,0,1,-
DA:1237,0
BRDA:1237,0,0,-
BRDA:1237,0,1,-
DA:1238,0
BRDA:1238,0,0,-
BRDA:1238,0,1,-
DA:1239,0
BRDA:1239,0,0,-
BRDA:1239,0,1,-
DA:1240,0
BRDA:1240,0,0,-
BRDA:1240,0,1,-
DA:1241,0
BRDA:1241,0,0,-
BRDA:1241,0,1,-
DA:1242,0
BRDA:1242,0,0,-
BRDA:1242,0,1,-
DA:1243,0
BRDA:1243,0,0,-
BRDA:1243,0,1,-
DA:1244,0
BRDA:1244,0,0,-
BRDA:1244,0,1,-
DA:1245,0
BRDA:1245,0,0,-
BRDA:1245,0,1,-
DA:1246,0
BRDA:1246,0,0,-
BRDA:1246,0,1,-
DA:1247,0
BRDA:1247,0,0,-
BRDA:1247,0,1,-
DA:1248,0
BRDA:1248,0,0,-
BRDA:1248,0,1,-
DA:1249,0
BRDA:1249,0,0,-
BRDA:1249,0,1,-
DA:1250,0
BRDA:1250,0,0,-
BRDA:1250,0,1,-
DA:1251,0
BRDA:1251,0,0,-
BRDA:1251,0,1,-
DA:1252,0
BRDA:1252,0,0,-
BRDA:1252,0,1,-
DA:1253,0
BRDA:1253,0,0,-
BRDA:1253,0,1,-
DA:1254,0
BRDA:1254,0,0,-
BRDA:1254,0,1,-
DA:1255,0
BRDA:1255,0,0,-
BRDA:1255,0,1,-
DA:1256,0
BRDA:1256,0,0,-
BRDA:1256,0,1,-
DA:1257,0
BRDA:1257,0,0,-
BRDA:1257,0,1,-
DA:1258,0
BRDA:1258,0,0,-
BRDA:1258,0,1,-
DA:1259,0
BRDA:1259,0,0,-
BRDA:1259,0,1,-
DA:1260,0
BRDA:1260,0,0,-
BRDA:1260,0,1,-
DA:1261,0
BRDA:1261,0,0,-
BRDA:1261,0,1,-
DA:1262,0
BRDA:1262,0,0,-
BRDA:1262,0,1,-
DA:1263,0
BRDA:1263,0,0,-
BRDA:1263,0,1,-
DA:1264,0
BRDA:1264,0,0,-
BRDA:1264,0,1,-
DA:1265,0
BRDA:1265,0,0,-
BRDA:1265,0,1,-
DA:1266,0
BRDA:1266,0,0,-
BRDA:1266,0,1,-
DA:1267,0
BRDA:1267,0,0,-
BRDA:1267,0,1,-
DA:1268,0
BRDA:1268,0,0,-
BRDA:1268,0,1,-
DA:1269,0
BRDA:1269,0,0,-
BRDA:1269,0,1,-
DA:1270,0
BRDA:1270,0,0,-
BRDA:1270,0,1,-
DA:1271,0
BRDA:1271,0,0,-
BRDA:1271,0,1,-
DA:1272,0
BRDA:1272,0,0,-
BRDA:1272,0,1,-
DA:1273,0
BRDA:1273,0,0,-
BRDA:1273,0,1,-
DA:1274,0
BRDA:1274,0,0,-
BRDA:1274,0,1,-
DA:1275,0
BRDA:1275,0,0,-
BRDA:1275,0,1,-
DA:1276,0
BRDA:1276,0,0,-
BRDA:1276,0,1,-
DA:1277,0
BRDA:1277,0,0,-
BRDA:1277,0,1,-
DA:1278,0
BRDA:1278,0,0,-
BRDA:1278,0,1,-
DA:1279,0
BRDA:1279,0,0,-
BRDA:1279,0,1,-
DA:1280,0
BRDA:1280,0,0,-
BRDA:1280,0,1,-
DA:1281,0
BRDA:1281,0,0,-
BRDA:1281,0,1,-
DA:1282,0
BRDA:1282,0,0,-
BRDA:1282,0,1,-
DA:1283,0
BRDA:1283,0,0,-
BRDA:1283,0,1,-
DA:1284,0
BRDA:1284,0,0,-
BRDA:1284,0,1,-
DA:1285,0
BRDA:1285,0,0,-
BRDA:1285,0,1,-
DA:1286,0
BRDA:1286,0,0,-
BRDA:1286,0,1,-
DA:1287,0
BRDA:1287,0,0,-
BRDA:1287,0,1,-
DA:1288,0
BRDA:1288,0,0,-
BRDA:1288,0,1,-
DA:1289,0
BRDA:1289,0,0,-
BRDA:1289,0,1,-
DA:1290,0
BRDA:1290,0,0,-
BRDA:1290,0,1,-
DA:1291,0
BRDA:1291,0,0,-
BRDA:1291,0,1,-
DA:1292,0
BRDA:1292,0,0,-
BRDA:1292,0,1,-
DA:1293,0
BRDA:1293,0,0,-
BRDA:1293,0,1,-
DA:1294,0
BRDA:1294,0,0,-
BRDA:1294,0,1,-
DA:1295,0
BRDA:1295,0,0,-
BRDA:1295,0,1,-
DA:1296,0
BRDA:1296,0,0,-
BRDA:1296,0,1,-
DA:1297,0
BRDA:1297,0,0,-
BRDA:1297,0,1,-
DA:1298,0
BRDA:1298,0,0,-
BRDA:1298,0,1,-
DA:1299,0
BRDA:1299,0,0,-
BRDA:1299,0,1,-
DA:1300,0
BRDA:1300,0,0,-
BRDA:1300,0,1,-
DA:1301,0
BRDA:1301,0,0,-
BRDA:1301,0,1,-
DA:1302,0
BRDA:1302,0,0,-
BRDA:1302,0,1,-
DA:1303,0
end_of_record
SF:/usr/include/c++/9/new
DA:173,17
DA:174,17
BRDA:174,0,0,0
BRDA:174,0,1,0
BRDA:174,0,2,0
BRDA:174,0,3,0
DA:179,0
end_of_record
SF:/usr/include/x86_64-linux-gnu/qt5/QtCore/qflags.h
DA:120,3
BRDA:120,0,0,3
BRDA:120,0,1,0
BRDA:120,0,2,0
BRDA:120,0,3,0
DA:121,0
BRDA:121,0,0,-
BRDA:121,0,1,-
BRDA:121,0,2,-
BRDA:121,0,3,-
end_of_record
SF:/usr/include/x86_64-linux-gnu/qt5/QtWidgets/qsizepolicy.h
DA:141,0
DA:142,0
BRDA:142,0,0,-
BRDA:142,0,1,-
BRDA:142,0,2,-
BRDA:142,0,3,-
BRDA:142,0,4,-
BRDA:142,0,5,-
BRDA:142,0,6,-
BRDA:142,0,7,-
BRDA:142,0,8,-
BRDA:142,0,9,-
BRDA:142,0,10,-
BRDA:142,0,11,-
BRDA:142,0,12,-
BRDA:142,0,13,-
BRDA:142,0,14,-
BRDA:142,0,15,-
BRDA:142,0,16,-
BRDA:142,0,17,-
BRDA:142,0,18,-
BRDA:142,0,19,-
BRDA:142,0,20,-
BRDA:142,0,21,-
BRDA:142,0,22,-
BRDA:142,0,23,-
BRDA:142,0,24,-
BRDA:142,0,25,-
BRDA:142,0,26,-
BRDA:142,0,27,-
BRDA:142,0,28,-
BRDA:142,0,29,-
BRDA:142,0,30,-
BRDA:142,0,31,-
BRDA:142,0,32,-
BRDA:142,0,33,-
BRDA:142,0,34,-
BRDA:142,0,35,-
BRDA:142,0,36,-
BRDA:142,0,37,-
BRDA:142,0,38,-
BRDA:142,0,39,-
BRDA:142,0,40,-
BRDA:142,0,41,-
BRDA:142,0,42,-
BRDA:142,0,43,-
BRDA:142,0,44,-
BRDA:142,0,45,-
BRDA:142,0,46,-
BRDA:142,0,47,-
BRDA:142,0,48,-
BRDA:142,0,49,-
BRDA:142,0,50,-
BRDA:142,0,51,-
BRDA:142,0,52,-
BRDA:142,0,53,-
BRDA:142,0,54,-
BRDA:142,0,55,-
BRDA:142,0,56,-
BRDA:142,0,57,-
BRDA:142,0,58,-
BRDA:142,0,59,-
BRDA:142,0,60,-
BRDA:142,0,61,-
BRDA:142,0,62,-
BRDA:142,0,63,-
BRDA:142,0,64,-
BRDA:142,0,65,-
BRDA:142,0,66,-
BRDA:142,0,67,-
BRDA:142,0,68,-
BRDA:142,0,69,-
BRDA:142,0,70,-
BRDA:142,0,71,-
BRDA:142,0,72,-
BRDA:142,0,73,-
BRDA:142,0,74,-
BRDA:142,0,75,-
BRDA:142,0,76,-
BRDA:142,0,77,-
BRDA:142,0,78,-
BRDA:142,0,79,-
BRDA:142,0,80,-
BRDA:142,0,81,-
BRDA:142,0,82,-
BRDA:142,0,83,-
BRDA:142,0,84,-
BRDA:142,0,85,-
BRDA:142,0,86,-
BRDA:142,0,87,-
BRDA:142,0,88,-
BRDA:142,0,89,-
BRDA:142,0,90,-
BRDA:142,0,91,-
BRDA:142,0,92,-
BRDA:142,0,93,-
BRDA:142,0,94,-
BRDA:142,0,95,-
BRDA:142,0,96,-
BRDA:142,0,97,-
BRDA:142,0,98,-
BRDA:142,0,99,-
BRDA:142,0,100,-
BRDA:142,0,101,-
BRDA:142,0,102,-
BRDA:142,0,103,-
BRDA:142,0,104,-
BRDA:142,0,105,-
BRDA:142,0,106,-
BRDA:142,0,107,-
BRDA:142,0,108,-
BRDA:142,0,109,-
BRDA:142,0,110,-
BRDA:142,0,111,-
BRDA:142,0,112,-
BRDA:142,0,113,-
BRDA:142,0,114,-
BRDA:142,0,115,-
BRDA:142,0,116,-
BRDA:142,0,117,-
BRDA:142,0,118,-
BRDA:142,0,119,-
BRDA:142,0,120,-
BRDA:142,0,121,-
BRDA:142,0,122,-
BRDA:142,0,123,-
BRDA:142,0,124,-
BRDA:142,0,125,-
BRDA:142,0,126,-
BRDA:142,0,127,-
BRDA:142,0,128,-
BRDA:142,0,129,-
BRDA:142,0,130,-
BRDA:142,0,131,-
BRDA:142,0,132,-
BRDA:142,0,133,-
BRDA:142,0,134,-
BRDA:142,0,135,-
BRDA:142,0,136,-
BRDA:142,0,137,-
BRDA:142,0,138,-
BRDA:142,0,139,-
BRDA:142,0,140,-
BRDA:142,0,141,-
BRDA:142,0,142,-
BRDA:142,0,143,-
BRDA:142,0,144,-
BRDA:142,0,145,-
BRDA:142,0,146,-
BRDA:142,0,147,-
BRDA:142,0,148,-
BRDA:142,0,149,-
BRDA:142,0,150,-
BRDA:142,0,151,-
BRDA:142,0,152,-
BRDA:142,0,153,-
BRDA:142,0,154,-
BRDA:142,0,155,-
BRDA:142,0,156,-
BRDA:142,0,157,-
BRDA:142,0,158,-
BRDA:142,0,159,-
BRDA:142,0,160,-
BRDA:142,0,161,-
BRDA:142,0,162,-
BRDA:142,0,163,-
BRDA:142,0,164,-
BRDA:142,0,165,-
BRDA:142,0,166,-
BRDA:142,0,167,-
BRDA:142,0,168,-
BRDA:142,0,169,-
BRDA:142,0,170,-
BRDA:142,0,171,-
BRDA:142,0,172,-
BRDA:142,0,173,-
BRDA:142,0,174,-
BRDA:142,0,175,-
BRDA:142,0,176,-
BRDA:142,0,177,-
DA:155,0
BRDA:155,0,0,-
BRDA:155,0,1,-
DA:156,0
BRDA:156,0,0,-
BRDA:156,0,1,-
end_of_record
SF:/usr/include/c++/9/bits/atomic_base.h
DA:318,100
DA:319,100
DA:326,32
DA:327,32
DA:413,298
DA:415,298
DA:419,298
BRDA:419,0,0,0
BRDA:419,0,1,0
BRDA:419,0,2,0
BRDA:419,0,3,0
BRDA:419,0,4,3
BRDA:419,0,5,0
BRDA:419,0,6,0
BRDA:419,0,7,74
BRDA:419,0,8,9
BRDA:419,0,9,1
BRDA:419,0,10,111
BRDA:419,0,11,0
BRDA:419,0,12,100
BRDA:419,0,13,0
end_of_record
SF:/usr/include/x86_64-linux-gnu/qt5/QtCore/qrect.h
DA:184,0
DA:185,0
BRDA:185,0,0,-
BRDA:185,0,1,-
BRDA:185,0,2,-
BRDA:185,0,3,-
BRDA:185,0,4,-
BRDA:185,0,5,-
BRDA:185,0,6,-
BRDA:185,0,7,-
BRDA:185,0,8,-
BRDA:185,0,9,-
BRDA:185,0,10,-
BRDA:185,0,11,-
BRDA:185,0,12,-
BRDA:185,0,13,-
BRDA:185,0,14,-
[...]
BRDA:257,0,59,0
BRDA:257,0,60,0
BRDA:257,0,61,0
BRDA:257,0,62,0
BRDA:257,0,63,0
BRDA:257,0,64,0
BRDA:257,0,65,0
BRDA:257,0,66,0
BRDA:257,0,67,0
BRDA:257,0,68,0
BRDA:257,0,69,0
BRDA:257,0,70,0
BRDA:257,0,71,0
BRDA:257,0,72,0
BRDA:257,0,73,0
BRDA:257,0,74,0
BRDA:257,0,75,0
BRDA:257,0,76,0
BRDA:257,0,77,0
BRDA:257,0,78,0
BRDA:257,0,79,0
BRDA:257,0,80,0
BRDA:257,0,81,0
BRDA:257,0,82,0
BRDA:257,0,83,0
BRDA:257,0,84,0
BRDA:257,0,85,0
BRDA:257,0,86,0
BRDA:257,0,87,0
BRDA:257,0,88,0
BRDA:257,0,89,0
BRDA:257,0,90,0
BRDA:257,0,91,0
BRDA:257,0,92,0
BRDA:257,0,93,0
BRDA:257,0,94,0
BRDA:257,0,95,0
BRDA:257,0,96,0
BRDA:257,0,97,0
BRDA:257,0,98,0
BRDA:257,0,99,0
BRDA:257,0,100,0
BRDA:257,0,101,0
BRDA:257,0,102,0
BRDA:257,0,103,0
BRDA:257,0,104,0
BRDA:257,0,105,0
BRDA:257,0,106,0
BRDA:257,0,107,0
BRDA:257,0,108,0
BRDA:257,0,109,0
BRDA:257,0,110,0
BRDA:257,0,111,0
BRDA:257,0,112,0
BRDA:257,0,113,0
BRDA:257,0,114,0
BRDA:257,0,115,0
BRDA:257,0,116,0
BRDA:257,0,117,0
BRDA:257,0,118,0
BRDA:257,0,119,0
BRDA:257,0,120,0
BRDA:257,0,121,0
BRDA:257,0,122,0
BRDA:257,0,123,0
BRDA:257,0,124,0
BRDA:257,0,125,0
BRDA:257,0,126,0
BRDA:257,0,127,0
BRDA:257,0,128,0
BRDA:257,0,129,0
BRDA:257,0,130,0
BRDA:257,0,131,0
BRDA:257,0,132,0
BRDA:257,0,133,0
BRDA:257,0,134,0
BRDA:257,0,135,0
BRDA:257,0,136,0
BRDA:257,0,137,0
BRDA:257,0,138,0
BRDA:257,0,139,0
BRDA:257,0,140,0
BRDA:257,0,141,0
BRDA:257,0,142,0
BRDA:257,0,143,0
BRDA:257,0,144,0
BRDA:257,0,145,0
BRDA:257,0,146,0
BRDA:257,0,147,0
BRDA:257,0,148,0
BRDA:257,0,149,0
BRDA:257,0,150,0
BRDA:257,0,151,0
BRDA:257,0,152,0
BRDA:257,0,153,0
BRDA:257,0,154,0
BRDA:257,0,155,0
BRDA:257,0,156,0
BRDA:257,0,157,0
BRDA:257,0,158,0
BRDA:257,0,159,0
BRDA:257,0,160,0
BRDA:257,0,161,0
BRDA:257,0,162,0
BRDA:257,0,163,0
BRDA:257,0,164,0
BRDA:257,0,165,0
BRDA:257,0,166,0
BRDA:257,0,167,0
BRDA:257,0,168,0
BRDA:257,0,169,0
BRDA:257,0,170,0
BRDA:257,0,171,0
BRDA:257,0,172,0
BRDA:257,0,173,0
BRDA:257,0,174,0
BRDA:257,0,175,0
BRDA:257,0,176,0
BRDA:257,0,177,0
BRDA:257,0,178,0
BRDA:257,0,179,0
BRDA:257,0,180,0
BRDA:257,0,181,0
BRDA:257,0,182,0
BRDA:257,0,183,0
BRDA:257,0,184,0
BRDA:257,0,185,0
BRDA:257,0,186,0
BRDA:257,0,187,0
BRDA:257,0,188,0
BRDA:257,0,189,0
BRDA:257,0,190,0
BRDA:257,0,191,0
BRDA:257,0,192,0
BRDA:257,0,193,0
BRDA:257,0,194,0
BRDA:257,0,195,0
BRDA:257,0,196,0
BRDA:257,0,197,0
BRDA:257,0,198,0
BRDA:257,0,199,0
BRDA:257,0,200,0
BRDA:257,0,201,0
BRDA:257,0,202,0
BRDA:257,0,203,0
BRDA:257,0,204,0
BRDA:257,0,205,0
DA:270,0
DA:273,0
end_of_record
SF:/usr/include/x86_64-linux-gnu/qt5/QtWidgets/qwidget.h
DA:838,0
DA:839,0
end_of_record
SF:/usr/include/x86_64-linux-gnu/bits/string_fortified.h
DA:31,0
DA:34,0
BRDA:34,0,0,-
BRDA:34,0,1,-
DA:59,0
DA:71,0
end_of_record
TN:
SF:/usr/include/x86_64-linux-gnu/qt5/QtCore/qstringview.h
DA:166,3
DA:178,3
DA:180,3
DA:207,3
DA:208,3
BRDA:208,0,0,3
BRDA:208,0,1,0
end_of_record
SF:/usr/include/x86_64-linux-gnu/qt5/QtTest/qtestcase.h
FN:356,_ZN5QTest8qCompareIcEEbRKT_S3_PKcS5_S5_i
FNDA:10,_ZN5QTest8qCompareIcEEbRKT_S3_PKcS5_S5_i
FN:356,_ZN5QTest8qCompareIiEEbRKT_S3_PKcS5_S5_i
FNDA:33,_ZN5QTest8qCompareIiEEbRKT_S3_PKcS5_S5_i
FN:415,_ZN5QTest8qCompareI7QStringA1_cEEbRKT_RKT0_PKcSA_SA_i
FNDA:1,_ZN5QTest8qCompareI7QStringA1_cEEbRKT_RKT0_PKcSA_SA_i
FN:415,_ZN5QTest8qCompareI7QStringA20_cEEbRKT_RKT0_PKcSA_SA_i
FNDA:2,_ZN5QTest8qCompareI7QStringA20_cEEbRKT_RKT0_PKcSA_SA_i
DA:356,10
DA:359,10
DA:360,10
DA:356,33
DA:359,33
DA:360,33
DA:415,1
DA:418,1
DA:419,1
DA:415,2
DA:418,2
DA:419,2
end_of_record
SF:/usr/include/x86_64-linux-gnu/qt5/QtCore/qflags.h
DA:120,48
end_of_record
SF:/usr/include/c++/9/bits/atomic_base.h
DA:318,28
DA:319,28
DA:326,196
DA:327,196
DA:413,337
DA:415,337
DA:419,337
BRDA:419,0,0,0
BRDA:419,0,1,0
BRDA:419,0,2,0
BRDA:419,0,3,112
BRDA:419,0,4,197
BRDA:419,0,5,0
BRDA:419,0,6,28
BRDA:419,0,7,0
end_of_record
SF:/usr/include/x86_64-linux-gnu/qt5/QtCore/qstring.h
FN:699,_ZN7QStringC2EPKc
FNDA:14,_ZN7QStringC2EPKc
FN:1135,_ZN7QStringD2Ev
FNDA:51,_ZN7QStringD2Ev
FN:1237,_ZNK7QStringeqEPKc
FNDA:3,_ZNK7QStringeqEPKc
DA:239,6
DA:699,14
DA:700,14
BRDA:700,0,0,14
BRDA:700,0,1,0
DA:701,14
DA:822,3
BRDA:822,0,0,3
BRDA:822,0,1,0
DA:945,3
DA:946,3
DA:949,3
DA:950,3
DA:1135,51
BRDA:1135,0,0,25
BRDA:1135,0,1,26
DA:1237,3
DA:1238,3
end_of_record
SF:/usr/include/x86_64-linux-gnu/qt5/QtTest/qtest.h
FN:76,_ZN5QTest8toStringI7QStringEEPcRKT_
FNDA:3,_ZN5QTest8toStringI7QStringEEPcRKT_
DA:71,3
DA:73,3
DA:76,3
DA:78,6
BRDA:78,0,0,3
BRDA:78,0,1,0
end_of_record
SF:/usr/include/x86_64-linux-gnu/qt5/QtCore/qvector.h
FN:73,_ZN7QVectorI10PodmornicaED2Ev
FNDA:2,_ZN7QVectorI10PodmornicaED2Ev
FN:73,_ZN7QVectorIiED2Ev
FNDA:144,_ZN7QVectorIiED2Ev
FN:357,_ZN7QVectorIiEC2ERKS0_
FNDA:28,_ZN7QVectorIiEC2ERKS0_
FN:382,_ZN7QVectorIiE6detachEv
FNDA:112,_ZN7QVectorIiE6detachEv
FN:485,_ZN7QVectorIiEC2Ei
FNDA:48,_ZN7QVectorIiEC2Ei
FN:552,_ZN7QVectorIiE11reallocDataEii6QFlagsIN10QArrayData16AllocationOptionEE
FNDA:0,_ZN7QVectorIiE11reallocDataEii6QFlagsIN10QArrayData16AllocationOptionEE
DA:69,1
BRDA:69,0,0,1
BRDA:69,0,1,0
DA:73,2
BRDA:73,0,0,1
BRDA:73,0,1,1
DA:73,144
BRDA:73,0,0,48
BRDA:73,0,1,96
DA:106,112
DA:127,14
BRDA:127,0,0,7
BRDA:127,0,1,0
BRDA:127,0,2,7
BRDA:127,0,3,0
BRDA:127,0,4,7
BRDA:127,0,5,0
BRDA:127,0,6,7
BRDA:127,0,7,0
BRDA:127,0,8,7
BRDA:127,0,9,0
BRDA:127,0,10,7
BRDA:127,0,11,0
BRDA:127,0,12,7
BRDA:127,0,13,0
BRDA:127,0,14,7
BRDA:127,0,15,0
BRDA:127,0,16,7
BRDA:127,0,17,0
BRDA:127,0,18,7
BRDA:127,0,19,0
BRDA:127,0,20,7
BRDA:127,0,21,0
BRDA:127,0,22,7
BRDA:127,0,23,0
BRDA:127,0,24,7
BRDA:127,0,25,0
BRDA:127,0,26,7
BRDA:127,0,27,0
BRDA:127,0,28,7
BRDA:127,0,29,0
DA:324,48
DA:331,48
DA:333,48
DA:336,0
DA:342,0
DA:347,48
DA:357,28
DA:359,28
BRDA:359,0,0,28
BRDA:359,0,1,0
DA:360,28
DA:362,0
BRDA:362,0,0,-
BRDA:362,0,1,-
DA:363,0
DA:364,0
BRDA:364,0,0,-
BRDA:364,0,1,-
DA:365,0
DA:367,0
DA:368,0
BRDA:368,0,0,-
BRDA:368,0,1,-
DA:370,0
BRDA:370,0,0,-
BRDA:370,0,1,-
DA:371,0
DA:372,0
DA:375,28
DA:382,112
DA:384,112
BRDA:384,0,0,0
BRDA:384,0,1,112
DA:386,0
BRDA:386,0,0,-
BRDA:386,0,1,-
DA:387,0
DA:390,0
DA:393,112
DA:436,14
BRDA:436,0,0,7
BRDA:436,0,1,0
BRDA:436,0,2,7
BRDA:436,0,3,0
BRDA:436,0,4,7
BRDA:436,0,5,0
BRDA:436,0,6,7
BRDA:436,0,7,0
BRDA:436,0,8,7
BRDA:436,0,9,0
BRDA:436,0,10,7
BRDA:436,0,11,0
BRDA:436,0,12,7
BRDA:436,0,13,0
BRDA:436,0,14,7
BRDA:436,0,15,0
BRDA:436,0,16,7
BRDA:436,0,17,0
BRDA:436,0,18,7
BRDA:436,0,19,0
BRDA:436,0,20,7
BRDA:436,0,21,0
BRDA:436,0,22,7
BRDA:436,0,23,0
BRDA:436,0,24,7
BRDA:436,0,25,0
BRDA:436,0,26,7
BRDA:436,0,27,0
BRDA:436,0,28,7
BRDA:436,0,29,0
BRDA:436,0,30,7
BRDA:436,0,31,0
DA:438,14
BRDA:438,0,0,7
BRDA:438,0,1,0
BRDA:438,0,2,7
BRDA:438,0,3,0
BRDA:438,0,4,7
BRDA:438,0,5,0
BRDA:438,0,6,7
BRDA:438,0,7,0
BRDA:438,0,8,7
BRDA:438,0,9,0
BRDA:438,0,10,7
BRDA:438,0,11,0
BRDA:438,0,12,7
BRDA:438,0,13,0
BRDA:438,0,14,7
BRDA:438,0,15,0
BRDA:438,0,16,7
BRDA:438,0,17,0
BRDA:438,0,18,7
BRDA:438,0,19,0
BRDA:438,0,20,7
BRDA:438,0,21,0
BRDA:438,0,22,7
BRDA:438,0,23,0
BRDA:438,0,24,7
BRDA:438,0,25,0
BRDA:438,0,26,7
BRDA:438,0,27,0
BRDA:438,0,28,7
BRDA:438,0,29,0
DA:485,48
DA:488,48
BRDA:488,0,0,48
BRDA:488,0,1,0
DA:489,48
DA:490,48
BRDA:490,0,0,0
BRDA:490,0,1,48
DA:491,48
DA:492,48
DA:494,0
DA:496,48
DA:540,48
DA:542,48
DA:543,48
DA:544,48
DA:552,0
DA:555,0
DA:557,0
BRDA:557,0,0,-
BRDA:557,0,1,-
DA:559,0
BRDA:559,0,0,-
BRDA:559,0,1,-
DA:560,0
BRDA:560,0,0,-
BRDA:560,0,1,-
BRDA:560,0,2,-
BRDA:560,0,3,-
DA:563,0
DA:564,0
BRDA:564,0,0,-
BRDA:564,0,1,-
BRDA:564,0,2,-
BRDA:564,0,3,-
DA:570,0
DA:572,0
BRDA:572,0,0,-
BRDA:572,0,1,-
DA:573,0
BRDA:573,0,0,-
BRDA:573,0,1,-
DA:574,0
BRDA:574,0,0,-
BRDA:574,0,1,-
DA:592,0
BRDA:592,0,0,-
BRDA:592,0,1,-
DA:593,0
DA:596,0
DA:600,0
BRDA:600,0,0,-
BRDA:600,0,1,-
DA:603,0
DA:615,0
DA:616,0
DA:617,0
DA:619,0
DA:624,0
BRDA:624,0,0,-
BRDA:624,0,1,-
DA:625,0
DA:627,0
DA:629,0
DA:634,0
BRDA:634,0,0,-
BRDA:634,0,1,-
DA:635,0
BRDA:635,0,0,-
BRDA:635,0,1,-
DA:636,0
BRDA:636,0,0,-
BRDA:636,0,1,-
DA:639,0
DA:641,0
DA:644,0
DA:655,0
end_of_record
SF:/usr/include/x86_64-linux-gnu/qt5/QtCore/qbasicatomic.h
DA:103,337
BRDA:103,0,0,0
BRDA:103,0,1,0
BRDA:103,0,2,0
BRDA:103,0,3,112
BRDA:103,0,4,197
BRDA:103,0,5,0
BRDA:103,0,6,28
BRDA:103,0,7,0
DA:114,28
DA:115,196
end_of_record
SF:/usr/include/x86_64-linux-gnu/qt5/QtCore/qatomic_cxx11.h
DA:225,337
DA:227,337
BRDA:227,0,0,0
BRDA:227,0,1,0
BRDA:227,0,2,0
BRDA:227,0,3,112
BRDA:227,0,4,197
BRDA:227,0,5,0
BRDA:227,0,6,28
BRDA:227,0,7,0
DA:263,28
DA:265,28
DA:269,196
DA:271,196
end_of_record
SF:/usr/include/x86_64-linux-gnu/qt5/QtCore/qrefcount.h
FN:54,_ZN9QtPrivate8RefCount3refEv
FNDA:28,_ZN9QtPrivate8RefCount3refEv
FN:65,_ZN9QtPrivate8RefCount5derefEv
FNDA:197,_ZN9QtPrivate8RefCount5derefEv
DA:54,28
DA:55,28
BRDA:55,0,0,28
BRDA:55,0,1,0
DA:57,28
BRDA:57,0,0,28
BRDA:57,0,1,0
DA:60,28
BRDA:60,0,0,28
BRDA:60,0,1,0
DA:61,28
DA:65,197
DA:66,197
BRDA:66,0,0,197
BRDA:66,0,1,0
DA:68,197
BRDA:68,0,0,197
BRDA:68,0,1,0
DA:71,197
BRDA:71,0,0,196
BRDA:71,0,1,1
DA:73,196
DA:99,112
DA:101,112
BRDA:101,0,0,0
BRDA:101,0,1,0
BRDA:101,0,2,0
BRDA:101,0,3,112
DA:102,112
BRDA:102,0,0,0
BRDA:102,0,1,0
BRDA:102,0,2,0
BRDA:102,0,3,112
end_of_record
SF:/usr/include/x86_64-linux-gnu/qt5/QtCore/qarraydata.h
DA:57,214
DA:59,214
DA:61,214
DA:123,4
DA:208,6
DA:211,14
BRDA:211,0,0,0
BRDA:211,0,1,0
BRDA:211,0,2,0
BRDA:211,0,3,0
BRDA:211,0,4,7
BRDA:211,0,5,0
BRDA:211,0,6,7
BRDA:211,0,7,0
BRDA:211,0,8,7
BRDA:211,0,9,0
BRDA:211,0,10,7
BRDA:211,0,11,0
BRDA:211,0,12,7
BRDA:211,0,13,0
BRDA:211,0,14,7
BRDA:211,0,15,0
BRDA:211,0,16,7
BRDA:211,0,17,0
BRDA:211,0,18,7
BRDA:211,0,19,0
BRDA:211,0,20,7
BRDA:211,0,21,0
BRDA:211,0,22,7
BRDA:211,0,23,0
BRDA:211,0,24,7
BRDA:211,0,25,0
BRDA:211,0,26,7
BRDA:211,0,27,0
BRDA:211,0,28,7
BRDA:211,0,29,0
BRDA:211,0,30,7
BRDA:211,0,31,0
BRDA:211,0,32,7
BRDA:211,0,33,0
DA:212,96
DA:220,48
DA:224,48
DA:236,73
DA:239,73
DA:240,25
DA:257,4
BRDA:257,0,0,1
BRDA:257,0,1,0
BRDA:257,0,2,3
BRDA:257,0,3,0
DA:270,0
DA:273,0
end_of_record
SF:/usr/include/x86_64-linux-gnu/bits/string_fortified.h
DA:31,0
DA:34,0
BRDA:34,0,0,-
BRDA:34,0,1,-
DA:59,48
DA:71,48
end_of_record
SF:/home/milica/Documents/master/vs/projekatVS/2023_Analysis_Podmornice/PodmorniceGUI_test/TestPodmornica/tst_testpodmornica.cpp
FN:10,_ZN14TestPodmornicaC2Ev
FNDA:1,_ZN14TestPodmornicaC2Ev
FN:15,_ZN14TestPodmornicaD0Ev
FNDA:0,_ZN14TestPodmornicaD0Ev
FN:15,_ZN14TestPodmornicaD2Ev
FNDA:1,_ZN14TestPodmornicaD2Ev
FN:21,_ZN14TestPodmornica4initEv
FNDA:7,_ZN14TestPodmornica4initEv
FN:78,_ZN14TestPodmornica7cleanupEv
FNDA:7,_ZN14TestPodmornica7cleanupEv
FN:85,_ZN14TestPodmornica18test_getPodmornicaEv
FNDA:1,_ZN14TestPodmornica18test_getPodmornicaEv
FN:92,_ZN14TestPodmornica17test_proveriPotopEv
FNDA:1,_ZN14TestPodmornica17test_proveriPotopEv
FN:108,_ZN14TestPodmornica23test_proveriPreklapanjeEv
FNDA:1,_ZN14TestPodmornica23test_proveriPreklapanjeEv
FN:147,_ZN14TestPodmornica15test_uzmiPravacEv
FNDA:1,_ZN14TestPodmornica15test_uzmiPravacEv
FN:161,_ZN14TestPodmornica23test_izaberiVrsteKoloneEv
FNDA:1,_ZN14TestPodmornica23test_izaberiVrsteKoloneEv
FN:243,_ZN14TestPodmornica21test_izmeniPodmornicuEv
FNDA:1,_ZN14TestPodmornica21test_izmeniPodmornicuEv
FN:260,_ZN14TestPodmornica16test_izmeniTabluEv
FNDA:1,_ZN14TestPodmornica16test_izmeniTabluEv
DA:10,1
DA:13,1
DA:15,0
DA:18,0
DA:15,1
DA:18,1
DA:21,7
DA:24,77
BRDA:24,0,0,70
BRDA:24,0,1,7
DA:25,770
BRDA:25,0,0,700
BRDA:25,0,1,70
DA:26,700
DA:29,7
DA:30,14
DA:31,14
BRDA:31,0,0,7
BRDA:31,0,1,0
DA:35,7
BRDA:35,0,0,7
BRDA:35,0,1,0
DA:36,7
BRDA:36,0,0,7
BRDA:36,0,1,0
DA:37,7
BRDA:37,0,0,7
BRDA:37,0,1,0
DA:39,7
BRDA:39,0,0,7
BRDA:39,0,1,0
DA:40,7
BRDA:40,0,0,7
BRDA:40,0,1,0
DA:41,7
BRDA:41,0,0,7
BRDA:41,0,1,0
DA:43,28
BRDA:43,0,0,21
BRDA:43,0,1,7
DA:44,21
DA:48,7
BRDA:48,0,0,7
BRDA:48,0,1,0
BRDA:48,0,2,7
BRDA:48,0,3,0
BRDA:48,0,4,7
BRDA:48,0,5,0
BRDA:48,0,6,7
BRDA:48,0,7,0
BRDA:48,0,8,7
BRDA:48,0,9,0
DA:52,7
DA:53,14
BRDA:53,0,0,7
BRDA:53,0,1,0
DA:54,14
BRDA:54,0,0,7
BRDA:54,0,1,0
DA:58,7
BRDA:58,0,0,7
BRDA:58,0,1,0
DA:59,7
BRDA:59,0,0,7
BRDA:59,0,1,0
DA:60,7
BRDA:60,0,0,7
BRDA:60,0,1,0
DA:61,7
BRDA:61,0,0,7
BRDA:61,0,1,0
DA:62,7
BRDA:62,0,0,7
BRDA:62,0,1,0
DA:64,7
BRDA:64,0,0,7
BRDA:64,0,1,0
DA:65,7
BRDA:65,0,0,7
BRDA:65,0,1,0
DA:66,7
BRDA:66,0,0,7
BRDA:66,0,1,0
DA:67,7
BRDA:67,0,0,7
BRDA:67,0,1,0
DA:68,7
BRDA:68,0,0,7
BRDA:68,0,1,0
DA:70,7
BRDA:70,0,0,7
BRDA:70,0,1,0
BRDA:70,0,2,7
BRDA:70,0,3,0
BRDA:70,0,4,7
BRDA:70,0,5,0
BRDA:70,0,6,7
BRDA:70,0,7,0
BRDA:70,0,8,7
BRDA:70,0,9,0
DA:72,42
BRDA:72,0,0,35
BRDA:72,0,1,7
DA:73,35
DA:76,7
DA:78,7
DA:80,7
BRDA:80,0,0,7
BRDA:80,0,1,0
DA:81,7
BRDA:81,0,0,7
BRDA:81,0,1,0
DA:83,7
DA:85,1
DA:87,1
BRDA:87,0,0,1
BRDA:87,0,1,0
BRDA:87,0,2,1
BRDA:87,0,3,0
DA:88,1
BRDA:88,0,0,1
BRDA:88,0,1,0
BRDA:88,0,2,1
BRDA:88,0,3,0
DA:89,1
BRDA:89,0,0,1
BRDA:89,0,1,0
DA:92,1
DA:94,1
DA:95,1
DA:96,1
DA:98,1
DA:99,1
DA:100,1
DA:101,1
DA:103,1
BRDA:103,0,0,1
BRDA:103,0,1,0
DA:104,1
DA:108,1
DA:115,1
BRDA:115,0,0,1
BRDA:115,0,1,0
DA:116,1
BRDA:116,0,0,1
BRDA:116,0,1,0
DA:117,1
BRDA:117,0,0,1
BRDA:117,0,1,0
DA:118,1
BRDA:118,0,0,1
BRDA:118,0,1,0
DA:122,1
BRDA:122,0,0,1
BRDA:122,0,1,0
DA:123,1
BRDA:123,0,0,1
BRDA:123,0,1,0
DA:124,1
BRDA:124,0,0,1
BRDA:124,0,1,0
DA:125,1
BRDA:125,0,0,1
BRDA:125,0,1,0
DA:128,1
BRDA:128,0,0,1
BRDA:128,0,1,0
DA:129,1
BRDA:129,0,0,1
BRDA:129,0,1,0
DA:130,1
BRDA:130,0,0,1
BRDA:130,0,1,0
DA:131,1
BRDA:131,0,0,1
BRDA:131,0,1,0
DA:134,1
BRDA:134,0,0,1
BRDA:134,0,1,0
DA:135,1
BRDA:135,0,0,1
BRDA:135,0,1,0
DA:136,1
BRDA:136,0,0,1
BRDA:136,0,1,0
DA:137,1
BRDA:137,0,0,1
BRDA:137,0,1,0
DA:140,1
BRDA:140,0,0,1
BRDA:140,0,1,0
DA:141,1
BRDA:141,0,0,1
BRDA:141,0,1,0
DA:142,1
BRDA:142,0,0,1
BRDA:142,0,1,0
DA:143,1
DA:147,1
DA:149,1
BRDA:149,0,0,1
BRDA:149,0,1,0
DA:150,1
BRDA:150,0,0,1
BRDA:150,0,1,0
DA:151,1
BRDA:151,0,0,1
BRDA:151,0,1,0
DA:152,1
BRDA:152,0,0,1
BRDA:152,0,1,0
DA:153,1
BRDA:153,0,0,1
BRDA:153,0,1,0
DA:154,1
BRDA:154,0,0,1
BRDA:154,0,1,0
DA:155,1
BRDA:155,0,0,1
BRDA:155,0,1,0
DA:156,1
BRDA:156,0,0,1
BRDA:156,0,1,0
DA:157,1
BRDA:157,0,0,1
BRDA:157,0,1,0
DA:158,1
DA:161,1
DA:163,1
DA:165,1
DA:172,1
DA:173,1
BRDA:173,0,0,1
BRDA:173,0,1,0
DA:174,1
BRDA:174,0,0,1
BRDA:174,0,1,0
DA:175,1
BRDA:175,0,0,1
BRDA:175,0,1,0
DA:176,1
BRDA:176,0,0,1
BRDA:176,0,1,0
DA:180,1
DA:181,1
BRDA:181,0,0,1
BRDA:181,0,1,0
DA:182,1
BRDA:182,0,0,1
BRDA:182,0,1,0
DA:183,1
BRDA:183,0,0,1
BRDA:183,0,1,0
DA:184,1
BRDA:184,0,0,1
BRDA:184,0,1,0
DA:187,1
DA:188,1
BRDA:188,0,0,1
BRDA:188,0,1,0
DA:189,1
BRDA:189,0,0,1
BRDA:189,0,1,0
DA:190,1
BRDA:190,0,0,1
BRDA:190,0,1,0
DA:191,1
BRDA:191,0,0,1
BRDA:191,0,1,0
DA:193,1
DA:194,1
BRDA:194,0,0,1
BRDA:194,0,1,0
DA:195,1
BRDA:195,0,0,1
BRDA:195,0,1,0
DA:196,1
BRDA:196,0,0,1
BRDA:196,0,1,0
DA:197,1
BRDA:197,0,0,1
BRDA:197,0,1,0
DA:201,1
DA:202,1
BRDA:202,0,0,1
BRDA:202,0,1,0
DA:203,1
BRDA:203,0,0,1
BRDA:203,0,1,0
DA:204,1
BRDA:204,0,0,1
BRDA:204,0,1,0
DA:205,1
BRDA:205,0,0,1
BRDA:205,0,1,0
DA:207,1
DA:208,1
BRDA:208,0,0,1
BRDA:208,0,1,0
DA:209,1
BRDA:209,0,0,1
BRDA:209,0,1,0
DA:210,1
BRDA:210,0,0,1
BRDA:210,0,1,0
DA:211,1
BRDA:211,0,0,1
BRDA:211,0,1,0
DA:215,1
DA:216,1
BRDA:216,0,0,1
BRDA:216,0,1,0
DA:217,1
BRDA:217,0,0,1
BRDA:217,0,1,0
DA:218,1
BRDA:218,0,0,1
BRDA:218,0,1,0
DA:219,1
BRDA:219,0,0,1
BRDA:219,0,1,0
DA:221,1
DA:222,1
BRDA:222,0,0,1
BRDA:222,0,1,0
DA:223,1
BRDA:223,0,0,1
BRDA:223,0,1,0
DA:224,1
BRDA:224,0,0,1
BRDA:224,0,1,0
DA:225,1
BRDA:225,0,0,1
BRDA:225,0,1,0
DA:228,1
DA:229,1
BRDA:229,0,0,1
BRDA:229,0,1,0
DA:230,1
BRDA:230,0,0,1
BRDA:230,0,1,0
DA:231,1
BRDA:231,0,0,1
BRDA:231,0,1,0
DA:232,1
BRDA:232,0,0,1
BRDA:232,0,1,0
DA:234,1
DA:235,1
BRDA:235,0,0,1
BRDA:235,0,1,0
DA:236,1
BRDA:236,0,0,1
BRDA:236,0,1,0
DA:237,1
BRDA:237,0,0,1
BRDA:237,0,1,0
DA:238,1
DA:243,1
DA:246,2
BRDA:246,0,0,1
BRDA:246,0,1,0
DA:247,1
BRDA:247,0,0,1
BRDA:247,0,1,0
BRDA:247,0,2,1
BRDA:247,0,3,0
BRDA:247,0,4,1
BRDA:247,0,5,0
DA:248,1
BRDA:248,0,0,1
BRDA:248,0,1,0
BRDA:248,0,2,1
BRDA:248,0,3,0
BRDA:248,0,4,1
BRDA:248,0,5,0
DA:249,1
BRDA:249,0,0,1
BRDA:249,0,1,0
BRDA:249,0,2,1
BRDA:249,0,3,0
BRDA:249,0,4,1
BRDA:249,0,5,0
DA:250,1
BRDA:250,0,0,1
BRDA:250,0,1,0
BRDA:250,0,2,1
BRDA:250,0,3,0
BRDA:250,0,4,1
BRDA:250,0,5,0
DA:251,1
BRDA:251,0,0,1
BRDA:251,0,1,0
BRDA:251,0,2,1
BRDA:251,0,3,0
BRDA:251,0,4,1
BRDA:251,0,5,0
DA:252,1
BRDA:252,0,0,1
BRDA:252,0,1,0
BRDA:252,0,2,1
BRDA:252,0,3,0
BRDA:252,0,4,1
BRDA:252,0,5,0
DA:253,1
BRDA:253,0,0,1
BRDA:253,0,1,0
BRDA:253,0,2,1
BRDA:253,0,3,0
BRDA:253,0,4,1
BRDA:253,0,5,0
DA:254,1
BRDA:254,0,0,1
BRDA:254,0,1,0
BRDA:254,0,2,1
BRDA:254,0,3,0
BRDA:254,0,4,1
BRDA:254,0,5,0
DA:255,1
BRDA:255,0,0,1
BRDA:255,0,1,0
BRDA:255,0,2,1
BRDA:255,0,3,0
BRDA:255,0,4,1
BRDA:255,0,5,0
DA:256,1
BRDA:256,0,0,1
BRDA:256,0,1,0
BRDA:256,0,2,1
BRDA:256,0,3,0
BRDA:256,0,4,1
BRDA:256,0,5,0
DA:260,1
DA:262,1
DA:264,11
BRDA:264,0,0,10
BRDA:264,0,1,1
DA:265,110
BRDA:265,0,0,100
BRDA:265,0,1,10
DA:266,100
BRDA:266,0,0,8
BRDA:266,0,1,92
DA:267,8
DA:269,1
DA:270,1
DA:271,1
DA:272,1
DA:274,1
DA:275,11
BRDA:275,0,0,10
BRDA:275,0,1,1
DA:276,110
BRDA:276,0,0,100
BRDA:276,0,1,10
DA:277,100
BRDA:277,0,0,19
BRDA:277,0,1,81
DA:278,19
DA:280,1
end_of_record
SF:/home/milica/Documents/master/vs/projekatVS/2023_Analysis_Podmornice/2021_Podmornice/podmorniceGUI_Novo/PodmorniceGUI/kreniigru.h
end_of_record
TN:
SF:/home/milica/Documents/master/vs/projekatVS/2023_Analysis_Podmornice/PodmorniceGUI_test/TestPodmornica/moc_gubitak.cpp
FN:57,_ZN7Gubitak18qt_static_metacallEP7QObjectN11QMetaObject4CallEiPPv
FNDA:0,_ZN7Gubitak18qt_static_metacallEP7QObjectN11QMetaObject4CallEiPPv
FN:75,_ZNK7Gubitak10metaObjectEv
FNDA:0,_ZNK7Gubitak10metaObjectEv
FN:80,_ZN7Gubitak11qt_metacastEPKc
FNDA:0,_ZN7Gubitak11qt_metacastEPKc
FN:88,_ZN7Gubitak11qt_metacallEN11QMetaObject4CallEiPPv
FNDA:0,_ZN7Gubitak11qt_metacallEN11QMetaObject4CallEiPPv
DA:57,0
DA:59,0
DA:60,0
DA:61,0
DA:62,0
DA:63,0
DA:75,0
DA:77,0
BRDA:77,0,0,-
BRDA:77,0,1,-
DA:80,0
DA:82,0
BRDA:82,0,0,-
BRDA:82,0,1,-
DA:83,0
BRDA:83,0,0,-
BRDA:83,0,1,-
DA:85,0
DA:88,0
DA:90,0
DA:91,0
end_of_record
SF:/usr/include/x86_64-linux-gnu/qt5/QtCore/qscopedpointer.h
DA:116,0
BRDA:116,0,0,-
BRDA:116,0,1,-
end_of_record
TN:
SF:/home/milica/Documents/master/vs/projekatVS/2023_Analysis_Podmornice/PodmorniceGUI_test/TestPodmornica/moc_kreniigru.cpp
FN:65,_ZN9KreniIgru18qt_static_metacallEP7QObjectN11QMetaObject4CallEiPPv
FNDA:0,_ZN9KreniIgru18qt_static_metacallEP7QObjectN11QMetaObject4CallEiPPv
FN:88,_ZNK9KreniIgru10metaObjectEv
FNDA:0,_ZNK9KreniIgru10metaObjectEv
FN:93,_ZN9KreniIgru11qt_metacastEPKc
FNDA:0,_ZN9KreniIgru11qt_metacastEPKc
FN:101,_ZN9KreniIgru11qt_metacallEN11QMetaObject4CallEiPPv
FNDA:0,_ZN9KreniIgru11qt_metacallEN11QMetaObject4CallEiPPv
DA:65,0
DA:67,0
BRDA:67,0,0,-
BRDA:67,0,1,-
DA:68,0
DA:69,0
DA:70,0
BRDA:70,0,0,-
BRDA:70,0,1,-
DA:71,0
DA:75,0
DA:76,0
DA:88,0
DA:90,0
BRDA:90,0,0,-
BRDA:90,0,1,-
DA:93,0
DA:95,0
BRDA:95,0,0,-
BRDA:95,0,1,-
DA:96,0
BRDA:96,0,0,-
BRDA:96,0,1,-
DA:98,0
DA:101,0
DA:103,0
DA:104,0
BRDA:104,0,0,-
BRDA:104,0,1,-
DA:106,0
BRDA:106,0,0,-
BRDA:106,0,1,-
DA:107,0
BRDA:107,0,0,-
BRDA:107,0,1,-
DA:108,0
DA:109,0
DA:110,0
BRDA:110,0,0,-
BRDA:110,0,1,-
DA:111,0
BRDA:111,0,0,-
BRDA:111,0,1,-
DA:112,0
DA:113,0
end_of_record
SF:/usr/include/x86_64-linux-gnu/qt5/QtCore/qscopedpointer.h
DA:116,0
BRDA:116,0,0,-
BRDA:116,0,1,-
end_of_record
TN:
SF:/usr/include/x86_64-linux-gnu/qt5/QtCore/qscopedpointer.h
DA:116,0
BRDA:116,0,0,-
BRDA:116,0,1,-
end_of_record
SF:/home/milica/Documents/master/vs/projekatVS/2023_Analysis_Podmornice/PodmorniceGUI_test/TestPodmornica/moc_pobeda.cpp
FN:57,_ZN6Pobeda18qt_static_metacallEP7QObjectN11QMetaObject4CallEiPPv
FNDA:0,_ZN6Pobeda18qt_static_metacallEP7QObjectN11QMetaObject4CallEiPPv
FN:75,_ZNK6Pobeda10metaObjectEv
FNDA:0,_ZNK6Pobeda10metaObjectEv
FN:80,_ZN6Pobeda11qt_metacastEPKc
FNDA:0,_ZN6Pobeda11qt_metacastEPKc
FN:88,_ZN6Pobeda11qt_metacallEN11QMetaObject4CallEiPPv
FNDA:0,_ZN6Pobeda11qt_metacallEN11QMetaObject4CallEiPPv
DA:57,0
DA:59,0
DA:60,0
DA:61,0
DA:62,0
DA:63,0
DA:75,0
DA:77,0
BRDA:77,0,0,-
BRDA:77,0,1,-
DA:80,0
DA:82,0
BRDA:82,0,0,-
BRDA:82,0,1,-
DA:83,0
BRDA:83,0,0,-
BRDA:83,0,1,-
DA:85,0
DA:88,0
DA:90,0
DA:91,0
end_of_record
