TN:
SF:/home/milica/Downloads/vs/2021_Podmornice-main/podmorniceGUI_Novo/PodmorniceGUI/TestPodmornica/main.cpp
FN:4,main
FNDA:3,main
FNF:1
FNH:1
BRDA:5,0,0,3
BRDA:5,0,1,0
BRDA:6,0,0,3
BRDA:6,0,1,0
BRF:4
BRH:2
DA:4,3
DA:5,6
DA:6,3
LF:3
LH:3
end_of_record
TN:
SF:/home/milica/Downloads/vs/2021_Podmornice-main/podmorniceGUI_Novo/PodmorniceGUI/TestPodmornica/tst_testpodmornica.cpp
FN:10,_ZN14TestPodmornicaC2Ev
FN:15,_ZN14TestPodmornicaD0Ev
FN:15,_ZN14TestPodmornicaD2Ev
FN:21,_ZN14TestPodmornica4initEv
FN:78,_ZN14TestPodmornica7cleanupEv
FN:85,_ZN14TestPodmornica18test_getPodmornicaEv
FN:92,_ZN14TestPodmornica17test_proveriPotopEv
FN:108,_ZN14TestPodmornica23test_proveriPreklapanjeEv
FN:120,_ZN14TestPodmornica15test_uzmiPravacEv
FN:134,_ZN14TestPodmornica23test_izaberiVrsteKoloneEv
FNDA:2,_ZN14TestPodmornica23test_proveriPreklapanjeEv
FNDA:10,_ZN14TestPodmornica4initEv
FNDA:2,_ZN14TestPodmornica15test_uzmiPravacEv
FNDA:2,_ZN14TestPodmornica17test_proveriPotopEv
FNDA:0,_ZN14TestPodmornicaD0Ev
FNDA:2,_ZN14TestPodmornica23test_izaberiVrsteKoloneEv
FNDA:2,_ZN14TestPodmornica18test_getPodmornicaEv
FNDA:2,_ZN14TestPodmornicaC2Ev
FNDA:10,_ZN14TestPodmornica7cleanupEv
FNDA:2,_ZN14TestPodmornicaD2Ev
FNF:10
FNH:9
BRDA:24,0,0,100
BRDA:24,0,1,10
BRDA:25,0,0,1000
BRDA:25,0,1,100
BRDA:30,0,0,10
BRDA:30,0,1,0
BRDA:31,0,0,10
BRDA:31,0,1,0
BRDA:35,0,0,10
BRDA:35,0,1,0
BRDA:36,0,0,10
BRDA:36,0,1,0
BRDA:37,0,0,10
BRDA:37,0,1,0
BRDA:39,0,0,10
BRDA:39,0,1,0
BRDA:40,0,0,10
BRDA:40,0,1,0
BRDA:41,0,0,10
BRDA:41,0,1,0
BRDA:43,0,0,30
BRDA:43,0,1,10
BRDA:48,0,0,10
BRDA:48,0,1,0
BRDA:48,0,2,10
BRDA:48,0,3,0
BRDA:48,0,4,10
BRDA:48,0,5,0
BRDA:53,0,0,10
BRDA:53,0,1,0
BRDA:54,0,0,10
BRDA:54,0,1,0
BRDA:58,0,0,10
BRDA:58,0,1,0
BRDA:59,0,0,10
BRDA:59,0,1,0
BRDA:60,0,0,10
BRDA:60,0,1,0
BRDA:61,0,0,10
BRDA:61,0,1,0
BRDA:62,0,0,10
BRDA:62,0,1,0
BRDA:64,0,0,10
BRDA:64,0,1,0
BRDA:65,0,0,10
BRDA:65,0,1,0
BRDA:66,0,0,10
BRDA:66,0,1,0
BRDA:67,0,0,10
BRDA:67,0,1,0
BRDA:68,0,0,10
BRDA:68,0,1,0
BRDA:70,0,0,10
BRDA:70,0,1,0
BRDA:70,0,2,10
BRDA:70,0,3,0
BRDA:70,0,4,10
BRDA:70,0,5,0
BRDA:72,0,0,50
BRDA:72,0,1,10
BRDA:80,0,0,10
BRDA:80,0,1,0
BRDA:81,0,0,10
BRDA:81,0,1,0
BRDA:87,0,0,2
BRDA:87,0,1,0
BRDA:87,0,2,0
BRDA:87,0,3,2
BRDA:88,0,0,2
BRDA:88,0,1,0
BRDA:88,0,2,0
BRDA:88,0,3,2
BRDA:89,0,0,2
BRDA:89,0,1,0
BRDA:89,0,2,0
BRDA:89,0,3,2
BRDA:103,0,0,0
BRDA:103,0,1,2
BRDA:104,0,0,0
BRDA:104,0,1,2
BRDA:115,0,0,0
BRDA:115,0,1,2
BRDA:116,0,0,0
BRDA:116,0,1,2
BRDA:122,0,0,2
BRDA:122,0,1,0
BRDA:122,0,2,2
BRDA:122,0,3,0
BRDA:122,0,4,0
BRDA:122,0,5,2
BRDA:123,0,0,2
BRDA:123,0,1,0
BRDA:123,0,2,2
BRDA:123,0,3,0
BRDA:123,0,4,0
BRDA:123,0,5,2
BRDA:124,0,0,2
BRDA:124,0,1,0
BRDA:124,0,2,2
BRDA:124,0,3,0
BRDA:124,0,4,0
BRDA:124,0,5,2
BRDA:125,0,0,2
BRDA:125,0,1,0
BRDA:125,0,2,2
BRDA:125,0,3,0
BRDA:125,0,4,0
BRDA:125,0,5,2
BRDA:126,0,0,2
BRDA:126,0,1,0
BRDA:126,0,2,2
BRDA:126,0,3,0
BRDA:126,0,4,0
BRDA:126,0,5,2
BRDA:127,0,0,2
BRDA:127,0,1,0
BRDA:127,0,2,2
BRDA:127,0,3,0
BRDA:127,0,4,0
BRDA:127,0,5,2
BRDA:128,0,0,2
BRDA:128,0,1,0
BRDA:128,0,2,2
BRDA:128,0,3,0
BRDA:128,0,4,0
BRDA:128,0,5,2
BRDA:129,0,0,2
BRDA:129,0,1,0
BRDA:129,0,2,2
BRDA:129,0,3,0
BRDA:129,0,4,0
BRDA:129,0,5,2
BRDA:130,0,0,2
BRDA:130,0,1,0
BRDA:130,0,2,2
BRDA:130,0,3,0
BRDA:130,0,4,0
BRDA:130,0,5,2
BRDA:131,0,0,2
BRDA:131,0,1,0
BRDA:131,0,2,2
BRDA:131,0,3,0
BRDA:131,0,4,0
BRDA:131,0,5,2
BRDA:145,0,0,2
BRDA:145,0,1,0
BRDA:146,0,0,2
BRDA:146,0,1,0
BRDA:146,0,2,0
BRDA:146,0,3,2
BRDA:147,0,0,2
BRDA:147,0,1,0
BRDA:147,0,2,0
BRDA:147,0,3,2
BRDA:148,0,0,2
BRDA:148,0,1,0
BRDA:148,0,2,0
BRDA:148,0,3,2
BRDA:149,0,0,2
BRDA:149,0,1,0
BRDA:149,0,2,0
BRDA:149,0,3,2
BRDA:153,0,0,2
BRDA:153,0,1,0
BRDA:154,0,0,2
BRDA:154,0,1,0
BRDA:154,0,2,0
BRDA:154,0,3,2
BRDA:155,0,0,2
BRDA:155,0,1,0
BRDA:155,0,2,0
BRDA:155,0,3,2
BRDA:156,0,0,2
BRDA:156,0,1,0
BRDA:156,0,2,0
BRDA:156,0,3,2
BRDA:157,0,0,2
BRDA:157,0,1,0
BRDA:157,0,2,0
BRDA:157,0,3,2
BRF:180
BRH:94
DA:10,2
DA:13,2
DA:15,2
DA:18,2
DA:21,10
DA:24,110
DA:25,1100
DA:26,1000
DA:29,10
DA:30,20
DA:31,20
DA:35,10
DA:36,10
DA:37,10
DA:39,10
DA:40,10
DA:41,10
DA:43,40
DA:44,30
DA:48,10
DA:52,10
DA:53,20
DA:54,20
DA:58,10
DA:59,10
DA:60,10
DA:61,10
DA:62,10
DA:64,10
DA:65,10
DA:66,10
DA:67,10
DA:68,10
DA:70,10
DA:72,60
DA:73,50
DA:76,10
DA:78,10
DA:80,10
DA:81,10
DA:83,10
DA:85,2
DA:87,2
DA:88,2
DA:89,2
DA:92,2
DA:94,2
DA:95,2
DA:96,2
DA:98,2
DA:99,2
DA:100,2
DA:101,2
DA:103,2
DA:104,2
DA:108,2
DA:115,2
DA:116,2
DA:120,2
DA:122,2
DA:123,2
DA:124,2
DA:125,2
DA:126,2
DA:127,2
DA:128,2
DA:129,2
DA:130,2
DA:131,2
DA:134,2
DA:136,2
DA:138,2
DA:145,2
DA:146,2
DA:147,2
DA:148,2
DA:149,2
DA:153,2
DA:154,2
DA:155,2
DA:156,2
DA:157,2
LF:82
LH:82
end_of_record
TN:
SF:/home/milica/Downloads/vs/2021_Podmornice-main/podmorniceGUI_Novo/PodmorniceGUI/build-TestPodmornica-Desktop_Qt_6_4_2_GCC_64bit-Debug/moc_gubitak.cpp
FN:72,_ZN7Gubitak18qt_static_metacallEP7QObjectN11QMetaObject4CallEiPPv
FN:80,_ZNK7Gubitak10metaObjectEv
FN:85,_ZN7Gubitak11qt_metacastEPKc
FN:93,_ZN7Gubitak11qt_metacallEN11QMetaObject4CallEiPPv
FNDA:0,_ZNK7Gubitak10metaObjectEv
FNDA:0,_ZN7Gubitak11qt_metacallEN11QMetaObject4CallEiPPv
FNDA:0,_ZN7Gubitak11qt_metacastEPKc
FNDA:0,_ZN7Gubitak18qt_static_metacallEP7QObjectN11QMetaObject4CallEiPPv
FNF:4
FNH:0
BRDA:82,0,0,-
BRDA:82,0,1,-
BRDA:87,0,0,-
BRDA:87,0,1,-
BRDA:88,0,0,-
BRDA:88,0,1,-
BRF:6
BRH:0
DA:72,0
DA:78,0
DA:80,0
DA:82,0
DA:85,0
DA:87,0
DA:88,0
DA:89,0
DA:90,0
DA:93,0
DA:95,0
DA:96,0
LF:12
LH:0
end_of_record
TN:
SF:/home/milica/Downloads/vs/2021_Podmornice-main/podmorniceGUI_Novo/PodmorniceGUI/build-TestPodmornica-Desktop_Qt_6_4_2_GCC_64bit-Debug/moc_kreniigru.cpp
FN:86,_ZN9KreniIgru18qt_static_metacallEP7QObjectN11QMetaObject4CallEiPPv
FN:99,_ZNK9KreniIgru10metaObjectEv
FN:104,_ZN9KreniIgru11qt_metacastEPKc
FN:112,_ZN9KreniIgru11qt_metacallEN11QMetaObject4CallEiPPv
FNDA:0,_ZN9KreniIgru11qt_metacallEN11QMetaObject4CallEiPPv
FNDA:0,_ZNK9KreniIgru10metaObjectEv
FNDA:0,_ZN9KreniIgru11qt_metacastEPKc
FNDA:0,_ZN9KreniIgru18qt_static_metacallEP7QObjectN11QMetaObject4CallEiPPv
FNF:4
FNH:0
BRDA:88,0,0,-
BRDA:88,0,1,-
BRDA:91,0,0,-
BRDA:91,0,1,-
BRDA:101,0,0,-
BRDA:101,0,1,-
BRDA:106,0,0,-
BRDA:106,0,1,-
BRDA:107,0,0,-
BRDA:107,0,1,-
BRDA:115,0,0,-
BRDA:115,0,1,-
BRDA:117,0,0,-
BRDA:117,0,1,-
BRDA:118,0,0,-
BRDA:118,0,1,-
BRDA:121,0,0,-
BRDA:121,0,1,-
BRDA:122,0,0,-
BRDA:122,0,1,-
BRF:20
BRH:0
DA:86,0
DA:88,0
DA:89,0
DA:91,0
DA:92,0
DA:93,0
DA:97,0
DA:99,0
DA:101,0
DA:104,0
DA:106,0
DA:107,0
DA:108,0
DA:109,0
DA:112,0
DA:114,0
DA:115,0
DA:116,0
DA:117,0
DA:118,0
DA:119,0
DA:120,0
DA:121,0
DA:122,0
DA:123,0
DA:124,0
DA:126,0
LF:27
LH:0
end_of_record
TN:
SF:/home/milica/Downloads/vs/2021_Podmornice-main/podmorniceGUI_Novo/PodmorniceGUI/build-TestPodmornica-Desktop_Qt_6_4_2_GCC_64bit-Debug/moc_pobeda.cpp
FN:72,_ZN6Pobeda18qt_static_metacallEP7QObjectN11QMetaObject4CallEiPPv
FN:80,_ZNK6Pobeda10metaObjectEv
FN:85,_ZN6Pobeda11qt_metacastEPKc
FN:93,_ZN6Pobeda11qt_metacallEN11QMetaObject4CallEiPPv
FNDA:0,_ZN6Pobeda11qt_metacallEN11QMetaObject4CallEiPPv
FNDA:0,_ZN6Pobeda18qt_static_metacallEP7QObjectN11QMetaObject4CallEiPPv
FNDA:0,_ZN6Pobeda11qt_metacastEPKc
FNDA:0,_ZNK6Pobeda10metaObjectEv
FNF:4
FNH:0
BRDA:82,0,0,-
BRDA:82,0,1,-
BRDA:87,0,0,-
BRDA:87,0,1,-
BRDA:88,0,0,-
BRDA:88,0,1,-
BRF:6
BRH:0
DA:72,0
DA:78,0
DA:80,0
DA:82,0
DA:85,0
DA:87,0
DA:88,0
DA:89,0
DA:90,0
DA:93,0
DA:95,0
DA:96,0
LF:12
LH:0
end_of_record
TN:
SF:/home/milica/Downloads/vs/2021_Podmornice-main/podmorniceGUI_Novo/PodmorniceGUI/build-TestPodmornica-Desktop_Qt_6_4_2_GCC_64bit-Debug/moc_podmornicegui.cpp
FN:86,_ZN13PodmorniceGUI18qt_static_metacallEP7QObjectN11QMetaObject4CallEiPPv
FN:99,_ZNK13PodmorniceGUI10metaObjectEv
FN:104,_ZN13PodmorniceGUI11qt_metacastEPKc
FN:112,_ZN13PodmorniceGUI11qt_metacallEN11QMetaObject4CallEiPPv
FNDA:0,_ZN13PodmorniceGUI11qt_metacastEPKc
FNDA:0,_ZN13PodmorniceGUI11qt_metacallEN11QMetaObject4CallEiPPv
FNDA:0,_ZN13PodmorniceGUI18qt_static_metacallEP7QObjectN11QMetaObject4CallEiPPv
FNDA:0,_ZNK13PodmorniceGUI10metaObjectEv
FNF:4
FNH:0
BRDA:88,0,0,-
BRDA:88,0,1,-
BRDA:91,0,0,-
BRDA:91,0,1,-
BRDA:101,0,0,-
BRDA:101,0,1,-
BRDA:106,0,0,-
BRDA:106,0,1,-
BRDA:107,0,0,-
BRDA:107,0,1,-
BRDA:115,0,0,-
BRDA:115,0,1,-
BRDA:117,0,0,-
BRDA:117,0,1,-
BRDA:118,0,0,-
BRDA:118,0,1,-
BRDA:121,0,0,-
BRDA:121,0,1,-
BRDA:122,0,0,-
BRDA:122,0,1,-
BRF:20
BRH:0
DA:86,0
DA:88,0
DA:89,0
DA:91,0
DA:92,0
DA:93,0
DA:97,0
DA:99,0
DA:101,0
DA:104,0
DA:106,0
DA:107,0
DA:108,0
DA:109,0
DA:112,0
DA:114,0
DA:115,0
DA:116,0
DA:117,0
DA:118,0
DA:119,0
DA:120,0
DA:121,0
DA:122,0
DA:123,0
DA:124,0
DA:126,0
LF:27
LH:0
end_of_record
TN:
SF:/home/milica/Downloads/vs/2021_Podmornice-main/podmorniceGUI_Novo/PodmorniceGUI/build-TestPodmornica-Desktop_Qt_6_4_2_GCC_64bit-Debug/moc_tst_testpodmornica.cpp
FN:128,_ZN14TestPodmornica18qt_static_metacallEP7QObjectN11QMetaObject4CallEiPPv
FN:147,_ZNK14TestPodmornica10metaObjectEv
FN:152,_ZN14TestPodmornica11qt_metacastEPKc
FN:160,_ZN14TestPodmornica11qt_metacallEN11QMetaObject4CallEiPPv
FNDA:39,_ZNK14TestPodmornica10metaObjectEv
FNDA:0,_ZN14TestPodmornica11qt_metacallEN11QMetaObject4CallEiPPv
FNDA:0,_ZN14TestPodmornica11qt_metacastEPKc
FNDA:45,_ZN14TestPodmornica18qt_static_metacallEP7QObjectN11QMetaObject4CallEiPPv
FNF:4
FNH:2
BRDA:130,0,0,45
BRDA:130,0,1,0
BRDA:133,0,0,15
BRDA:133,0,1,15
BRDA:133,0,2,3
BRDA:133,0,3,3
BRDA:133,0,4,3
BRDA:133,0,5,3
BRDA:133,0,6,3
BRDA:133,0,7,0
BRDA:149,0,0,0
BRDA:149,0,1,39
BRDA:154,0,0,-
BRDA:154,0,1,-
BRDA:155,0,0,-
BRDA:155,0,1,-
BRDA:163,0,0,-
BRDA:163,0,1,-
BRDA:165,0,0,-
BRDA:165,0,1,-
BRDA:166,0,0,-
BRDA:166,0,1,-
BRDA:169,0,0,-
BRDA:169,0,1,-
BRDA:170,0,0,-
BRDA:170,0,1,-
BRF:26
BRH:9
DA:128,45
DA:130,45
DA:131,45
DA:133,45
DA:134,15
DA:135,15
DA:136,3
DA:137,3
DA:138,3
DA:139,3
DA:140,3
DA:141,45
DA:145,45
DA:147,39
DA:149,39
DA:152,0
DA:154,0
DA:155,0
DA:156,0
DA:157,0
DA:160,0
DA:162,0
DA:163,0
DA:164,0
DA:165,0
DA:166,0
DA:167,0
DA:168,0
DA:169,0
DA:170,0
DA:171,0
DA:172,0
DA:174,0
LF:33
LH:15
end_of_record
TN:
SF:/home/milica/Downloads/vs/2021_Podmornice-main/podmorniceGUI_Novo/PodmorniceGUI/gubitak.cpp
FN:4,_ZN7GubitakC2EP7QWidget
FN:11,_ZN7GubitakD0Ev
FN:11,_ZN7GubitakD2Ev
FNDA:0,_ZN7GubitakD0Ev
FNDA:0,_ZN7GubitakC2EP7QWidget
FNDA:0,_ZN7GubitakD2Ev
FNF:3
FNH:0
BRDA:6,0,0,-
BRDA:6,0,1,-
BRDA:6,0,2,-
BRDA:6,0,3,-
BRDA:8,0,0,-
BRDA:8,0,1,-
BRDA:13,0,0,-
BRDA:13,0,1,-
BRF:8
BRH:0
DA:4,0
DA:6,0
DA:8,0
DA:9,0
DA:11,0
DA:13,0
DA:14,0
LF:7
LH:0
end_of_record
TN:
SF:/home/milica/Downloads/vs/2021_Podmornice-main/podmorniceGUI_Novo/PodmorniceGUI/kreniigru.cpp
FN:12,_ZN10PodmornicaC2Eci5QListIiES1_i7QString
FN:23,_ZN10PodmornicaC2Ev
FN:28,_ZN10Podmornica10setPogodakEv
FN:33,_ZN10Podmornica12proveriPotopEi
FN:47,_ZN10Podmornica13getPodmornicaEii
FN:64,_Z17postaviPodmornicuPA10_iiiR5QListI10PodmornicaE
FN:131,_Z18proveriPreklapanjePA10_iiiic
FN:165,_Z10uzmiPravaci
FN:178,_Z19izaberiVrsteiKoloneRiS_ic
FN:251,_Z11izmeniTabluPA10_iiiii
FN:278,_Z16izmeniPodmornicuiiiR5QListI10PodmornicaEi
FN:456,_ZN9KreniIgruC2EP7QWidget
FN:471,_ZN9KreniIgruD2Ev
FN:471,_ZN9KreniIgruD0Ev
FN:478,_Z12izbaciProzorv
FN:486,_Z12izgubio_igruv
FN:494,_ZN9KreniIgru4obojEv
FNDA:21,_ZN10Podmornica10setPogodakEv
FNDA:6,_Z19izaberiVrsteiKoloneRiS_ic
FNDA:6,_Z18proveriPreklapanjePA10_iiiic
FNDA:30,_ZN10PodmornicaC2Eci5QListIiES1_i7QString
FNDA:6,_ZN10Podmornica12proveriPotopEi
FNDA:0,_ZN9KreniIgruD2Ev
FNDA:0,_ZN10PodmornicaC2Ev
FNDA:0,_ZN9KreniIgruC2EP7QWidget
FNDA:30,_Z10uzmiPravaci
FNDA:0,_Z17postaviPodmornicuPA10_iiiR5QListI10PodmornicaE
FNDA:0,_Z16izmeniPodmornicuiiiR5QListI10PodmornicaEi
FNDA:0,_Z12izbaciProzorv
FNDA:0,_ZN9KreniIgruD0Ev
FNDA:0,_Z11izmeniTabluPA10_iiiii
FNDA:0,_ZN9KreniIgru4obojEv
FNDA:0,_Z12izgubio_igruv
FNDA:9,_ZN10Podmornica13getPodmornicaEii
FNF:17
FNH:7
BRDA:36,0,0,3
BRDA:36,0,1,3
BRDA:49,0,0,30
BRDA:49,0,1,3
BRDA:51,0,0,12
BRDA:51,0,1,18
BRDA:51,0,2,6
BRDA:51,0,3,6
BRDA:51,0,4,6
BRDA:51,0,5,24
BRDA:72,0,0,-
BRDA:72,0,1,-
BRDA:73,0,0,-
BRDA:73,0,1,-
BRDA:76,0,0,-
BRDA:76,0,1,-
BRDA:78,0,0,-
BRDA:78,0,1,-
BRDA:80,0,0,-
BRDA:80,0,1,-
BRDA:83,0,0,-
BRDA:83,0,1,-
BRDA:87,0,0,-
BRDA:87,0,1,-
BRDA:88,0,0,-
BRDA:88,0,1,-
BRDA:92,0,0,-
BRDA:92,0,1,-
BRDA:95,0,0,-
BRDA:95,0,1,-
BRDA:100,0,0,-
BRDA:100,0,1,-
BRDA:102,0,0,-
BRDA:102,0,1,-
BRDA:105,0,0,-
BRDA:105,0,1,-
BRDA:109,0,0,-
BRDA:109,0,1,-
BRDA:110,0,0,-
BRDA:110,0,1,-
BRDA:114,0,0,-
BRDA:114,0,1,-
BRDA:117,0,0,-
BRDA:117,0,1,-
BRDA:135,0,0,3
BRDA:135,0,1,3
BRDA:137,0,0,9
BRDA:137,0,1,0
BRDA:140,0,0,3
BRDA:140,0,1,6
BRDA:150,0,0,12
BRDA:150,0,1,3
BRDA:153,0,0,0
BRDA:153,0,1,12
BRDA:167,0,0,15
BRDA:167,0,1,15
BRDA:187,0,0,0
BRDA:187,0,1,0
BRDA:187,0,2,0
BRDA:187,0,3,6
BRDA:187,0,4,0
BRDA:187,0,5,0
BRDA:190,0,0,-
BRDA:190,0,1,-
BRDA:201,0,0,-
BRDA:201,0,1,-
BRDA:212,0,0,-
BRDA:212,0,1,-
BRDA:223,0,0,3
BRDA:223,0,1,3
BRDA:235,0,0,-
BRDA:235,0,1,-
BRDA:253,0,0,-
BRDA:253,0,1,-
BRDA:254,0,0,-
BRDA:254,0,1,-
BRDA:260,0,0,-
BRDA:260,0,1,-
BRDA:262,0,0,-
BRDA:262,0,1,-
BRDA:280,0,0,-
BRDA:280,0,1,-
BRDA:280,0,2,-
BRDA:280,0,3,-
BRDA:280,0,4,-
BRDA:280,0,5,-
BRDA:283,0,0,-
BRDA:283,0,1,-
BRDA:285,0,0,-
BRDA:285,0,1,-
BRDA:286,0,0,-
BRDA:286,0,1,-
BRDA:287,0,0,-
BRDA:287,0,1,-
BRDA:288,0,0,-
BRDA:288,0,1,-
BRDA:290,0,0,-
BRDA:290,0,1,-
BRDA:291,0,0,-
BRDA:291,0,1,-
BRDA:296,0,0,-
BRDA:296,0,1,-
BRDA:296,0,2,-
BRDA:296,0,3,-
BRDA:297,0,0,-
BRDA:297,0,1,-
BRDA:299,0,0,-
BRDA:299,0,1,-
BRDA:301,0,0,-
BRDA:301,0,1,-
BRDA:302,0,0,-
BRDA:302,0,1,-
BRDA:304,0,0,-
BRDA:304,0,1,-
BRDA:305,0,0,-
BRDA:305,0,1,-
BRDA:307,0,0,-
BRDA:307,0,1,-
BRDA:308,0,0,-
BRDA:308,0,1,-
BRDA:311,0,0,-
BRDA:311,0,1,-
BRDA:311,0,2,-
BRDA:311,0,3,-
BRDA:312,0,0,-
BRDA:312,0,1,-
BRDA:318,0,0,-
BRDA:318,0,1,-
BRDA:320,0,0,-
BRDA:320,0,1,-
BRDA:321,0,0,-
BRDA:321,0,1,-
BRDA:322,0,0,-
BRDA:322,0,1,-
BRDA:323,0,0,-
BRDA:323,0,1,-
BRDA:325,0,0,-
BRDA:325,0,1,-
BRDA:326,0,0,-
BRDA:326,0,1,-
BRDA:329,0,0,-
BRDA:329,0,1,-
BRDA:329,0,2,-
BRDA:329,0,3,-
BRDA:330,0,0,-
BRDA:330,0,1,-
BRDA:331,0,0,-
BRDA:331,0,1,-
BRDA:333,0,0,-
BRDA:333,0,1,-
BRDA:334,0,0,-
BRDA:334,0,1,-
BRDA:336,0,0,-
BRDA:336,0,1,-
BRDA:337,0,0,-
BRDA:337,0,1,-
BRDA:339,0,0,-
BRDA:339,0,1,-
BRDA:340,0,0,-
BRDA:340,0,1,-
BRDA:343,0,0,-
BRDA:343,0,1,-
BRDA:343,0,2,-
BRDA:343,0,3,-
BRDA:344,0,0,-
BRDA:344,0,1,-
BRDA:349,0,0,-
BRDA:349,0,1,-
BRDA:351,0,0,-
BRDA:351,0,1,-
BRDA:352,0,0,-
BRDA:352,0,1,-
BRDA:353,0,0,-
BRDA:353,0,1,-
BRDA:354,0,0,-
BRDA:354,0,1,-
BRDA:356,0,0,-
BRDA:356,0,1,-
BRDA:357,0,0,-
BRDA:357,0,1,-
BRDA:360,0,0,-
BRDA:360,0,1,-
BRDA:360,0,2,-
BRDA:360,0,3,-
BRDA:361,0,0,-
BRDA:361,0,1,-
BRDA:363,0,0,-
BRDA:363,0,1,-
BRDA:365,0,0,-
BRDA:365,0,1,-
BRDA:366,0,0,-
BRDA:366,0,1,-
BRDA:368,0,0,-
BRDA:368,0,1,-
BRDA:369,0,0,-
BRDA:369,0,1,-
BRDA:371,0,0,-
BRDA:371,0,1,-
BRDA:372,0,0,-
BRDA:372,0,1,-
BRDA:375,0,0,-
BRDA:375,0,1,-
BRDA:375,0,2,-
BRDA:375,0,3,-
BRDA:376,0,0,-
BRDA:376,0,1,-
BRDA:381,0,0,-
BRDA:381,0,1,-
BRDA:383,0,0,-
BRDA:383,0,1,-
BRDA:384,0,0,-
BRDA:384,0,1,-
BRDA:385,0,0,-
BRDA:385,0,1,-
BRDA:386,0,0,-
BRDA:386,0,1,-
BRDA:388,0,0,-
BRDA:388,0,1,-
BRDA:389,0,0,-
BRDA:389,0,1,-
BRDA:392,0,0,-
BRDA:392,0,1,-
BRDA:392,0,2,-
BRDA:392,0,3,-
BRDA:393,0,0,-
BRDA:393,0,1,-
BRDA:395,0,0,-
BRDA:395,0,1,-
BRDA:397,0,0,-
BRDA:397,0,1,-
BRDA:398,0,0,-
BRDA:398,0,1,-
BRDA:400,0,0,-
BRDA:400,0,1,-
BRDA:401,0,0,-
BRDA:401,0,1,-
BRDA:403,0,0,-
BRDA:403,0,1,-
BRDA:404,0,0,-
BRDA:404,0,1,-
BRDA:407,0,0,-
BRDA:407,0,1,-
BRDA:407,0,2,-
BRDA:407,0,3,-
BRDA:408,0,0,-
BRDA:408,0,1,-
BRDA:413,0,0,-
BRDA:413,0,1,-
BRDA:415,0,0,-
BRDA:415,0,1,-
BRDA:416,0,0,-
BRDA:416,0,1,-
BRDA:417,0,0,-
BRDA:417,0,1,-
BRDA:418,0,0,-
BRDA:418,0,1,-
BRDA:420,0,0,-
BRDA:420,0,1,-
BRDA:421,0,0,-
BRDA:421,0,1,-
BRDA:424,0,0,-
BRDA:424,0,1,-
BRDA:424,0,2,-
BRDA:424,0,3,-
BRDA:425,0,0,-
BRDA:425,0,1,-
BRDA:427,0,0,-
BRDA:427,0,1,-
BRDA:429,0,0,-
BRDA:429,0,1,-
BRDA:430,0,0,-
BRDA:430,0,1,-
BRDA:432,0,0,-
BRDA:432,0,1,-
BRDA:433,0,0,-
BRDA:433,0,1,-
BRDA:435,0,0,-
BRDA:435,0,1,-
BRDA:436,0,0,-
BRDA:436,0,1,-
BRDA:439,0,0,-
BRDA:439,0,1,-
BRDA:439,0,2,-
BRDA:439,0,3,-
BRDA:440,0,0,-
BRDA:440,0,1,-
BRDA:458,0,0,-
BRDA:458,0,1,-
BRDA:458,0,2,-
BRDA:458,0,3,-
BRDA:460,0,0,-
BRDA:460,0,1,-
BRDA:461,0,0,-
BRDA:461,0,1,-
BRDA:462,0,0,-
BRDA:462,0,1,-
BRDA:463,0,0,-
BRDA:463,0,1,-
BRDA:463,0,2,-
BRDA:463,0,3,-
BRDA:463,0,4,-
BRDA:463,0,5,-
BRDA:463,0,6,-
BRDA:463,0,7,-
BRDA:464,0,0,-
BRDA:464,0,1,-
BRDA:465,0,0,-
BRDA:465,0,1,-
BRDA:465,0,2,-
BRDA:465,0,3,-
BRDA:465,0,4,-
BRDA:465,0,5,-
BRDA:473,0,0,-
BRDA:473,0,1,-
BRDA:480,0,0,-
BRDA:480,0,1,-
BRDA:481,0,0,-
BRDA:481,0,1,-
BRDA:482,0,0,-
BRDA:482,0,1,-
BRDA:488,0,0,-
BRDA:488,0,1,-
BRDA:489,0,0,-
BRDA:489,0,1,-
BRDA:490,0,0,-
BRDA:490,0,1,-
BRDA:497,0,0,-
BRDA:497,0,1,-
BRDA:500,0,0,-
BRDA:500,0,1,-
BRDA:501,0,0,-
BRDA:501,0,1,-
BRDA:502,0,0,-
BRDA:502,0,1,-
BRDA:507,0,0,-
BRDA:507,0,1,-
BRDA:507,0,2,-
BRDA:507,0,3,-
BRDA:507,0,4,-
BRDA:507,0,5,-
BRDA:507,0,6,-
BRDA:510,0,0,-
BRDA:510,0,1,-
BRDA:510,0,2,-
BRDA:510,0,3,-
BRDA:511,0,0,-
BRDA:511,0,1,-
BRDA:512,0,0,-
BRDA:512,0,1,-
BRDA:513,0,0,-
BRDA:513,0,1,-
BRDA:513,0,2,-
BRDA:513,0,3,-
BRDA:515,0,0,-
BRDA:515,0,1,-
BRDA:516,0,0,-
BRDA:516,0,1,-
BRDA:517,0,0,-
BRDA:517,0,1,-
BRDA:517,0,2,-
BRDA:517,0,3,-
BRDA:523,0,0,-
BRDA:523,0,1,-
BRDA:524,0,0,-
BRDA:524,0,1,-
BRDA:526,0,0,-
BRDA:526,0,1,-
BRDA:527,0,0,-
BRDA:527,0,1,-
BRDA:527,0,2,-
BRDA:527,0,3,-
BRDA:528,0,0,-
BRDA:528,0,1,-
BRDA:528,0,2,-
BRDA:528,0,3,-
BRDA:529,0,0,-
BRDA:529,0,1,-
BRDA:530,0,0,-
BRDA:530,0,1,-
BRDA:530,0,2,-
BRDA:530,0,3,-
BRDA:531,0,0,-
BRDA:531,0,1,-
BRDA:531,0,2,-
BRDA:531,0,3,-
BRDA:534,0,0,-
BRDA:534,0,1,-
BRDA:536,0,0,-
BRDA:536,0,1,-
BRDA:537,0,0,-
BRDA:537,0,1,-
BRDA:538,0,0,-
BRDA:538,0,1,-
BRDA:538,0,2,-
BRDA:538,0,3,-
BRDA:544,0,0,-
BRDA:544,0,1,-
BRDA:545,0,0,-
BRDA:545,0,1,-
BRDA:546,0,0,-
BRDA:546,0,1,-
BRDA:547,0,0,-
BRDA:547,0,1,-
BRDA:547,0,2,-
BRDA:547,0,3,-
BRDA:548,0,0,-
BRDA:548,0,1,-
BRDA:549,0,0,-
BRDA:549,0,1,-
BRDA:549,0,2,-
BRDA:549,0,3,-
BRDA:551,0,0,-
BRDA:551,0,1,-
BRDA:551,0,2,-
BRDA:551,0,3,-
BRDA:551,0,4,-
BRDA:551,0,5,-
BRDA:553,0,0,-
BRDA:553,0,1,-
BRDA:553,0,2,-
BRDA:553,0,3,-
BRDA:554,0,0,-
BRDA:554,0,1,-
BRDA:557,0,0,-
BRDA:557,0,1,-
BRDA:558,0,0,-
BRDA:558,0,1,-
BRDA:560,0,0,-
BRDA:560,0,1,-
BRDA:560,0,2,-
BRDA:560,0,3,-
BRDA:566,0,0,-
BRDA:566,0,1,-
BRDA:567,0,0,-
BRDA:567,0,1,-
BRDA:568,0,0,-
BRDA:568,0,1,-
BRDA:569,0,0,-
BRDA:569,0,1,-
BRDA:569,0,2,-
BRDA:569,0,3,-
BRDA:570,0,0,-
BRDA:570,0,1,-
BRDA:571,0,0,-
BRDA:571,0,1,-
BRDA:571,0,2,-
BRDA:571,0,3,-
BRDA:573,0,0,-
BRDA:573,0,1,-
BRDA:573,0,2,-
BRDA:573,0,3,-
BRDA:573,0,4,-
BRDA:573,0,5,-
BRDA:575,0,0,-
BRDA:575,0,1,-
BRDA:575,0,2,-
BRDA:575,0,3,-
BRDA:576,0,0,-
BRDA:576,0,1,-
BRDA:579,0,0,-
BRDA:579,0,1,-
BRDA:580,0,0,-
BRDA:580,0,1,-
BRDA:582,0,0,-
BRDA:582,0,1,-
BRDA:582,0,2,-
BRDA:582,0,3,-
BRDA:588,0,0,-
BRDA:588,0,1,-
BRDA:589,0,0,-
BRDA:589,0,1,-
BRDA:590,0,0,-
BRDA:590,0,1,-
BRDA:591,0,0,-
BRDA:591,0,1,-
BRDA:591,0,2,-
BRDA:591,0,3,-
BRDA:592,0,0,-
BRDA:592,0,1,-
BRDA:593,0,0,-
BRDA:593,0,1,-
BRDA:593,0,2,-
BRDA:593,0,3,-
BRDA:595,0,0,-
BRDA:595,0,1,-
BRDA:595,0,2,-
BRDA:595,0,3,-
BRDA:595,0,4,-
BRDA:595,0,5,-
BRDA:597,0,0,-
BRDA:597,0,1,-
BRDA:597,0,2,-
BRDA:597,0,3,-
BRDA:598,0,0,-
BRDA:598,0,1,-
BRDA:601,0,0,-
BRDA:601,0,1,-
BRDA:602,0,0,-
BRDA:602,0,1,-
BRDA:604,0,0,-
BRDA:604,0,1,-
BRDA:604,0,2,-
BRDA:604,0,3,-
BRDA:610,0,0,-
BRDA:610,0,1,-
BRDA:611,0,0,-
BRDA:611,0,1,-
BRDA:613,0,0,-
BRDA:613,0,1,-
BRDA:614,0,0,-
BRDA:614,0,1,-
BRDA:614,0,2,-
BRDA:614,0,3,-
BRDA:615,0,0,-
BRDA:615,0,1,-
BRDA:616,0,0,-
BRDA:616,0,1,-
BRDA:616,0,2,-
BRDA:616,0,3,-
BRDA:618,0,0,-
BRDA:618,0,1,-
BRDA:618,0,2,-
BRDA:618,0,3,-
BRDA:618,0,4,-
BRDA:618,0,5,-
BRDA:620,0,0,-
BRDA:620,0,1,-
BRDA:620,0,2,-
BRDA:620,0,3,-
BRDA:621,0,0,-
BRDA:621,0,1,-
BRDA:624,0,0,-
BRDA:624,0,1,-
BRDA:625,0,0,-
BRDA:625,0,1,-
BRDA:627,0,0,-
BRDA:627,0,1,-
BRDA:627,0,2,-
BRDA:627,0,3,-
BRF:539
BRH:23
DA:12,30
DA:14,30
DA:15,30
DA:16,30
DA:17,30
DA:18,30
DA:19,30
DA:20,30
DA:23,0
DA:28,21
DA:30,21
DA:31,21
DA:33,6
DA:36,6
DA:38,3
DA:42,3
DA:47,9
DA:49,33
DA:51,30
DA:53,6
DA:56,3
DA:64,0
DA:66,0
DA:67,0
DA:68,0
DA:69,0
DA:70,0
DA:71,0
DA:72,0
DA:73,0
DA:76,0
DA:78,0
DA:80,0
DA:83,0
DA:87,0
DA:88,0
DA:89,0
DA:90,0
DA:92,0
DA:95,0
DA:98,0
DA:100,0
DA:102,0
DA:105,0
DA:109,0
DA:110,0
DA:111,0
DA:112,0
DA:114,0
DA:117,0
DA:120,0
DA:125,0
DA:131,6
DA:133,6
DA:135,6
DA:137,9
DA:139,9
DA:140,9
DA:142,3
DA:146,0
DA:150,15
DA:152,12
DA:153,12
DA:154,0
DA:158,3
DA:165,30
DA:167,30
DA:169,15
DA:172,15
DA:178,6
DA:187,6
DA:189,0
DA:190,0
DA:192,0
DA:193,0
DA:196,0
DA:197,0
DA:199,0
DA:200,0
DA:201,0
DA:203,0
DA:204,0
DA:207,0
DA:208,0
DA:210,0
DA:211,0
DA:212,0
DA:214,0
DA:215,0
DA:218,0
DA:219,0
DA:221,0
DA:222,6
DA:223,6
DA:225,3
DA:226,3
DA:229,3
DA:230,3
DA:232,6
DA:234,0
DA:235,0
DA:237,0
DA:238,0
DA:241,0
DA:242,0
DA:244,0
DA:246,6
DA:251,0
DA:253,0
DA:254,0
DA:256,0
DA:257,0
DA:260,0
DA:262,0
DA:264,0
DA:265,0
DA:274,0
DA:278,0
DA:280,0
DA:282,0
DA:283,0
DA:285,0
DA:286,0
DA:287,0
DA:288,0
DA:290,0
DA:291,0
DA:292,0
DA:296,0
DA:297,0
DA:299,0
DA:301,0
DA:302,0
DA:304,0
DA:305,0
DA:307,0
DA:308,0
DA:309,0
DA:311,0
DA:312,0
DA:315,0
DA:317,0
DA:318,0
DA:320,0
DA:321,0
DA:322,0
DA:323,0
DA:325,0
DA:326,0
DA:327,0
DA:329,0
DA:330,0
DA:331,0
DA:333,0
DA:334,0
DA:336,0
DA:337,0
DA:339,0
DA:340,0
DA:341,0
DA:343,0
DA:344,0
DA:346,0
DA:348,0
DA:349,0
DA:351,0
DA:352,0
DA:353,0
DA:354,0
DA:356,0
DA:357,0
DA:358,0
DA:360,0
DA:361,0
DA:363,0
DA:365,0
DA:366,0
DA:368,0
DA:369,0
DA:371,0
DA:372,0
DA:373,0
DA:375,0
DA:376,0
DA:378,0
DA:380,0
DA:381,0
DA:383,0
DA:384,0
DA:385,0
DA:386,0
DA:388,0
DA:389,0
DA:390,0
DA:392,0
DA:393,0
DA:395,0
DA:397,0
DA:398,0
DA:400,0
DA:401,0
DA:403,0
DA:404,0
DA:405,0
DA:407,0
DA:408,0
DA:410,0
DA:412,0
DA:413,0
DA:415,0
DA:416,0
DA:417,0
DA:418,0
DA:420,0
DA:421,0
DA:422,0
DA:424,0
DA:425,0
DA:427,0
DA:429,0
DA:430,0
DA:432,0
DA:433,0
DA:435,0
DA:436,0
DA:437,0
DA:439,0
DA:440,0
DA:442,0
DA:446,0
DA:456,0
DA:458,0
DA:460,0
DA:461,0
DA:462,0
DA:463,0
DA:464,0
DA:465,0
DA:469,0
DA:471,0
DA:473,0
DA:474,0
DA:478,0
DA:480,0
DA:481,0
DA:482,0
DA:483,0
DA:486,0
DA:488,0
DA:489,0
DA:490,0
DA:491,0
DA:494,0
DA:497,0
DA:500,0
DA:501,0
DA:502,0
DA:504,0
DA:507,0
DA:509,0
DA:510,0
DA:511,0
DA:512,0
DA:513,0
DA:514,0
DA:515,0
DA:516,0
DA:517,0
DA:519,0
DA:521,0
DA:522,0
DA:523,0
DA:524,0
DA:526,0
DA:527,0
DA:528,0
DA:529,0
DA:530,0
DA:531,0
DA:533,0
DA:534,0
DA:536,0
DA:537,0
DA:538,0
DA:540,0
DA:542,0
DA:543,0
DA:544,0
DA:545,0
DA:546,0
DA:547,0
DA:548,0
DA:549,0
DA:551,0
DA:552,0
DA:553,0
DA:554,0
DA:557,0
DA:558,0
DA:560,0
DA:562,0
DA:564,0
DA:565,0
DA:566,0
DA:567,0
DA:568,0
DA:569,0
DA:570,0
DA:571,0
DA:573,0
DA:574,0
DA:575,0
DA:576,0
DA:579,0
DA:580,0
DA:582,0
DA:584,0
DA:586,0
DA:587,0
DA:588,0
DA:589,0
DA:590,0
DA:591,0
DA:592,0
DA:593,0
DA:595,0
DA:596,0
DA:597,0
DA:598,0
DA:601,0
DA:602,0
DA:604,0
DA:606,0
DA:608,0
DA:609,0
DA:610,0
DA:611,0
DA:613,0
DA:614,0
DA:615,0
DA:616,0
DA:618,0
DA:619,0
DA:620,0
DA:621,0
DA:624,0
DA:625,0
DA:627,0
DA:629,0
DA:634,0
LF:350
LH:45
end_of_record
TN:
SF:/home/milica/Downloads/vs/2021_Podmornice-main/podmorniceGUI_Novo/PodmorniceGUI/pobeda.cpp
FN:4,_ZN6PobedaC2EP7QWidget
FN:20,_ZN6PobedaD0Ev
FN:20,_ZN6PobedaD2Ev
FNDA:0,_ZN6PobedaD2Ev
FNDA:0,_ZN6PobedaC2EP7QWidget
FNDA:0,_ZN6PobedaD0Ev
FNF:3
FNH:0
BRDA:6,0,0,-
BRDA:6,0,1,-
BRDA:6,0,2,-
BRDA:6,0,3,-
BRDA:8,0,0,-
BRDA:8,0,1,-
BRDA:12,0,0,-
BRDA:12,0,1,-
BRDA:12,0,2,-
BRDA:12,0,3,-
BRDA:22,0,0,-
BRDA:22,0,1,-
BRF:12
BRH:0
DA:4,0
DA:6,0
DA:8,0
DA:12,0
DA:18,0
DA:20,0
DA:22,0
DA:23,0
LF:8
LH:0
end_of_record
TN:
SF:/home/milica/Downloads/vs/2021_Podmornice-main/podmorniceGUI_Novo/PodmorniceGUI/podmornicegui.cpp
FN:10,_ZN13PodmorniceGUIC2EP7QWidget
FN:19,_ZN13PodmorniceGUID2Ev
FN:19,_ZN13PodmorniceGUID0Ev
FN:25,_Z12postaviTabluPA10_i
FN:33,_ZN13PodmorniceGUI18on_postavi_clickedEv
FNDA:0,_ZN13PodmorniceGUID0Ev
FNDA:0,_ZN13PodmorniceGUIC2EP7QWidget
FNDA:0,_ZN13PodmorniceGUI18on_postavi_clickedEv
FNDA:0,_Z12postaviTabluPA10_i
FNDA:0,_ZN13PodmorniceGUID2Ev
FNF:5
FNH:0
BRDA:12,0,0,-
BRDA:12,0,1,-
BRDA:12,0,2,-
BRDA:12,0,3,-
BRDA:14,0,0,-
BRDA:14,0,1,-
BRDA:21,0,0,-
BRDA:21,0,1,-
BRDA:26,0,0,-
BRDA:26,0,1,-
BRDA:27,0,0,-
BRDA:27,0,1,-
BRDA:35,0,0,-
BRDA:35,0,1,-
BRDA:36,0,0,-
BRDA:36,0,1,-
BRDA:37,0,0,-
BRDA:37,0,1,-
BRDA:38,0,0,-
BRDA:38,0,1,-
BRDA:39,0,0,-
BRDA:39,0,1,-
BRDA:40,0,0,-
BRDA:40,0,1,-
BRDA:41,0,0,-
BRDA:41,0,1,-
BRDA:45,0,0,-
BRDA:45,0,1,-
BRDA:46,0,0,-
BRDA:46,0,1,-
BRDA:47,0,0,-
BRDA:47,0,1,-
BRF:32
BRH:0
DA:10,0
DA:12,0
DA:14,0
DA:17,0
DA:19,0
DA:21,0
DA:22,0
DA:25,0
DA:26,0
DA:27,0
DA:28,0
DA:30,0
DA:33,0
DA:35,0
DA:36,0
DA:37,0
DA:38,0
DA:39,0
DA:40,0
DA:41,0
DA:42,0
DA:43,0
DA:45,0
DA:46,0
DA:47,0
DA:50,0
LF:26
LH:0
end_of_record
TN:
SF:/home/milica/Downloads/vs/2021_Podmornice-main/podmorniceGUI_Novo/PodmorniceGUI/ui_gubitak.h
FN:24,_ZN10Ui_Gubitak7setupUiEP7QDialog
FN:44,_ZN10Ui_Gubitak13retranslateUiEP7QDialog
FNDA:0,_ZN10Ui_Gubitak13retranslateUiEP7QDialog
FNDA:0,_ZN10Ui_Gubitak7setupUiEP7QDialog
FNF:2
FNH:0
BRDA:26,0,0,-
BRDA:26,0,1,-
BRDA:26,0,2,-
BRDA:26,0,3,-
BRDA:27,0,0,-
BRDA:27,0,1,-
BRDA:27,0,2,-
BRDA:27,0,3,-
BRDA:28,0,0,-
BRDA:28,0,1,-
BRDA:29,0,0,-
BRDA:29,0,1,-
BRDA:29,0,2,-
BRDA:29,0,3,-
BRDA:30,0,0,-
BRDA:30,0,1,-
BRDA:30,0,2,-
BRDA:30,0,3,-
BRDA:31,0,0,-
BRDA:31,0,1,-
BRDA:31,0,2,-
BRDA:31,0,3,-
BRDA:32,0,0,-
BRDA:32,0,1,-
BRDA:33,0,0,-
BRDA:33,0,1,-
BRDA:34,0,0,-
BRDA:34,0,1,-
BRDA:34,0,2,-
BRDA:34,0,3,-
BRDA:35,0,0,-
BRDA:35,0,1,-
BRDA:36,0,0,-
BRDA:36,0,1,-
BRDA:37,0,0,-
BRDA:37,0,1,-
BRDA:37,0,2,-
BRDA:37,0,3,-
BRDA:39,0,0,-
BRDA:39,0,1,-
BRDA:41,0,0,-
BRDA:41,0,1,-
BRDA:46,0,0,-
BRDA:46,0,1,-
BRDA:47,0,0,-
BRDA:47,0,1,-
BRF:46
BRH:0
DA:24,0
DA:26,0
DA:27,0
DA:28,0
DA:29,0
DA:30,0
DA:31,0
DA:32,0
DA:33,0
DA:34,0
DA:35,0
DA:36,0
DA:37,0
DA:39,0
DA:41,0
DA:42,0
DA:44,0
DA:46,0
DA:47,0
DA:48,0
LF:20
LH:0
end_of_record
TN:
SF:/home/milica/Downloads/vs/2021_Podmornice-main/podmorniceGUI_Novo/PodmorniceGUI/ui_kreniigru.h
FN:134,_ZN12Ui_KreniIgru7setupUiEP7QDialog
FN:1193,_ZN12Ui_KreniIgru13retranslateUiEP7QDialog
FNDA:0,_ZN12Ui_KreniIgru13retranslateUiEP7QDialog
FNDA:0,_ZN12Ui_KreniIgru7setupUiEP7QDialog
FNF:2
FNH:0
BRDA:136,0,0,-
BRDA:136,0,1,-
BRDA:136,0,2,-
BRDA:136,0,3,-
BRDA:137,0,0,-
BRDA:137,0,1,-
BRDA:137,0,2,-
BRDA:137,0,3,-
BRDA:138,0,0,-
BRDA:138,0,1,-
BRDA:139,0,0,-
BRDA:139,0,1,-
BRDA:139,0,2,-
BRDA:139,0,3,-
BRDA:140,0,0,-
BRDA:140,0,1,-
BRDA:140,0,2,-
BRDA:140,0,3,-
BRDA:141,0,0,-
BRDA:141,0,1,-
BRDA:143,0,0,-
BRDA:143,0,1,-
BRDA:144,0,0,-
BRDA:144,0,1,-
BRDA:145,0,0,-
BRDA:145,0,1,-
BRDA:146,0,0,-
BRDA:146,0,1,-
BRDA:147,0,0,-
BRDA:147,0,1,-
BRDA:147,0,2,-
BRDA:147,0,3,-
BRDA:151,0,0,-
BRDA:151,0,1,-
BRDA:152,0,0,-
BRDA:152,0,1,-
BRDA:152,0,2,-
BRDA:152,0,3,-
BRDA:153,0,0,-
BRDA:153,0,1,-
BRDA:153,0,2,-
BRDA:153,0,3,-
BRDA:154,0,0,-
BRDA:154,0,1,-
BRDA:155,0,0,-
BRDA:155,0,1,-
BRDA:156,0,0,-
BRDA:156,0,1,-
BRDA:157,0,0,-
BRDA:157,0,1,-
BRDA:157,0,2,-
BRDA:157,0,3,-
BRDA:161,0,0,-
BRDA:161,0,1,-
BRDA:162,0,0,-
BRDA:162,0,1,-
BRDA:162,0,2,-
BRDA:162,0,3,-
BRDA:163,0,0,-
BRDA:163,0,1,-
BRDA:163,0,2,-
BRDA:163,0,3,-
BRDA:164,0,0,-
BRDA:164,0,1,-
BRDA:165,0,0,-
BRDA:165,0,1,-
BRDA:166,0,0,-
BRDA:166,0,1,-
BRDA:167,0,0,-
BRDA:167,0,1,-
BRDA:167,0,2,-
BRDA:167,0,3,-
BRDA:171,0,0,-
BRDA:171,0,1,-
BRDA:172,0,0,-
BRDA:172,0,1,-
BRDA:172,0,2,-
BRDA:172,0,3,-
BRDA:173,0,0,-
BRDA:173,0,1,-
BRDA:173,0,2,-
BRDA:173,0,3,-
BRDA:174,0,0,-
BRDA:174,0,1,-
BRDA:175,0,0,-
BRDA:175,0,1,-
BRDA:176,0,0,-
BRDA:176,0,1,-
BRDA:177,0,0,-
BRDA:177,0,1,-
BRDA:177,0,2,-
BRDA:177,0,3,-
BRDA:181,0,0,-
BRDA:181,0,1,-
BRDA:182,0,0,-
BRDA:182,0,1,-
BRDA:182,0,2,-
BRDA:182,0,3,-
BRDA:183,0,0,-
BRDA:183,0,1,-
BRDA:183,0,2,-
BRDA:183,0,3,-
BRDA:184,0,0,-
BRDA:184,0,1,-
BRDA:185,0,0,-
BRDA:185,0,1,-
BRDA:186,0,0,-
BRDA:186,0,1,-
BRDA:187,0,0,-
BRDA:187,0,1,-
BRDA:187,0,2,-
BRDA:187,0,3,-
BRDA:191,0,0,-
BRDA:191,0,1,-
BRDA:192,0,0,-
BRDA:192,0,1,-
BRDA:192,0,2,-
BRDA:192,0,3,-
BRDA:193,0,0,-
BRDA:193,0,1,-
BRDA:193,0,2,-
BRDA:193,0,3,-
BRDA:194,0,0,-
BRDA:194,0,1,-
BRDA:195,0,0,-
BRDA:195,0,1,-
BRDA:196,0,0,-
BRDA:196,0,1,-
BRDA:197,0,0,-
BRDA:197,0,1,-
BRDA:197,0,2,-
BRDA:197,0,3,-
BRDA:201,0,0,-
BRDA:201,0,1,-
BRDA:202,0,0,-
BRDA:202,0,1,-
BRDA:202,0,2,-
BRDA:202,0,3,-
BRDA:203,0,0,-
BRDA:203,0,1,-
BRDA:203,0,2,-
BRDA:203,0,3,-
BRDA:204,0,0,-
BRDA:204,0,1,-
BRDA:205,0,0,-
BRDA:205,0,1,-
BRDA:206,0,0,-
BRDA:206,0,1,-
BRDA:207,0,0,-
BRDA:207,0,1,-
BRDA:207,0,2,-
BRDA:207,0,3,-
BRDA:211,0,0,-
BRDA:211,0,1,-
BRDA:212,0,0,-
BRDA:212,0,1,-
BRDA:212,0,2,-
BRDA:212,0,3,-
BRDA:213,0,0,-
BRDA:213,0,1,-
BRDA:213,0,2,-
BRDA:213,0,3,-
BRDA:214,0,0,-
BRDA:214,0,1,-
BRDA:215,0,0,-
BRDA:215,0,1,-
BRDA:216,0,0,-
BRDA:216,0,1,-
BRDA:217,0,0,-
BRDA:217,0,1,-
BRDA:217,0,2,-
BRDA:217,0,3,-
BRDA:221,0,0,-
BRDA:221,0,1,-
BRDA:222,0,0,-
BRDA:222,0,1,-
BRDA:222,0,2,-
BRDA:222,0,3,-
BRDA:223,0,0,-
BRDA:223,0,1,-
BRDA:223,0,2,-
BRDA:223,0,3,-
BRDA:224,0,0,-
BRDA:224,0,1,-
BRDA:225,0,0,-
BRDA:225,0,1,-
BRDA:226,0,0,-
BRDA:226,0,1,-
BRDA:227,0,0,-
BRDA:227,0,1,-
BRDA:227,0,2,-
BRDA:227,0,3,-
BRDA:231,0,0,-
BRDA:231,0,1,-
BRDA:232,0,0,-
BRDA:232,0,1,-
BRDA:232,0,2,-
BRDA:232,0,3,-
BRDA:233,0,0,-
BRDA:233,0,1,-
BRDA:233,0,2,-
BRDA:233,0,3,-
BRDA:234,0,0,-
BRDA:234,0,1,-
BRDA:235,0,0,-
BRDA:235,0,1,-
BRDA:236,0,0,-
BRDA:236,0,1,-
BRDA:237,0,0,-
BRDA:237,0,1,-
BRDA:237,0,2,-
BRDA:237,0,3,-
BRDA:241,0,0,-
BRDA:241,0,1,-
BRDA:242,0,0,-
BRDA:242,0,1,-
BRDA:242,0,2,-
BRDA:242,0,3,-
BRDA:243,0,0,-
BRDA:243,0,1,-
BRDA:243,0,2,-
BRDA:243,0,3,-
BRDA:244,0,0,-
BRDA:244,0,1,-
BRDA:245,0,0,-
BRDA:245,0,1,-
BRDA:246,0,0,-
BRDA:246,0,1,-
BRDA:247,0,0,-
BRDA:247,0,1,-
BRDA:247,0,2,-
BRDA:247,0,3,-
BRDA:251,0,0,-
BRDA:251,0,1,-
BRDA:252,0,0,-
BRDA:252,0,1,-
BRDA:252,0,2,-
BRDA:252,0,3,-
BRDA:253,0,0,-
BRDA:253,0,1,-
BRDA:253,0,2,-
BRDA:253,0,3,-
BRDA:254,0,0,-
BRDA:254,0,1,-
BRDA:255,0,0,-
BRDA:255,0,1,-
BRDA:256,0,0,-
BRDA:256,0,1,-
BRDA:256,0,2,-
BRDA:256,0,3,-
BRDA:257,0,0,-
BRDA:257,0,1,-
BRDA:258,0,0,-
BRDA:258,0,1,-
BRDA:259,0,0,-
BRDA:259,0,1,-
BRDA:259,0,2,-
BRDA:259,0,3,-
BRDA:260,0,0,-
BRDA:260,0,1,-
BRDA:260,0,2,-
BRDA:260,0,3,-
BRDA:261,0,0,-
BRDA:261,0,1,-
BRDA:262,0,0,-
BRDA:262,0,1,-
BRDA:263,0,0,-
BRDA:263,0,1,-
BRDA:264,0,0,-
BRDA:264,0,1,-
BRDA:264,0,2,-
BRDA:264,0,3,-
BRDA:268,0,0,-
BRDA:268,0,1,-
BRDA:269,0,0,-
BRDA:269,0,1,-
BRDA:269,0,2,-
BRDA:269,0,3,-
BRDA:270,0,0,-
BRDA:270,0,1,-
BRDA:270,0,2,-
BRDA:270,0,3,-
BRDA:271,0,0,-
BRDA:271,0,1,-
BRDA:272,0,0,-
BRDA:272,0,1,-
BRDA:273,0,0,-
BRDA:273,0,1,-
BRDA:274,0,0,-
BRDA:274,0,1,-
BRDA:274,0,2,-
BRDA:274,0,3,-
BRDA:278,0,0,-
BRDA:278,0,1,-
BRDA:279,0,0,-
BRDA:279,0,1,-
BRDA:279,0,2,-
BRDA:279,0,3,-
BRDA:280,0,0,-
BRDA:280,0,1,-
BRDA:280,0,2,-
BRDA:280,0,3,-
BRDA:281,0,0,-
BRDA:281,0,1,-
BRDA:282,0,0,-
BRDA:282,0,1,-
BRDA:283,0,0,-
BRDA:283,0,1,-
BRDA:284,0,0,-
BRDA:284,0,1,-
BRDA:284,0,2,-
BRDA:284,0,3,-
BRDA:288,0,0,-
BRDA:288,0,1,-
BRDA:289,0,0,-
BRDA:289,0,1,-
BRDA:289,0,2,-
BRDA:289,0,3,-
BRDA:290,0,0,-
BRDA:290,0,1,-
BRDA:290,0,2,-
BRDA:290,0,3,-
BRDA:291,0,0,-
BRDA:291,0,1,-
BRDA:292,0,0,-
BRDA:292,0,1,-
BRDA:293,0,0,-
BRDA:293,0,1,-
BRDA:294,0,0,-
BRDA:294,0,1,-
BRDA:294,0,2,-
BRDA:294,0,3,-
BRDA:298,0,0,-
BRDA:298,0,1,-
BRDA:299,0,0,-
BRDA:299,0,1,-
BRDA:299,0,2,-
BRDA:299,0,3,-
BRDA:300,0,0,-
BRDA:300,0,1,-
BRDA:300,0,2,-
BRDA:300,0,3,-
BRDA:301,0,0,-
BRDA:301,0,1,-
BRDA:302,0,0,-
BRDA:302,0,1,-
BRDA:303,0,0,-
BRDA:303,0,1,-
BRDA:304,0,0,-
BRDA:304,0,1,-
BRDA:304,0,2,-
BRDA:304,0,3,-
BRDA:308,0,0,-
BRDA:308,0,1,-
BRDA:309,0,0,-
BRDA:309,0,1,-
BRDA:309,0,2,-
BRDA:309,0,3,-
BRDA:310,0,0,-
BRDA:310,0,1,-
BRDA:310,0,2,-
BRDA:310,0,3,-
BRDA:311,0,0,-
BRDA:311,0,1,-
BRDA:312,0,0,-
BRDA:312,0,1,-
BRDA:313,0,0,-
BRDA:313,0,1,-
BRDA:314,0,0,-
BRDA:314,0,1,-
BRDA:314,0,2,-
BRDA:314,0,3,-
BRDA:318,0,0,-
BRDA:318,0,1,-
BRDA:319,0,0,-
BRDA:319,0,1,-
BRDA:319,0,2,-
BRDA:319,0,3,-
BRDA:320,0,0,-
BRDA:320,0,1,-
BRDA:320,0,2,-
BRDA:320,0,3,-
BRDA:321,0,0,-
BRDA:321,0,1,-
BRDA:322,0,0,-
BRDA:322,0,1,-
BRDA:323,0,0,-
BRDA:323,0,1,-
BRDA:324,0,0,-
BRDA:324,0,1,-
BRDA:324,0,2,-
BRDA:324,0,3,-
BRDA:328,0,0,-
BRDA:328,0,1,-
BRDA:329,0,0,-
BRDA:329,0,1,-
BRDA:329,0,2,-
BRDA:329,0,3,-
BRDA:330,0,0,-
BRDA:330,0,1,-
BRDA:330,0,2,-
BRDA:330,0,3,-
BRDA:331,0,0,-
BRDA:331,0,1,-
BRDA:332,0,0,-
BRDA:332,0,1,-
BRDA:333,0,0,-
BRDA:333,0,1,-
BRDA:334,0,0,-
BRDA:334,0,1,-
BRDA:334,0,2,-
BRDA:334,0,3,-
BRDA:338,0,0,-
BRDA:338,0,1,-
BRDA:339,0,0,-
BRDA:339,0,1,-
BRDA:339,0,2,-
BRDA:339,0,3,-
BRDA:340,0,0,-
BRDA:340,0,1,-
BRDA:340,0,2,-
BRDA:340,0,3,-
BRDA:341,0,0,-
BRDA:341,0,1,-
BRDA:342,0,0,-
BRDA:342,0,1,-
BRDA:343,0,0,-
BRDA:343,0,1,-
BRDA:344,0,0,-
BRDA:344,0,1,-
BRDA:344,0,2,-
BRDA:344,0,3,-
BRDA:348,0,0,-
BRDA:348,0,1,-
BRDA:349,0,0,-
BRDA:349,0,1,-
BRDA:349,0,2,-
BRDA:349,0,3,-
BRDA:350,0,0,-
BRDA:350,0,1,-
BRDA:350,0,2,-
BRDA:350,0,3,-
BRDA:351,0,0,-
BRDA:351,0,1,-
BRDA:352,0,0,-
BRDA:352,0,1,-
BRDA:353,0,0,-
BRDA:353,0,1,-
BRDA:354,0,0,-
BRDA:354,0,1,-
BRDA:354,0,2,-
BRDA:354,0,3,-
BRDA:358,0,0,-
BRDA:358,0,1,-
BRDA:359,0,0,-
BRDA:359,0,1,-
BRDA:359,0,2,-
BRDA:359,0,3,-
BRDA:360,0,0,-
BRDA:360,0,1,-
BRDA:360,0,2,-
BRDA:360,0,3,-
BRDA:361,0,0,-
BRDA:361,0,1,-
BRDA:362,0,0,-
BRDA:362,0,1,-
BRDA:363,0,0,-
BRDA:363,0,1,-
BRDA:364,0,0,-
BRDA:364,0,1,-
BRDA:364,0,2,-
BRDA:364,0,3,-
BRDA:368,0,0,-
BRDA:368,0,1,-
BRDA:369,0,0,-
BRDA:369,0,1,-
BRDA:369,0,2,-
BRDA:369,0,3,-
BRDA:370,0,0,-
BRDA:370,0,1,-
BRDA:370,0,2,-
BRDA:370,0,3,-
BRDA:371,0,0,-
BRDA:371,0,1,-
BRDA:372,0,0,-
BRDA:372,0,1,-
BRDA:373,0,0,-
BRDA:373,0,1,-
BRDA:374,0,0,-
BRDA:374,0,1,-
BRDA:374,0,2,-
BRDA:374,0,3,-
BRDA:378,0,0,-
BRDA:378,0,1,-
BRDA:379,0,0,-
BRDA:379,0,1,-
BRDA:379,0,2,-
BRDA:379,0,3,-
BRDA:380,0,0,-
BRDA:380,0,1,-
BRDA:380,0,2,-
BRDA:380,0,3,-
BRDA:381,0,0,-
BRDA:381,0,1,-
BRDA:382,0,0,-
BRDA:382,0,1,-
BRDA:383,0,0,-
BRDA:383,0,1,-
BRDA:384,0,0,-
BRDA:384,0,1,-
BRDA:384,0,2,-
BRDA:384,0,3,-
BRDA:388,0,0,-
BRDA:388,0,1,-
BRDA:389,0,0,-
BRDA:389,0,1,-
BRDA:389,0,2,-
BRDA:389,0,3,-
BRDA:390,0,0,-
BRDA:390,0,1,-
BRDA:390,0,2,-
BRDA:390,0,3,-
BRDA:391,0,0,-
BRDA:391,0,1,-
BRDA:392,0,0,-
BRDA:392,0,1,-
BRDA:393,0,0,-
BRDA:393,0,1,-
BRDA:394,0,0,-
BRDA:394,0,1,-
BRDA:394,0,2,-
BRDA:394,0,3,-
BRDA:398,0,0,-
BRDA:398,0,1,-
BRDA:399,0,0,-
BRDA:399,0,1,-
BRDA:399,0,2,-
BRDA:399,0,3,-
BRDA:400,0,0,-
BRDA:400,0,1,-
BRDA:400,0,2,-
BRDA:400,0,3,-
BRDA:401,0,0,-
BRDA:401,0,1,-
BRDA:402,0,0,-
BRDA:402,0,1,-
BRDA:403,0,0,-
BRDA:403,0,1,-
BRDA:404,0,0,-
BRDA:404,0,1,-
BRDA:404,0,2,-
BRDA:404,0,3,-
BRDA:408,0,0,-
BRDA:408,0,1,-
BRDA:409,0,0,-
BRDA:409,0,1,-
BRDA:409,0,2,-
BRDA:409,0,3,-
BRDA:410,0,0,-
BRDA:410,0,1,-
BRDA:410,0,2,-
BRDA:410,0,3,-
BRDA:411,0,0,-
BRDA:411,0,1,-
BRDA:412,0,0,-
BRDA:412,0,1,-
BRDA:413,0,0,-
BRDA:413,0,1,-
BRDA:414,0,0,-
BRDA:414,0,1,-
BRDA:414,0,2,-
BRDA:414,0,3,-
BRDA:418,0,0,-
BRDA:418,0,1,-
BRDA:419,0,0,-
BRDA:419,0,1,-
BRDA:419,0,2,-
BRDA:419,0,3,-
BRDA:420,0,0,-
BRDA:420,0,1,-
BRDA:420,0,2,-
BRDA:420,0,3,-
BRDA:421,0,0,-
BRDA:421,0,1,-
BRDA:422,0,0,-
BRDA:422,0,1,-
BRDA:423,0,0,-
BRDA:423,0,1,-
BRDA:424,0,0,-
BRDA:424,0,1,-
BRDA:424,0,2,-
BRDA:424,0,3,-
BRDA:428,0,0,-
BRDA:428,0,1,-
BRDA:429,0,0,-
BRDA:429,0,1,-
BRDA:429,0,2,-
BRDA:429,0,3,-
BRDA:430,0,0,-
BRDA:430,0,1,-
BRDA:430,0,2,-
BRDA:430,0,3,-
BRDA:431,0,0,-
BRDA:431,0,1,-
BRDA:432,0,0,-
BRDA:432,0,1,-
BRDA:433,0,0,-
BRDA:433,0,1,-
BRDA:434,0,0,-
BRDA:434,0,1,-
BRDA:434,0,2,-
BRDA:434,0,3,-
BRDA:438,0,0,-
BRDA:438,0,1,-
BRDA:439,0,0,-
BRDA:439,0,1,-
BRDA:439,0,2,-
BRDA:439,0,3,-
BRDA:440,0,0,-
BRDA:440,0,1,-
BRDA:440,0,2,-
BRDA:440,0,3,-
BRDA:441,0,0,-
BRDA:441,0,1,-
BRDA:442,0,0,-
BRDA:442,0,1,-
BRDA:443,0,0,-
BRDA:443,0,1,-
BRDA:444,0,0,-
BRDA:444,0,1,-
BRDA:444,0,2,-
BRDA:444,0,3,-
BRDA:448,0,0,-
BRDA:448,0,1,-
BRDA:449,0,0,-
BRDA:449,0,1,-
BRDA:449,0,2,-
BRDA:449,0,3,-
BRDA:450,0,0,-
BRDA:450,0,1,-
BRDA:450,0,2,-
BRDA:450,0,3,-
BRDA:451,0,0,-
BRDA:451,0,1,-
BRDA:452,0,0,-
BRDA:452,0,1,-
BRDA:453,0,0,-
BRDA:453,0,1,-
BRDA:454,0,0,-
BRDA:454,0,1,-
BRDA:454,0,2,-
BRDA:454,0,3,-
BRDA:458,0,0,-
BRDA:458,0,1,-
BRDA:459,0,0,-
BRDA:459,0,1,-
BRDA:459,0,2,-
BRDA:459,0,3,-
BRDA:460,0,0,-
BRDA:460,0,1,-
BRDA:460,0,2,-
BRDA:460,0,3,-
BRDA:461,0,0,-
BRDA:461,0,1,-
BRDA:462,0,0,-
BRDA:462,0,1,-
BRDA:463,0,0,-
BRDA:463,0,1,-
BRDA:464,0,0,-
BRDA:464,0,1,-
BRDA:464,0,2,-
BRDA:464,0,3,-
BRDA:468,0,0,-
BRDA:468,0,1,-
BRDA:469,0,0,-
BRDA:469,0,1,-
BRDA:469,0,2,-
BRDA:469,0,3,-
BRDA:470,0,0,-
BRDA:470,0,1,-
BRDA:470,0,2,-
BRDA:470,0,3,-
BRDA:471,0,0,-
BRDA:471,0,1,-
BRDA:472,0,0,-
BRDA:472,0,1,-
BRDA:473,0,0,-
BRDA:473,0,1,-
BRDA:474,0,0,-
BRDA:474,0,1,-
BRDA:474,0,2,-
BRDA:474,0,3,-
BRDA:478,0,0,-
BRDA:478,0,1,-
BRDA:479,0,0,-
BRDA:479,0,1,-
BRDA:479,0,2,-
BRDA:479,0,3,-
BRDA:480,0,0,-
BRDA:480,0,1,-
BRDA:480,0,2,-
BRDA:480,0,3,-
BRDA:481,0,0,-
BRDA:481,0,1,-
BRDA:482,0,0,-
BRDA:482,0,1,-
BRDA:483,0,0,-
BRDA:483,0,1,-
BRDA:484,0,0,-
BRDA:484,0,1,-
BRDA:484,0,2,-
BRDA:484,0,3,-
BRDA:488,0,0,-
BRDA:488,0,1,-
BRDA:489,0,0,-
BRDA:489,0,1,-
BRDA:489,0,2,-
BRDA:489,0,3,-
BRDA:490,0,0,-
BRDA:490,0,1,-
BRDA:490,0,2,-
BRDA:490,0,3,-
BRDA:491,0,0,-
BRDA:491,0,1,-
BRDA:492,0,0,-
BRDA:492,0,1,-
BRDA:493,0,0,-
BRDA:493,0,1,-
BRDA:494,0,0,-
BRDA:494,0,1,-
BRDA:494,0,2,-
BRDA:494,0,3,-
BRDA:498,0,0,-
BRDA:498,0,1,-
BRDA:499,0,0,-
BRDA:499,0,1,-
BRDA:499,0,2,-
BRDA:499,0,3,-
BRDA:500,0,0,-
BRDA:500,0,1,-
BRDA:500,0,2,-
BRDA:500,0,3,-
BRDA:501,0,0,-
BRDA:501,0,1,-
BRDA:502,0,0,-
BRDA:502,0,1,-
BRDA:503,0,0,-
BRDA:503,0,1,-
BRDA:504,0,0,-
BRDA:504,0,1,-
BRDA:504,0,2,-
BRDA:504,0,3,-
BRDA:508,0,0,-
BRDA:508,0,1,-
BRDA:509,0,0,-
BRDA:509,0,1,-
BRDA:509,0,2,-
BRDA:509,0,3,-
BRDA:510,0,0,-
BRDA:510,0,1,-
BRDA:510,0,2,-
BRDA:510,0,3,-
BRDA:511,0,0,-
BRDA:511,0,1,-
BRDA:512,0,0,-
BRDA:512,0,1,-
BRDA:513,0,0,-
BRDA:513,0,1,-
BRDA:514,0,0,-
BRDA:514,0,1,-
BRDA:514,0,2,-
BRDA:514,0,3,-
BRDA:518,0,0,-
BRDA:518,0,1,-
BRDA:519,0,0,-
BRDA:519,0,1,-
BRDA:519,0,2,-
BRDA:519,0,3,-
BRDA:520,0,0,-
BRDA:520,0,1,-
BRDA:520,0,2,-
BRDA:520,0,3,-
BRDA:521,0,0,-
BRDA:521,0,1,-
BRDA:522,0,0,-
BRDA:522,0,1,-
BRDA:523,0,0,-
BRDA:523,0,1,-
BRDA:524,0,0,-
BRDA:524,0,1,-
BRDA:524,0,2,-
BRDA:524,0,3,-
BRDA:528,0,0,-
BRDA:528,0,1,-
BRDA:529,0,0,-
BRDA:529,0,1,-
BRDA:529,0,2,-
BRDA:529,0,3,-
BRDA:530,0,0,-
BRDA:530,0,1,-
BRDA:530,0,2,-
BRDA:530,0,3,-
BRDA:531,0,0,-
BRDA:531,0,1,-
BRDA:532,0,0,-
BRDA:532,0,1,-
BRDA:533,0,0,-
BRDA:533,0,1,-
BRDA:534,0,0,-
BRDA:534,0,1,-
BRDA:534,0,2,-
BRDA:534,0,3,-
BRDA:538,0,0,-
BRDA:538,0,1,-
BRDA:539,0,0,-
BRDA:539,0,1,-
BRDA:539,0,2,-
BRDA:539,0,3,-
BRDA:540,0,0,-
BRDA:540,0,1,-
BRDA:540,0,2,-
BRDA:540,0,3,-
BRDA:541,0,0,-
BRDA:541,0,1,-
BRDA:542,0,0,-
BRDA:542,0,1,-
BRDA:543,0,0,-
BRDA:543,0,1,-
BRDA:544,0,0,-
BRDA:544,0,1,-
BRDA:544,0,2,-
BRDA:544,0,3,-
BRDA:548,0,0,-
BRDA:548,0,1,-
BRDA:549,0,0,-
BRDA:549,0,1,-
BRDA:549,0,2,-
BRDA:549,0,3,-
BRDA:550,0,0,-
BRDA:550,0,1,-
BRDA:550,0,2,-
BRDA:550,0,3,-
BRDA:551,0,0,-
BRDA:551,0,1,-
BRDA:552,0,0,-
BRDA:552,0,1,-
BRDA:553,0,0,-
BRDA:553,0,1,-
BRDA:554,0,0,-
BRDA:554,0,1,-
BRDA:554,0,2,-
BRDA:554,0,3,-
BRDA:558,0,0,-
BRDA:558,0,1,-
BRDA:559,0,0,-
BRDA:559,0,1,-
BRDA:559,0,2,-
BRDA:559,0,3,-
BRDA:560,0,0,-
BRDA:560,0,1,-
BRDA:560,0,2,-
BRDA:560,0,3,-
BRDA:561,0,0,-
BRDA:561,0,1,-
BRDA:562,0,0,-
BRDA:562,0,1,-
BRDA:563,0,0,-
BRDA:563,0,1,-
BRDA:564,0,0,-
BRDA:564,0,1,-
BRDA:564,0,2,-
BRDA:564,0,3,-
BRDA:568,0,0,-
BRDA:568,0,1,-
BRDA:569,0,0,-
BRDA:569,0,1,-
BRDA:569,0,2,-
BRDA:569,0,3,-
BRDA:570,0,0,-
BRDA:570,0,1,-
BRDA:570,0,2,-
BRDA:570,0,3,-
BRDA:571,0,0,-
BRDA:571,0,1,-
BRDA:572,0,0,-
BRDA:572,0,1,-
BRDA:573,0,0,-
BRDA:573,0,1,-
BRDA:574,0,0,-
BRDA:574,0,1,-
BRDA:574,0,2,-
BRDA:574,0,3,-
BRDA:578,0,0,-
BRDA:578,0,1,-
BRDA:579,0,0,-
BRDA:579,0,1,-
BRDA:579,0,2,-
BRDA:579,0,3,-
BRDA:580,0,0,-
BRDA:580,0,1,-
BRDA:580,0,2,-
BRDA:580,0,3,-
BRDA:581,0,0,-
BRDA:581,0,1,-
BRDA:582,0,0,-
BRDA:582,0,1,-
BRDA:583,0,0,-
BRDA:583,0,1,-
BRDA:584,0,0,-
BRDA:584,0,1,-
BRDA:584,0,2,-
BRDA:584,0,3,-
BRDA:588,0,0,-
BRDA:588,0,1,-
BRDA:589,0,0,-
BRDA:589,0,1,-
BRDA:589,0,2,-
BRDA:589,0,3,-
BRDA:590,0,0,-
BRDA:590,0,1,-
BRDA:590,0,2,-
BRDA:590,0,3,-
BRDA:591,0,0,-
BRDA:591,0,1,-
BRDA:592,0,0,-
BRDA:592,0,1,-
BRDA:593,0,0,-
BRDA:593,0,1,-
BRDA:594,0,0,-
BRDA:594,0,1,-
BRDA:594,0,2,-
BRDA:594,0,3,-
BRDA:598,0,0,-
BRDA:598,0,1,-
BRDA:599,0,0,-
BRDA:599,0,1,-
BRDA:599,0,2,-
BRDA:599,0,3,-
BRDA:600,0,0,-
BRDA:600,0,1,-
BRDA:600,0,2,-
BRDA:600,0,3,-
BRDA:601,0,0,-
BRDA:601,0,1,-
BRDA:602,0,0,-
BRDA:602,0,1,-
BRDA:603,0,0,-
BRDA:603,0,1,-
BRDA:604,0,0,-
BRDA:604,0,1,-
BRDA:604,0,2,-
BRDA:604,0,3,-
BRDA:608,0,0,-
BRDA:608,0,1,-
BRDA:609,0,0,-
BRDA:609,0,1,-
BRDA:609,0,2,-
BRDA:609,0,3,-
BRDA:610,0,0,-
BRDA:610,0,1,-
BRDA:610,0,2,-
BRDA:610,0,3,-
BRDA:611,0,0,-
BRDA:611,0,1,-
BRDA:612,0,0,-
BRDA:612,0,1,-
BRDA:613,0,0,-
BRDA:613,0,1,-
BRDA:614,0,0,-
BRDA:614,0,1,-
BRDA:614,0,2,-
BRDA:614,0,3,-
BRDA:618,0,0,-
BRDA:618,0,1,-
BRDA:619,0,0,-
BRDA:619,0,1,-
BRDA:619,0,2,-
BRDA:619,0,3,-
BRDA:620,0,0,-
BRDA:620,0,1,-
BRDA:620,0,2,-
BRDA:620,0,3,-
BRDA:621,0,0,-
BRDA:621,0,1,-
BRDA:622,0,0,-
BRDA:622,0,1,-
BRDA:623,0,0,-
BRDA:623,0,1,-
BRDA:624,0,0,-
BRDA:624,0,1,-
BRDA:624,0,2,-
BRDA:624,0,3,-
BRDA:628,0,0,-
BRDA:628,0,1,-
BRDA:629,0,0,-
BRDA:629,0,1,-
BRDA:629,0,2,-
BRDA:629,0,3,-
BRDA:630,0,0,-
BRDA:630,0,1,-
BRDA:630,0,2,-
BRDA:630,0,3,-
BRDA:631,0,0,-
BRDA:631,0,1,-
BRDA:632,0,0,-
BRDA:632,0,1,-
BRDA:633,0,0,-
BRDA:633,0,1,-
BRDA:634,0,0,-
BRDA:634,0,1,-
BRDA:634,0,2,-
BRDA:634,0,3,-
BRDA:638,0,0,-
BRDA:638,0,1,-
BRDA:639,0,0,-
BRDA:639,0,1,-
BRDA:639,0,2,-
BRDA:639,0,3,-
BRDA:640,0,0,-
BRDA:640,0,1,-
BRDA:640,0,2,-
BRDA:640,0,3,-
BRDA:641,0,0,-
BRDA:641,0,1,-
BRDA:642,0,0,-
BRDA:642,0,1,-
BRDA:643,0,0,-
BRDA:643,0,1,-
BRDA:644,0,0,-
BRDA:644,0,1,-
BRDA:644,0,2,-
BRDA:644,0,3,-
BRDA:648,0,0,-
BRDA:648,0,1,-
BRDA:649,0,0,-
BRDA:649,0,1,-
BRDA:649,0,2,-
BRDA:649,0,3,-
BRDA:650,0,0,-
BRDA:650,0,1,-
BRDA:650,0,2,-
BRDA:650,0,3,-
BRDA:651,0,0,-
BRDA:651,0,1,-
BRDA:652,0,0,-
BRDA:652,0,1,-
BRDA:653,0,0,-
BRDA:653,0,1,-
BRDA:654,0,0,-
BRDA:654,0,1,-
BRDA:654,0,2,-
BRDA:654,0,3,-
BRDA:658,0,0,-
BRDA:658,0,1,-
BRDA:659,0,0,-
BRDA:659,0,1,-
BRDA:659,0,2,-
BRDA:659,0,3,-
BRDA:660,0,0,-
BRDA:660,0,1,-
BRDA:660,0,2,-
BRDA:660,0,3,-
BRDA:661,0,0,-
BRDA:661,0,1,-
BRDA:662,0,0,-
BRDA:662,0,1,-
BRDA:663,0,0,-
BRDA:663,0,1,-
BRDA:664,0,0,-
BRDA:664,0,1,-
BRDA:664,0,2,-
BRDA:664,0,3,-
BRDA:668,0,0,-
BRDA:668,0,1,-
BRDA:669,0,0,-
BRDA:669,0,1,-
BRDA:669,0,2,-
BRDA:669,0,3,-
BRDA:670,0,0,-
BRDA:670,0,1,-
BRDA:670,0,2,-
BRDA:670,0,3,-
BRDA:671,0,0,-
BRDA:671,0,1,-
BRDA:672,0,0,-
BRDA:672,0,1,-
BRDA:673,0,0,-
BRDA:673,0,1,-
BRDA:674,0,0,-
BRDA:674,0,1,-
BRDA:674,0,2,-
BRDA:674,0,3,-
BRDA:678,0,0,-
BRDA:678,0,1,-
BRDA:679,0,0,-
BRDA:679,0,1,-
BRDA:679,0,2,-
BRDA:679,0,3,-
BRDA:680,0,0,-
BRDA:680,0,1,-
BRDA:680,0,2,-
BRDA:680,0,3,-
BRDA:681,0,0,-
BRDA:681,0,1,-
BRDA:682,0,0,-
BRDA:682,0,1,-
BRDA:683,0,0,-
BRDA:683,0,1,-
BRDA:684,0,0,-
BRDA:684,0,1,-
BRDA:684,0,2,-
BRDA:684,0,3,-
BRDA:688,0,0,-
BRDA:688,0,1,-
BRDA:689,0,0,-
BRDA:689,0,1,-
BRDA:689,0,2,-
BRDA:689,0,3,-
BRDA:690,0,0,-
BRDA:690,0,1,-
BRDA:690,0,2,-
BRDA:690,0,3,-
BRDA:691,0,0,-
BRDA:691,0,1,-
BRDA:692,0,0,-
BRDA:692,0,1,-
BRDA:693,0,0,-
BRDA:693,0,1,-
BRDA:694,0,0,-
BRDA:694,0,1,-
BRDA:694,0,2,-
BRDA:694,0,3,-
BRDA:698,0,0,-
BRDA:698,0,1,-
BRDA:699,0,0,-
BRDA:699,0,1,-
BRDA:699,0,2,-
BRDA:699,0,3,-
BRDA:700,0,0,-
BRDA:700,0,1,-
BRDA:700,0,2,-
BRDA:700,0,3,-
BRDA:701,0,0,-
BRDA:701,0,1,-
BRDA:702,0,0,-
BRDA:702,0,1,-
BRDA:703,0,0,-
BRDA:703,0,1,-
BRDA:704,0,0,-
BRDA:704,0,1,-
BRDA:704,0,2,-
BRDA:704,0,3,-
BRDA:708,0,0,-
BRDA:708,0,1,-
BRDA:709,0,0,-
BRDA:709,0,1,-
BRDA:709,0,2,-
BRDA:709,0,3,-
BRDA:710,0,0,-
BRDA:710,0,1,-
BRDA:710,0,2,-
BRDA:710,0,3,-
BRDA:711,0,0,-
BRDA:711,0,1,-
BRDA:712,0,0,-
BRDA:712,0,1,-
BRDA:713,0,0,-
BRDA:713,0,1,-
BRDA:714,0,0,-
BRDA:714,0,1,-
BRDA:714,0,2,-
BRDA:714,0,3,-
BRDA:718,0,0,-
BRDA:718,0,1,-
BRDA:719,0,0,-
BRDA:719,0,1,-
BRDA:719,0,2,-
BRDA:719,0,3,-
BRDA:720,0,0,-
BRDA:720,0,1,-
BRDA:720,0,2,-
BRDA:720,0,3,-
BRDA:721,0,0,-
BRDA:721,0,1,-
BRDA:723,0,0,-
BRDA:723,0,1,-
BRDA:724,0,0,-
BRDA:724,0,1,-
BRDA:725,0,0,-
BRDA:725,0,1,-
BRDA:726,0,0,-
BRDA:726,0,1,-
BRDA:727,0,0,-
BRDA:727,0,1,-
BRDA:727,0,2,-
BRDA:727,0,3,-
BRDA:731,0,0,-
BRDA:731,0,1,-
BRDA:732,0,0,-
BRDA:732,0,1,-
BRDA:732,0,2,-
BRDA:732,0,3,-
BRDA:733,0,0,-
BRDA:733,0,1,-
BRDA:733,0,2,-
BRDA:733,0,3,-
BRDA:734,0,0,-
BRDA:734,0,1,-
BRDA:735,0,0,-
BRDA:735,0,1,-
BRDA:736,0,0,-
BRDA:736,0,1,-
BRDA:737,0,0,-
BRDA:737,0,1,-
BRDA:737,0,2,-
BRDA:737,0,3,-
BRDA:741,0,0,-
BRDA:741,0,1,-
BRDA:742,0,0,-
BRDA:742,0,1,-
BRDA:742,0,2,-
BRDA:742,0,3,-
BRDA:743,0,0,-
BRDA:743,0,1,-
BRDA:743,0,2,-
BRDA:743,0,3,-
BRDA:744,0,0,-
BRDA:744,0,1,-
BRDA:745,0,0,-
BRDA:745,0,1,-
BRDA:746,0,0,-
BRDA:746,0,1,-
BRDA:747,0,0,-
BRDA:747,0,1,-
BRDA:747,0,2,-
BRDA:747,0,3,-
BRDA:751,0,0,-
BRDA:751,0,1,-
BRDA:752,0,0,-
BRDA:752,0,1,-
BRDA:752,0,2,-
BRDA:752,0,3,-
BRDA:753,0,0,-
BRDA:753,0,1,-
BRDA:753,0,2,-
BRDA:753,0,3,-
BRDA:754,0,0,-
BRDA:754,0,1,-
BRDA:755,0,0,-
BRDA:755,0,1,-
BRDA:756,0,0,-
BRDA:756,0,1,-
BRDA:757,0,0,-
BRDA:757,0,1,-
BRDA:757,0,2,-
BRDA:757,0,3,-
BRDA:761,0,0,-
BRDA:761,0,1,-
BRDA:762,0,0,-
BRDA:762,0,1,-
BRDA:762,0,2,-
BRDA:762,0,3,-
BRDA:763,0,0,-
BRDA:763,0,1,-
BRDA:763,0,2,-
BRDA:763,0,3,-
BRDA:764,0,0,-
BRDA:764,0,1,-
BRDA:765,0,0,-
BRDA:765,0,1,-
BRDA:766,0,0,-
BRDA:766,0,1,-
BRDA:767,0,0,-
BRDA:767,0,1,-
BRDA:767,0,2,-
BRDA:767,0,3,-
BRDA:771,0,0,-
BRDA:771,0,1,-
BRDA:772,0,0,-
BRDA:772,0,1,-
BRDA:772,0,2,-
BRDA:772,0,3,-
BRDA:773,0,0,-
BRDA:773,0,1,-
BRDA:773,0,2,-
BRDA:773,0,3,-
BRDA:774,0,0,-
BRDA:774,0,1,-
BRDA:775,0,0,-
BRDA:775,0,1,-
BRDA:776,0,0,-
BRDA:776,0,1,-
BRDA:777,0,0,-
BRDA:777,0,1,-
BRDA:777,0,2,-
BRDA:777,0,3,-
BRDA:781,0,0,-
BRDA:781,0,1,-
BRDA:782,0,0,-
BRDA:782,0,1,-
BRDA:782,0,2,-
BRDA:782,0,3,-
BRDA:783,0,0,-
BRDA:783,0,1,-
BRDA:783,0,2,-
BRDA:783,0,3,-
BRDA:784,0,0,-
BRDA:784,0,1,-
BRDA:785,0,0,-
BRDA:785,0,1,-
BRDA:786,0,0,-
BRDA:786,0,1,-
BRDA:787,0,0,-
BRDA:787,0,1,-
BRDA:787,0,2,-
BRDA:787,0,3,-
BRDA:791,0,0,-
BRDA:791,0,1,-
BRDA:792,0,0,-
BRDA:792,0,1,-
BRDA:792,0,2,-
BRDA:792,0,3,-
BRDA:793,0,0,-
BRDA:793,0,1,-
BRDA:793,0,2,-
BRDA:793,0,3,-
BRDA:794,0,0,-
BRDA:794,0,1,-
BRDA:795,0,0,-
BRDA:795,0,1,-
BRDA:796,0,0,-
BRDA:796,0,1,-
BRDA:797,0,0,-
BRDA:797,0,1,-
BRDA:797,0,2,-
BRDA:797,0,3,-
BRDA:801,0,0,-
BRDA:801,0,1,-
BRDA:802,0,0,-
BRDA:802,0,1,-
BRDA:802,0,2,-
BRDA:802,0,3,-
BRDA:803,0,0,-
BRDA:803,0,1,-
BRDA:803,0,2,-
BRDA:803,0,3,-
BRDA:804,0,0,-
BRDA:804,0,1,-
BRDA:805,0,0,-
BRDA:805,0,1,-
BRDA:806,0,0,-
BRDA:806,0,1,-
BRDA:807,0,0,-
BRDA:807,0,1,-
BRDA:807,0,2,-
BRDA:807,0,3,-
BRDA:811,0,0,-
BRDA:811,0,1,-
BRDA:812,0,0,-
BRDA:812,0,1,-
BRDA:812,0,2,-
BRDA:812,0,3,-
BRDA:813,0,0,-
BRDA:813,0,1,-
BRDA:813,0,2,-
BRDA:813,0,3,-
BRDA:814,0,0,-
BRDA:814,0,1,-
BRDA:815,0,0,-
BRDA:815,0,1,-
BRDA:816,0,0,-
BRDA:816,0,1,-
BRDA:817,0,0,-
BRDA:817,0,1,-
BRDA:817,0,2,-
BRDA:817,0,3,-
BRDA:821,0,0,-
BRDA:821,0,1,-
BRDA:822,0,0,-
BRDA:822,0,1,-
BRDA:822,0,2,-
BRDA:822,0,3,-
BRDA:823,0,0,-
BRDA:823,0,1,-
BRDA:823,0,2,-
BRDA:823,0,3,-
BRDA:824,0,0,-
BRDA:824,0,1,-
BRDA:825,0,0,-
BRDA:825,0,1,-
BRDA:826,0,0,-
BRDA:826,0,1,-
BRDA:827,0,0,-
BRDA:827,0,1,-
BRDA:827,0,2,-
BRDA:827,0,3,-
BRDA:831,0,0,-
BRDA:831,0,1,-
BRDA:832,0,0,-
BRDA:832,0,1,-
BRDA:832,0,2,-
BRDA:832,0,3,-
BRDA:833,0,0,-
BRDA:833,0,1,-
BRDA:833,0,2,-
BRDA:833,0,3,-
BRDA:834,0,0,-
BRDA:834,0,1,-
BRDA:835,0,0,-
BRDA:835,0,1,-
BRDA:836,0,0,-
BRDA:836,0,1,-
BRDA:837,0,0,-
BRDA:837,0,1,-
BRDA:837,0,2,-
BRDA:837,0,3,-
BRDA:841,0,0,-
BRDA:841,0,1,-
BRDA:842,0,0,-
BRDA:842,0,1,-
BRDA:842,0,2,-
BRDA:842,0,3,-
BRDA:843,0,0,-
BRDA:843,0,1,-
BRDA:843,0,2,-
BRDA:843,0,3,-
BRDA:844,0,0,-
BRDA:844,0,1,-
BRDA:845,0,0,-
BRDA:845,0,1,-
BRDA:846,0,0,-
BRDA:846,0,1,-
BRDA:847,0,0,-
BRDA:847,0,1,-
BRDA:847,0,2,-
BRDA:847,0,3,-
BRDA:851,0,0,-
BRDA:851,0,1,-
BRDA:852,0,0,-
BRDA:852,0,1,-
BRDA:852,0,2,-
BRDA:852,0,3,-
BRDA:853,0,0,-
BRDA:853,0,1,-
BRDA:853,0,2,-
BRDA:853,0,3,-
BRDA:854,0,0,-
BRDA:854,0,1,-
BRDA:855,0,0,-
BRDA:855,0,1,-
BRDA:856,0,0,-
BRDA:856,0,1,-
BRDA:857,0,0,-
BRDA:857,0,1,-
BRDA:857,0,2,-
BRDA:857,0,3,-
BRDA:861,0,0,-
BRDA:861,0,1,-
BRDA:862,0,0,-
BRDA:862,0,1,-
BRDA:862,0,2,-
BRDA:862,0,3,-
BRDA:863,0,0,-
BRDA:863,0,1,-
BRDA:863,0,2,-
BRDA:863,0,3,-
BRDA:864,0,0,-
BRDA:864,0,1,-
BRDA:865,0,0,-
BRDA:865,0,1,-
BRDA:866,0,0,-
BRDA:866,0,1,-
BRDA:867,0,0,-
BRDA:867,0,1,-
BRDA:867,0,2,-
BRDA:867,0,3,-
BRDA:871,0,0,-
BRDA:871,0,1,-
BRDA:872,0,0,-
BRDA:872,0,1,-
BRDA:872,0,2,-
BRDA:872,0,3,-
BRDA:873,0,0,-
BRDA:873,0,1,-
BRDA:873,0,2,-
BRDA:873,0,3,-
BRDA:874,0,0,-
BRDA:874,0,1,-
BRDA:875,0,0,-
BRDA:875,0,1,-
BRDA:876,0,0,-
BRDA:876,0,1,-
BRDA:877,0,0,-
BRDA:877,0,1,-
BRDA:877,0,2,-
BRDA:877,0,3,-
BRDA:881,0,0,-
BRDA:881,0,1,-
BRDA:882,0,0,-
BRDA:882,0,1,-
BRDA:882,0,2,-
BRDA:882,0,3,-
BRDA:883,0,0,-
BRDA:883,0,1,-
BRDA:883,0,2,-
BRDA:883,0,3,-
BRDA:884,0,0,-
BRDA:884,0,1,-
BRDA:885,0,0,-
BRDA:885,0,1,-
BRDA:886,0,0,-
BRDA:886,0,1,-
BRDA:887,0,0,-
BRDA:887,0,1,-
BRDA:887,0,2,-
BRDA:887,0,3,-
BRDA:891,0,0,-
BRDA:891,0,1,-
BRDA:892,0,0,-
BRDA:892,0,1,-
BRDA:892,0,2,-
BRDA:892,0,3,-
BRDA:893,0,0,-
BRDA:893,0,1,-
BRDA:893,0,2,-
BRDA:893,0,3,-
BRDA:894,0,0,-
BRDA:894,0,1,-
BRDA:895,0,0,-
BRDA:895,0,1,-
BRDA:896,0,0,-
BRDA:896,0,1,-
BRDA:897,0,0,-
BRDA:897,0,1,-
BRDA:897,0,2,-
BRDA:897,0,3,-
BRDA:901,0,0,-
BRDA:901,0,1,-
BRDA:902,0,0,-
BRDA:902,0,1,-
BRDA:902,0,2,-
BRDA:902,0,3,-
BRDA:903,0,0,-
BRDA:903,0,1,-
BRDA:903,0,2,-
BRDA:903,0,3,-
BRDA:904,0,0,-
BRDA:904,0,1,-
BRDA:905,0,0,-
BRDA:905,0,1,-
BRDA:906,0,0,-
BRDA:906,0,1,-
BRDA:907,0,0,-
BRDA:907,0,1,-
BRDA:907,0,2,-
BRDA:907,0,3,-
BRDA:911,0,0,-
BRDA:911,0,1,-
BRDA:912,0,0,-
BRDA:912,0,1,-
BRDA:912,0,2,-
BRDA:912,0,3,-
BRDA:913,0,0,-
BRDA:913,0,1,-
BRDA:913,0,2,-
BRDA:913,0,3,-
BRDA:914,0,0,-
BRDA:914,0,1,-
BRDA:915,0,0,-
BRDA:915,0,1,-
BRDA:916,0,0,-
BRDA:916,0,1,-
BRDA:917,0,0,-
BRDA:917,0,1,-
BRDA:917,0,2,-
BRDA:917,0,3,-
BRDA:921,0,0,-
BRDA:921,0,1,-
BRDA:922,0,0,-
BRDA:922,0,1,-
BRDA:922,0,2,-
BRDA:922,0,3,-
BRDA:923,0,0,-
BRDA:923,0,1,-
BRDA:923,0,2,-
BRDA:923,0,3,-
BRDA:924,0,0,-
BRDA:924,0,1,-
BRDA:925,0,0,-
BRDA:925,0,1,-
BRDA:926,0,0,-
BRDA:926,0,1,-
BRDA:927,0,0,-
BRDA:927,0,1,-
BRDA:927,0,2,-
BRDA:927,0,3,-
BRDA:931,0,0,-
BRDA:931,0,1,-
BRDA:932,0,0,-
BRDA:932,0,1,-
BRDA:932,0,2,-
BRDA:932,0,3,-
BRDA:933,0,0,-
BRDA:933,0,1,-
BRDA:933,0,2,-
BRDA:933,0,3,-
BRDA:934,0,0,-
BRDA:934,0,1,-
BRDA:935,0,0,-
BRDA:935,0,1,-
BRDA:936,0,0,-
BRDA:936,0,1,-
BRDA:937,0,0,-
BRDA:937,0,1,-
BRDA:937,0,2,-
BRDA:937,0,3,-
BRDA:941,0,0,-
BRDA:941,0,1,-
BRDA:942,0,0,-
BRDA:942,0,1,-
BRDA:942,0,2,-
BRDA:942,0,3,-
BRDA:943,0,0,-
BRDA:943,0,1,-
BRDA:943,0,2,-
BRDA:943,0,3,-
BRDA:944,0,0,-
BRDA:944,0,1,-
BRDA:945,0,0,-
BRDA:945,0,1,-
BRDA:946,0,0,-
BRDA:946,0,1,-
BRDA:947,0,0,-
BRDA:947,0,1,-
BRDA:947,0,2,-
BRDA:947,0,3,-
BRDA:951,0,0,-
BRDA:951,0,1,-
BRDA:952,0,0,-
BRDA:952,0,1,-
BRDA:952,0,2,-
BRDA:952,0,3,-
BRDA:953,0,0,-
BRDA:953,0,1,-
BRDA:953,0,2,-
BRDA:953,0,3,-
BRDA:954,0,0,-
BRDA:954,0,1,-
BRDA:955,0,0,-
BRDA:955,0,1,-
BRDA:956,0,0,-
BRDA:956,0,1,-
BRDA:957,0,0,-
BRDA:957,0,1,-
BRDA:957,0,2,-
BRDA:957,0,3,-
BRDA:961,0,0,-
BRDA:961,0,1,-
BRDA:962,0,0,-
BRDA:962,0,1,-
BRDA:962,0,2,-
BRDA:962,0,3,-
BRDA:963,0,0,-
BRDA:963,0,1,-
BRDA:963,0,2,-
BRDA:963,0,3,-
BRDA:964,0,0,-
BRDA:964,0,1,-
BRDA:965,0,0,-
BRDA:965,0,1,-
BRDA:966,0,0,-
BRDA:966,0,1,-
BRDA:967,0,0,-
BRDA:967,0,1,-
BRDA:967,0,2,-
BRDA:967,0,3,-
BRDA:971,0,0,-
BRDA:971,0,1,-
BRDA:972,0,0,-
BRDA:972,0,1,-
BRDA:972,0,2,-
BRDA:972,0,3,-
BRDA:973,0,0,-
BRDA:973,0,1,-
BRDA:973,0,2,-
BRDA:973,0,3,-
BRDA:974,0,0,-
BRDA:974,0,1,-
BRDA:975,0,0,-
BRDA:975,0,1,-
BRDA:976,0,0,-
BRDA:976,0,1,-
BRDA:977,0,0,-
BRDA:977,0,1,-
BRDA:977,0,2,-
BRDA:977,0,3,-
BRDA:981,0,0,-
BRDA:981,0,1,-
BRDA:982,0,0,-
BRDA:982,0,1,-
BRDA:982,0,2,-
BRDA:982,0,3,-
BRDA:983,0,0,-
BRDA:983,0,1,-
BRDA:983,0,2,-
BRDA:983,0,3,-
BRDA:984,0,0,-
BRDA:984,0,1,-
BRDA:985,0,0,-
BRDA:985,0,1,-
BRDA:986,0,0,-
BRDA:986,0,1,-
BRDA:987,0,0,-
BRDA:987,0,1,-
BRDA:987,0,2,-
BRDA:987,0,3,-
BRDA:991,0,0,-
BRDA:991,0,1,-
BRDA:992,0,0,-
BRDA:992,0,1,-
BRDA:992,0,2,-
BRDA:992,0,3,-
BRDA:993,0,0,-
BRDA:993,0,1,-
BRDA:993,0,2,-
BRDA:993,0,3,-
BRDA:994,0,0,-
BRDA:994,0,1,-
BRDA:995,0,0,-
BRDA:995,0,1,-
BRDA:996,0,0,-
BRDA:996,0,1,-
BRDA:997,0,0,-
BRDA:997,0,1,-
BRDA:997,0,2,-
BRDA:997,0,3,-
BRDA:1001,0,0,-
BRDA:1001,0,1,-
BRDA:1002,0,0,-
BRDA:1002,0,1,-
BRDA:1002,0,2,-
BRDA:1002,0,3,-
BRDA:1003,0,0,-
BRDA:1003,0,1,-
BRDA:1003,0,2,-
BRDA:1003,0,3,-
BRDA:1004,0,0,-
BRDA:1004,0,1,-
BRDA:1005,0,0,-
BRDA:1005,0,1,-
BRDA:1006,0,0,-
BRDA:1006,0,1,-
BRDA:1007,0,0,-
BRDA:1007,0,1,-
BRDA:1007,0,2,-
BRDA:1007,0,3,-
BRDA:1011,0,0,-
BRDA:1011,0,1,-
BRDA:1012,0,0,-
BRDA:1012,0,1,-
BRDA:1012,0,2,-
BRDA:1012,0,3,-
BRDA:1013,0,0,-
BRDA:1013,0,1,-
BRDA:1013,0,2,-
BRDA:1013,0,3,-
BRDA:1014,0,0,-
BRDA:1014,0,1,-
BRDA:1015,0,0,-
BRDA:1015,0,1,-
BRDA:1016,0,0,-
BRDA:1016,0,1,-
BRDA:1017,0,0,-
BRDA:1017,0,1,-
BRDA:1017,0,2,-
BRDA:1017,0,3,-
BRDA:1021,0,0,-
BRDA:1021,0,1,-
BRDA:1022,0,0,-
BRDA:1022,0,1,-
BRDA:1022,0,2,-
BRDA:1022,0,3,-
BRDA:1023,0,0,-
BRDA:1023,0,1,-
BRDA:1023,0,2,-
BRDA:1023,0,3,-
BRDA:1024,0,0,-
BRDA:1024,0,1,-
BRDA:1025,0,0,-
BRDA:1025,0,1,-
BRDA:1026,0,0,-
BRDA:1026,0,1,-
BRDA:1027,0,0,-
BRDA:1027,0,1,-
BRDA:1027,0,2,-
BRDA:1027,0,3,-
BRDA:1031,0,0,-
BRDA:1031,0,1,-
BRDA:1032,0,0,-
BRDA:1032,0,1,-
BRDA:1032,0,2,-
BRDA:1032,0,3,-
BRDA:1033,0,0,-
BRDA:1033,0,1,-
BRDA:1033,0,2,-
BRDA:1033,0,3,-
BRDA:1034,0,0,-
BRDA:1034,0,1,-
BRDA:1035,0,0,-
BRDA:1035,0,1,-
BRDA:1036,0,0,-
BRDA:1036,0,1,-
BRDA:1037,0,0,-
BRDA:1037,0,1,-
BRDA:1037,0,2,-
BRDA:1037,0,3,-
BRDA:1041,0,0,-
BRDA:1041,0,1,-
BRDA:1042,0,0,-
BRDA:1042,0,1,-
BRDA:1042,0,2,-
BRDA:1042,0,3,-
BRDA:1043,0,0,-
BRDA:1043,0,1,-
BRDA:1043,0,2,-
BRDA:1043,0,3,-
BRDA:1044,0,0,-
BRDA:1044,0,1,-
BRDA:1045,0,0,-
BRDA:1045,0,1,-
BRDA:1046,0,0,-
BRDA:1046,0,1,-
BRDA:1047,0,0,-
BRDA:1047,0,1,-
BRDA:1047,0,2,-
BRDA:1047,0,3,-
BRDA:1051,0,0,-
BRDA:1051,0,1,-
BRDA:1052,0,0,-
BRDA:1052,0,1,-
BRDA:1052,0,2,-
BRDA:1052,0,3,-
BRDA:1053,0,0,-
BRDA:1053,0,1,-
BRDA:1053,0,2,-
BRDA:1053,0,3,-
BRDA:1054,0,0,-
BRDA:1054,0,1,-
BRDA:1055,0,0,-
BRDA:1055,0,1,-
BRDA:1056,0,0,-
BRDA:1056,0,1,-
BRDA:1057,0,0,-
BRDA:1057,0,1,-
BRDA:1057,0,2,-
BRDA:1057,0,3,-
BRDA:1061,0,0,-
BRDA:1061,0,1,-
BRDA:1062,0,0,-
BRDA:1062,0,1,-
BRDA:1062,0,2,-
BRDA:1062,0,3,-
BRDA:1063,0,0,-
BRDA:1063,0,1,-
BRDA:1063,0,2,-
BRDA:1063,0,3,-
BRDA:1064,0,0,-
BRDA:1064,0,1,-
BRDA:1065,0,0,-
BRDA:1065,0,1,-
BRDA:1066,0,0,-
BRDA:1066,0,1,-
BRDA:1067,0,0,-
BRDA:1067,0,1,-
BRDA:1067,0,2,-
BRDA:1067,0,3,-
BRDA:1071,0,0,-
BRDA:1071,0,1,-
BRDA:1072,0,0,-
BRDA:1072,0,1,-
BRDA:1072,0,2,-
BRDA:1072,0,3,-
BRDA:1073,0,0,-
BRDA:1073,0,1,-
BRDA:1073,0,2,-
BRDA:1073,0,3,-
BRDA:1074,0,0,-
BRDA:1074,0,1,-
BRDA:1075,0,0,-
BRDA:1075,0,1,-
BRDA:1076,0,0,-
BRDA:1076,0,1,-
BRDA:1077,0,0,-
BRDA:1077,0,1,-
BRDA:1077,0,2,-
BRDA:1077,0,3,-
BRDA:1081,0,0,-
BRDA:1081,0,1,-
BRDA:1082,0,0,-
BRDA:1082,0,1,-
BRDA:1082,0,2,-
BRDA:1082,0,3,-
BRDA:1083,0,0,-
BRDA:1083,0,1,-
BRDA:1083,0,2,-
BRDA:1083,0,3,-
BRDA:1084,0,0,-
BRDA:1084,0,1,-
BRDA:1085,0,0,-
BRDA:1085,0,1,-
BRDA:1086,0,0,-
BRDA:1086,0,1,-
BRDA:1087,0,0,-
BRDA:1087,0,1,-
BRDA:1087,0,2,-
BRDA:1087,0,3,-
BRDA:1091,0,0,-
BRDA:1091,0,1,-
BRDA:1092,0,0,-
BRDA:1092,0,1,-
BRDA:1092,0,2,-
BRDA:1092,0,3,-
BRDA:1093,0,0,-
BRDA:1093,0,1,-
BRDA:1093,0,2,-
BRDA:1093,0,3,-
BRDA:1094,0,0,-
BRDA:1094,0,1,-
BRDA:1095,0,0,-
BRDA:1095,0,1,-
BRDA:1096,0,0,-
BRDA:1096,0,1,-
BRDA:1097,0,0,-
BRDA:1097,0,1,-
BRDA:1097,0,2,-
BRDA:1097,0,3,-
BRDA:1101,0,0,-
BRDA:1101,0,1,-
BRDA:1102,0,0,-
BRDA:1102,0,1,-
BRDA:1102,0,2,-
BRDA:1102,0,3,-
BRDA:1103,0,0,-
BRDA:1103,0,1,-
BRDA:1103,0,2,-
BRDA:1103,0,3,-
BRDA:1104,0,0,-
BRDA:1104,0,1,-
BRDA:1105,0,0,-
BRDA:1105,0,1,-
BRDA:1106,0,0,-
BRDA:1106,0,1,-
BRDA:1107,0,0,-
BRDA:1107,0,1,-
BRDA:1107,0,2,-
BRDA:1107,0,3,-
BRDA:1111,0,0,-
BRDA:1111,0,1,-
BRDA:1112,0,0,-
BRDA:1112,0,1,-
BRDA:1112,0,2,-
BRDA:1112,0,3,-
BRDA:1113,0,0,-
BRDA:1113,0,1,-
BRDA:1113,0,2,-
BRDA:1113,0,3,-
BRDA:1114,0,0,-
BRDA:1114,0,1,-
BRDA:1115,0,0,-
BRDA:1115,0,1,-
BRDA:1116,0,0,-
BRDA:1116,0,1,-
BRDA:1117,0,0,-
BRDA:1117,0,1,-
BRDA:1117,0,2,-
BRDA:1117,0,3,-
BRDA:1121,0,0,-
BRDA:1121,0,1,-
BRDA:1122,0,0,-
BRDA:1122,0,1,-
BRDA:1122,0,2,-
BRDA:1122,0,3,-
BRDA:1123,0,0,-
BRDA:1123,0,1,-
BRDA:1123,0,2,-
BRDA:1123,0,3,-
BRDA:1124,0,0,-
BRDA:1124,0,1,-
BRDA:1125,0,0,-
BRDA:1125,0,1,-
BRDA:1126,0,0,-
BRDA:1126,0,1,-
BRDA:1127,0,0,-
BRDA:1127,0,1,-
BRDA:1127,0,2,-
BRDA:1127,0,3,-
BRDA:1131,0,0,-
BRDA:1131,0,1,-
BRDA:1132,0,0,-
BRDA:1132,0,1,-
BRDA:1132,0,2,-
BRDA:1132,0,3,-
BRDA:1133,0,0,-
BRDA:1133,0,1,-
BRDA:1133,0,2,-
BRDA:1133,0,3,-
BRDA:1134,0,0,-
BRDA:1134,0,1,-
BRDA:1135,0,0,-
BRDA:1135,0,1,-
BRDA:1136,0,0,-
BRDA:1136,0,1,-
BRDA:1137,0,0,-
BRDA:1137,0,1,-
BRDA:1137,0,2,-
BRDA:1137,0,3,-
BRDA:1141,0,0,-
BRDA:1141,0,1,-
BRDA:1142,0,0,-
BRDA:1142,0,1,-
BRDA:1142,0,2,-
BRDA:1142,0,3,-
BRDA:1143,0,0,-
BRDA:1143,0,1,-
BRDA:1143,0,2,-
BRDA:1143,0,3,-
BRDA:1144,0,0,-
BRDA:1144,0,1,-
BRDA:1145,0,0,-
BRDA:1145,0,1,-
BRDA:1146,0,0,-
BRDA:1146,0,1,-
BRDA:1147,0,0,-
BRDA:1147,0,1,-
BRDA:1147,0,2,-
BRDA:1147,0,3,-
BRDA:1151,0,0,-
BRDA:1151,0,1,-
BRDA:1152,0,0,-
BRDA:1152,0,1,-
BRDA:1152,0,2,-
BRDA:1152,0,3,-
BRDA:1153,0,0,-
BRDA:1153,0,1,-
BRDA:1153,0,2,-
BRDA:1153,0,3,-
BRDA:1154,0,0,-
BRDA:1154,0,1,-
BRDA:1155,0,0,-
BRDA:1155,0,1,-
BRDA:1156,0,0,-
BRDA:1156,0,1,-
BRDA:1156,0,2,-
BRDA:1156,0,3,-
BRDA:1157,0,0,-
BRDA:1157,0,1,-
BRDA:1158,0,0,-
BRDA:1158,0,1,-
BRDA:1158,0,2,-
BRDA:1158,0,3,-
BRDA:1159,0,0,-
BRDA:1159,0,1,-
BRDA:1159,0,2,-
BRDA:1159,0,3,-
BRDA:1160,0,0,-
BRDA:1160,0,1,-
BRDA:1160,0,2,-
BRDA:1160,0,3,-
BRDA:1161,0,0,-
BRDA:1161,0,1,-
BRDA:1162,0,0,-
BRDA:1162,0,1,-
BRDA:1163,0,0,-
BRDA:1163,0,1,-
BRDA:1163,0,2,-
BRDA:1163,0,3,-
BRDA:1164,0,0,-
BRDA:1164,0,1,-
BRDA:1164,0,2,-
BRDA:1164,0,3,-
BRDA:1165,0,0,-
BRDA:1165,0,1,-
BRDA:1165,0,2,-
BRDA:1165,0,3,-
BRDA:1166,0,0,-
BRDA:1166,0,1,-
BRDA:1167,0,0,-
BRDA:1167,0,1,-
BRDA:1168,0,0,-
BRDA:1168,0,1,-
BRDA:1168,0,2,-
BRDA:1168,0,3,-
BRDA:1169,0,0,-
BRDA:1169,0,1,-
BRDA:1169,0,2,-
BRDA:1169,0,3,-
BRDA:1170,0,0,-
BRDA:1170,0,1,-
BRDA:1170,0,2,-
BRDA:1170,0,3,-
BRDA:1171,0,0,-
BRDA:1171,0,1,-
BRDA:1172,0,0,-
BRDA:1172,0,1,-
BRDA:1173,0,0,-
BRDA:1173,0,1,-
BRDA:1173,0,2,-
BRDA:1173,0,3,-
BRDA:1174,0,0,-
BRDA:1174,0,1,-
BRDA:1174,0,2,-
BRDA:1174,0,3,-
BRDA:1175,0,0,-
BRDA:1175,0,1,-
BRDA:1175,0,2,-
BRDA:1175,0,3,-
BRDA:1176,0,0,-
BRDA:1176,0,1,-
BRDA:1177,0,0,-
BRDA:1177,0,1,-
BRDA:1178,0,0,-
BRDA:1178,0,1,-
BRDA:1178,0,2,-
BRDA:1178,0,3,-
BRDA:1179,0,0,-
BRDA:1179,0,1,-
BRDA:1179,0,2,-
BRDA:1179,0,3,-
BRDA:1180,0,0,-
BRDA:1180,0,1,-
BRDA:1180,0,2,-
BRDA:1180,0,3,-
BRDA:1181,0,0,-
BRDA:1181,0,1,-
BRDA:1182,0,0,-
BRDA:1182,0,1,-
BRDA:1183,0,0,-
BRDA:1183,0,1,-
BRDA:1183,0,2,-
BRDA:1183,0,3,-
BRDA:1184,0,0,-
BRDA:1184,0,1,-
BRDA:1184,0,2,-
BRDA:1184,0,3,-
BRDA:1185,0,0,-
BRDA:1185,0,1,-
BRDA:1186,0,0,-
BRDA:1186,0,1,-
BRDA:1188,0,0,-
BRDA:1188,0,1,-
BRDA:1190,0,0,-
BRDA:1190,0,1,-
BRDA:1195,0,0,-
BRDA:1195,0,1,-
BRDA:1196,0,0,-
BRDA:1196,0,1,-
BRDA:1197,0,0,-
BRDA:1197,0,1,-
BRDA:1198,0,0,-
BRDA:1198,0,1,-
BRDA:1199,0,0,-
BRDA:1199,0,1,-
BRDA:1200,0,0,-
BRDA:1200,0,1,-
BRDA:1201,0,0,-
BRDA:1201,0,1,-
BRDA:1202,0,0,-
BRDA:1202,0,1,-
BRDA:1203,0,0,-
BRDA:1203,0,1,-
BRDA:1204,0,0,-
BRDA:1204,0,1,-
BRDA:1205,0,0,-
BRDA:1205,0,1,-
BRDA:1206,0,0,-
BRDA:1206,0,1,-
BRDA:1207,0,0,-
BRDA:1207,0,1,-
BRDA:1208,0,0,-
BRDA:1208,0,1,-
BRDA:1209,0,0,-
BRDA:1209,0,1,-
BRDA:1210,0,0,-
BRDA:1210,0,1,-
BRDA:1211,0,0,-
BRDA:1211,0,1,-
BRDA:1212,0,0,-
BRDA:1212,0,1,-
BRDA:1213,0,0,-
BRDA:1213,0,1,-
BRDA:1214,0,0,-
BRDA:1214,0,1,-
BRDA:1215,0,0,-
BRDA:1215,0,1,-
BRDA:1216,0,0,-
BRDA:1216,0,1,-
BRDA:1217,0,0,-
BRDA:1217,0,1,-
BRDA:1218,0,0,-
BRDA:1218,0,1,-
BRDA:1219,0,0,-
BRDA:1219,0,1,-
BRDA:1220,0,0,-
BRDA:1220,0,1,-
BRDA:1221,0,0,-
BRDA:1221,0,1,-
BRDA:1222,0,0,-
BRDA:1222,0,1,-
BRDA:1223,0,0,-
BRDA:1223,0,1,-
BRDA:1224,0,0,-
BRDA:1224,0,1,-
BRDA:1225,0,0,-
BRDA:1225,0,1,-
BRDA:1226,0,0,-
BRDA:1226,0,1,-
BRDA:1227,0,0,-
BRDA:1227,0,1,-
BRDA:1228,0,0,-
BRDA:1228,0,1,-
BRDA:1229,0,0,-
BRDA:1229,0,1,-
BRDA:1230,0,0,-
BRDA:1230,0,1,-
BRDA:1231,0,0,-
BRDA:1231,0,1,-
BRDA:1232,0,0,-
BRDA:1232,0,1,-
BRDA:1233,0,0,-
BRDA:1233,0,1,-
BRDA:1234,0,0,-
BRDA:1234,0,1,-
BRDA:1235,0,0,-
BRDA:1235,0,1,-
BRDA:1236,0,0,-
BRDA:1236,0,1,-
BRDA:1237,0,0,-
BRDA:1237,0,1,-
BRDA:1238,0,0,-
BRDA:1238,0,1,-
BRDA:1239,0,0,-
BRDA:1239,0,1,-
BRDA:1240,0,0,-
BRDA:1240,0,1,-
BRDA:1241,0,0,-
BRDA:1241,0,1,-
BRDA:1242,0,0,-
BRDA:1242,0,1,-
BRDA:1243,0,0,-
BRDA:1243,0,1,-
BRDA:1244,0,0,-
BRDA:1244,0,1,-
BRDA:1245,0,0,-
BRDA:1245,0,1,-
BRDA:1246,0,0,-
BRDA:1246,0,1,-
BRDA:1247,0,0,-
BRDA:1247,0,1,-
BRDA:1248,0,0,-
BRDA:1248,0,1,-
BRDA:1249,0,0,-
BRDA:1249,0,1,-
BRDA:1250,0,0,-
BRDA:1250,0,1,-
BRDA:1251,0,0,-
BRDA:1251,0,1,-
BRDA:1252,0,0,-
BRDA:1252,0,1,-
BRDA:1253,0,0,-
BRDA:1253,0,1,-
BRDA:1254,0,0,-
BRDA:1254,0,1,-
BRDA:1255,0,0,-
BRDA:1255,0,1,-
BRDA:1256,0,0,-
BRDA:1256,0,1,-
BRDA:1257,0,0,-
BRDA:1257,0,1,-
BRDA:1258,0,0,-
BRDA:1258,0,1,-
BRDA:1259,0,0,-
BRDA:1259,0,1,-
BRDA:1260,0,0,-
BRDA:1260,0,1,-
BRDA:1261,0,0,-
BRDA:1261,0,1,-
BRDA:1262,0,0,-
BRDA:1262,0,1,-
BRDA:1263,0,0,-
BRDA:1263,0,1,-
BRDA:1264,0,0,-
BRDA:1264,0,1,-
BRDA:1265,0,0,-
BRDA:1265,0,1,-
BRDA:1266,0,0,-
BRDA:1266,0,1,-
BRDA:1267,0,0,-
BRDA:1267,0,1,-
BRDA:1268,0,0,-
BRDA:1268,0,1,-
BRDA:1269,0,0,-
BRDA:1269,0,1,-
BRDA:1270,0,0,-
BRDA:1270,0,1,-
BRDA:1271,0,0,-
BRDA:1271,0,1,-
BRDA:1272,0,0,-
BRDA:1272,0,1,-
BRDA:1273,0,0,-
BRDA:1273,0,1,-
BRDA:1274,0,0,-
BRDA:1274,0,1,-
BRDA:1275,0,0,-
BRDA:1275,0,1,-
BRDA:1276,0,0,-
BRDA:1276,0,1,-
BRDA:1277,0,0,-
BRDA:1277,0,1,-
BRDA:1278,0,0,-
BRDA:1278,0,1,-
BRDA:1279,0,0,-
BRDA:1279,0,1,-
BRDA:1280,0,0,-
BRDA:1280,0,1,-
BRDA:1281,0,0,-
BRDA:1281,0,1,-
BRDA:1282,0,0,-
BRDA:1282,0,1,-
BRDA:1283,0,0,-
BRDA:1283,0,1,-
BRDA:1284,0,0,-
BRDA:1284,0,1,-
BRDA:1285,0,0,-
BRDA:1285,0,1,-
BRDA:1286,0,0,-
BRDA:1286,0,1,-
BRDA:1287,0,0,-
BRDA:1287,0,1,-
BRDA:1288,0,0,-
BRDA:1288,0,1,-
BRDA:1289,0,0,-
BRDA:1289,0,1,-
BRDA:1290,0,0,-
BRDA:1290,0,1,-
BRDA:1291,0,0,-
BRDA:1291,0,1,-
BRDA:1292,0,0,-
BRDA:1292,0,1,-
BRDA:1293,0,0,-
BRDA:1293,0,1,-
BRDA:1294,0,0,-
BRDA:1294,0,1,-
BRDA:1295,0,0,-
BRDA:1295,0,1,-
BRDA:1296,0,0,-
BRDA:1296,0,1,-
BRDA:1297,0,0,-
BRDA:1297,0,1,-
BRDA:1298,0,0,-
BRDA:1298,0,1,-
BRDA:1299,0,0,-
BRDA:1299,0,1,-
BRDA:1300,0,0,-
BRDA:1300,0,1,-
BRDA:1301,0,0,-
BRDA:1301,0,1,-
BRDA:1302,0,0,-
BRDA:1302,0,1,-
BRF:2368
BRH:0
DA:134,0
DA:136,0
DA:137,0
DA:138,0
DA:139,0
DA:140,0
DA:141,0
DA:142,0
DA:143,0
DA:144,0
DA:145,0
DA:146,0
DA:147,0
DA:151,0
DA:152,0
DA:153,0
DA:154,0
DA:155,0
DA:156,0
DA:157,0
DA:161,0
DA:162,0
DA:163,0
DA:164,0
DA:165,0
DA:166,0
DA:167,0
DA:171,0
DA:172,0
DA:173,0
DA:174,0
DA:175,0
DA:176,0
DA:177,0
DA:181,0
DA:182,0
DA:183,0
DA:184,0
DA:185,0
DA:186,0
DA:187,0
DA:191,0
DA:192,0
DA:193,0
DA:194,0
DA:195,0
DA:196,0
DA:197,0
DA:201,0
DA:202,0
DA:203,0
DA:204,0
DA:205,0
DA:206,0
DA:207,0
DA:211,0
DA:212,0
DA:213,0
DA:214,0
DA:215,0
DA:216,0
DA:217,0
DA:221,0
DA:222,0
DA:223,0
DA:224,0
DA:225,0
DA:226,0
DA:227,0
DA:231,0
DA:232,0
DA:233,0
DA:234,0
DA:235,0
DA:236,0
DA:237,0
DA:241,0
DA:242,0
DA:243,0
DA:244,0
DA:245,0
DA:246,0
DA:247,0
DA:251,0
DA:252,0
DA:253,0
DA:254,0
DA:255,0
DA:256,0
DA:257,0
DA:258,0
DA:259,0
DA:260,0
DA:261,0
DA:262,0
DA:263,0
DA:264,0
DA:268,0
DA:269,0
DA:270,0
DA:271,0
DA:272,0
DA:273,0
DA:274,0
DA:278,0
DA:279,0
DA:280,0
DA:281,0
DA:282,0
DA:283,0
DA:284,0
DA:288,0
DA:289,0
DA:290,0
DA:291,0
DA:292,0
DA:293,0
DA:294,0
DA:298,0
DA:299,0
DA:300,0
DA:301,0
DA:302,0
DA:303,0
DA:304,0
DA:308,0
DA:309,0
DA:310,0
DA:311,0
DA:312,0
DA:313,0
DA:314,0
DA:318,0
DA:319,0
DA:320,0
DA:321,0
DA:322,0
DA:323,0
DA:324,0
DA:328,0
DA:329,0
DA:330,0
DA:331,0
DA:332,0
DA:333,0
DA:334,0
DA:338,0
DA:339,0
DA:340,0
DA:341,0
DA:342,0
DA:343,0
DA:344,0
DA:348,0
DA:349,0
DA:350,0
DA:351,0
DA:352,0
DA:353,0
DA:354,0
DA:358,0
DA:359,0
DA:360,0
DA:361,0
DA:362,0
DA:363,0
DA:364,0
DA:368,0
DA:369,0
DA:370,0
DA:371,0
DA:372,0
DA:373,0
DA:374,0
DA:378,0
DA:379,0
DA:380,0
DA:381,0
DA:382,0
DA:383,0
DA:384,0
DA:388,0
DA:389,0
DA:390,0
DA:391,0
DA:392,0
DA:393,0
DA:394,0
DA:398,0
DA:399,0
DA:400,0
DA:401,0
DA:402,0
DA:403,0
DA:404,0
DA:408,0
DA:409,0
DA:410,0
DA:411,0
DA:412,0
DA:413,0
DA:414,0
DA:418,0
DA:419,0
DA:420,0
DA:421,0
DA:422,0
DA:423,0
DA:424,0
DA:428,0
DA:429,0
DA:430,0
DA:431,0
DA:432,0
DA:433,0
DA:434,0
DA:438,0
DA:439,0
DA:440,0
DA:441,0
DA:442,0
DA:443,0
DA:444,0
DA:448,0
DA:449,0
DA:450,0
DA:451,0
DA:452,0
DA:453,0
DA:454,0
DA:458,0
DA:459,0
DA:460,0
DA:461,0
DA:462,0
DA:463,0
DA:464,0
DA:468,0
DA:469,0
DA:470,0
DA:471,0
DA:472,0
DA:473,0
DA:474,0
DA:478,0
DA:479,0
DA:480,0
DA:481,0
DA:482,0
DA:483,0
DA:484,0
DA:488,0
DA:489,0
DA:490,0
DA:491,0
DA:492,0
DA:493,0
DA:494,0
DA:498,0
DA:499,0
DA:500,0
DA:501,0
DA:502,0
DA:503,0
DA:504,0
DA:508,0
DA:509,0
DA:510,0
DA:511,0
DA:512,0
DA:513,0
DA:514,0
DA:518,0
DA:519,0
DA:520,0
DA:521,0
DA:522,0
DA:523,0
DA:524,0
DA:528,0
DA:529,0
DA:530,0
DA:531,0
DA:532,0
DA:533,0
DA:534,0
DA:538,0
DA:539,0
DA:540,0
DA:541,0
DA:542,0
DA:543,0
DA:544,0
DA:548,0
DA:549,0
DA:550,0
DA:551,0
DA:552,0
DA:553,0
DA:554,0
DA:558,0
DA:559,0
DA:560,0
DA:561,0
DA:562,0
DA:563,0
DA:564,0
DA:568,0
DA:569,0
DA:570,0
DA:571,0
DA:572,0
DA:573,0
DA:574,0
DA:578,0
DA:579,0
DA:580,0
DA:581,0
DA:582,0
DA:583,0
DA:584,0
DA:588,0
DA:589,0
DA:590,0
DA:591,0
DA:592,0
DA:593,0
DA:594,0
DA:598,0
DA:599,0
DA:600,0
DA:601,0
DA:602,0
DA:603,0
DA:604,0
DA:608,0
DA:609,0
DA:610,0
DA:611,0
DA:612,0
DA:613,0
DA:614,0
DA:618,0
DA:619,0
DA:620,0
DA:621,0
DA:622,0
DA:623,0
DA:624,0
DA:628,0
DA:629,0
DA:630,0
DA:631,0
DA:632,0
DA:633,0
DA:634,0
DA:638,0
DA:639,0
DA:640,0
DA:641,0
DA:642,0
DA:643,0
DA:644,0
DA:648,0
DA:649,0
DA:650,0
DA:651,0
DA:652,0
DA:653,0
DA:654,0
DA:658,0
DA:659,0
DA:660,0
DA:661,0
DA:662,0
DA:663,0
DA:664,0
DA:668,0
DA:669,0
DA:670,0
DA:671,0
DA:672,0
DA:673,0
DA:674,0
DA:678,0
DA:679,0
DA:680,0
DA:681,0
DA:682,0
DA:683,0
DA:684,0
DA:688,0
DA:689,0
DA:690,0
DA:691,0
DA:692,0
DA:693,0
DA:694,0
DA:698,0
DA:699,0
DA:700,0
DA:701,0
DA:702,0
DA:703,0
DA:704,0
DA:708,0
DA:709,0
DA:710,0
DA:711,0
DA:712,0
DA:713,0
DA:714,0
DA:718,0
DA:719,0
DA:720,0
DA:721,0
DA:722,0
DA:723,0
DA:724,0
DA:725,0
DA:726,0
DA:727,0
DA:731,0
DA:732,0
DA:733,0
DA:734,0
DA:735,0
DA:736,0
DA:737,0
DA:741,0
DA:742,0
DA:743,0
DA:744,0
DA:745,0
DA:746,0
DA:747,0
DA:751,0
DA:752,0
DA:753,0
DA:754,0
DA:755,0
DA:756,0
DA:757,0
DA:761,0
DA:762,0
DA:763,0
DA:764,0
DA:765,0
DA:766,0
DA:767,0
DA:771,0
DA:772,0
DA:773,0
DA:774,0
DA:775,0
DA:776,0
DA:777,0
DA:781,0
DA:782,0
DA:783,0
DA:784,0
DA:785,0
DA:786,0
DA:787,0
DA:791,0
DA:792,0
DA:793,0
DA:794,0
DA:795,0
DA:796,0
DA:797,0
DA:801,0
DA:802,0
DA:803,0
DA:804,0
DA:805,0
DA:806,0
DA:807,0
DA:811,0
DA:812,0
DA:813,0
DA:814,0
DA:815,0
DA:816,0
DA:817,0
DA:821,0
DA:822,0
DA:823,0
DA:824,0
DA:825,0
DA:826,0
DA:827,0
DA:831,0
DA:832,0
DA:833,0
DA:834,0
DA:835,0
DA:836,0
DA:837,0
DA:841,0
DA:842,0
DA:843,0
DA:844,0
DA:845,0
DA:846,0
DA:847,0
DA:851,0
DA:852,0
DA:853,0
DA:854,0
DA:855,0
DA:856,0
DA:857,0
DA:861,0
DA:862,0
DA:863,0
DA:864,0
DA:865,0
DA:866,0
DA:867,0
DA:871,0
DA:872,0
DA:873,0
DA:874,0
DA:875,0
DA:876,0
DA:877,0
DA:881,0
DA:882,0
DA:883,0
DA:884,0
DA:885,0
DA:886,0
DA:887,0
DA:891,0
DA:892,0
DA:893,0
DA:894,0
DA:895,0
DA:896,0
DA:897,0
DA:901,0
DA:902,0
DA:903,0
DA:904,0
DA:905,0
DA:906,0
DA:907,0
DA:911,0
DA:912,0
DA:913,0
DA:914,0
DA:915,0
DA:916,0
DA:917,0
DA:921,0
DA:922,0
DA:923,0
DA:924,0
DA:925,0
DA:926,0
DA:927,0
DA:931,0
DA:932,0
DA:933,0
DA:934,0
DA:935,0
DA:936,0
DA:937,0
DA:941,0
DA:942,0
DA:943,0
DA:944,0
DA:945,0
DA:946,0
DA:947,0
DA:951,0
DA:952,0
DA:953,0
DA:954,0
DA:955,0
DA:956,0
DA:957,0
DA:961,0
DA:962,0
DA:963,0
DA:964,0
DA:965,0
DA:966,0
DA:967,0
DA:971,0
DA:972,0
DA:973,0
DA:974,0
DA:975,0
DA:976,0
DA:977,0
DA:981,0
DA:982,0
DA:983,0
DA:984,0
DA:985,0
DA:986,0
DA:987,0
DA:991,0
DA:992,0
DA:993,0
DA:994,0
DA:995,0
DA:996,0
DA:997,0
DA:1001,0
DA:1002,0
DA:1003,0
DA:1004,0
DA:1005,0
DA:1006,0
DA:1007,0
DA:1011,0
DA:1012,0
DA:1013,0
DA:1014,0
DA:1015,0
DA:1016,0
DA:1017,0
DA:1021,0
DA:1022,0
DA:1023,0
DA:1024,0
DA:1025,0
DA:1026,0
DA:1027,0
DA:1031,0
DA:1032,0
DA:1033,0
DA:1034,0
DA:1035,0
DA:1036,0
DA:1037,0
DA:1041,0
DA:1042,0
DA:1043,0
DA:1044,0
DA:1045,0
DA:1046,0
DA:1047,0
DA:1051,0
DA:1052,0
DA:1053,0
DA:1054,0
DA:1055,0
DA:1056,0
DA:1057,0
DA:1061,0
DA:1062,0
DA:1063,0
DA:1064,0
DA:1065,0
DA:1066,0
DA:1067,0
DA:1071,0
DA:1072,0
DA:1073,0
DA:1074,0
DA:1075,0
DA:1076,0
DA:1077,0
DA:1081,0
DA:1082,0
DA:1083,0
DA:1084,0
DA:1085,0
DA:1086,0
DA:1087,0
DA:1091,0
DA:1092,0
DA:1093,0
DA:1094,0
DA:1095,0
DA:1096,0
DA:1097,0
DA:1101,0
DA:1102,0
DA:1103,0
DA:1104,0
DA:1105,0
DA:1106,0
DA:1107,0
DA:1111,0
DA:1112,0
DA:1113,0
DA:1114,0
DA:1115,0
DA:1116,0
DA:1117,0
DA:1121,0
DA:1122,0
DA:1123,0
DA:1124,0
DA:1125,0
DA:1126,0
DA:1127,0
DA:1131,0
DA:1132,0
DA:1133,0
DA:1134,0
DA:1135,0
DA:1136,0
DA:1137,0
DA:1141,0
DA:1142,0
DA:1143,0
DA:1144,0
DA:1145,0
DA:1146,0
DA:1147,0
DA:1151,0
DA:1152,0
DA:1153,0
DA:1154,0
DA:1155,0
DA:1156,0
DA:1157,0
DA:1158,0
DA:1159,0
DA:1160,0
DA:1161,0
DA:1162,0
DA:1163,0
DA:1164,0
DA:1165,0
DA:1166,0
DA:1167,0
DA:1168,0
DA:1169,0
DA:1170,0
DA:1171,0
DA:1172,0
DA:1173,0
DA:1174,0
DA:1175,0
DA:1176,0
DA:1177,0
DA:1178,0
DA:1179,0
DA:1180,0
DA:1181,0
DA:1182,0
DA:1183,0
DA:1184,0
DA:1185,0
DA:1186,0
DA:1188,0
DA:1190,0
DA:1191,0
DA:1193,0
DA:1195,0
DA:1196,0
DA:1197,0
DA:1198,0
DA:1199,0
DA:1200,0
DA:1201,0
DA:1202,0
DA:1203,0
DA:1204,0
DA:1205,0
DA:1206,0
DA:1207,0
DA:1208,0
DA:1209,0
DA:1210,0
DA:1211,0
DA:1212,0
DA:1213,0
DA:1214,0
DA:1215,0
DA:1216,0
DA:1217,0
DA:1218,0
DA:1219,0
DA:1220,0
DA:1221,0
DA:1222,0
DA:1223,0
DA:1224,0
DA:1225,0
DA:1226,0
DA:1227,0
DA:1228,0
DA:1229,0
DA:1230,0
DA:1231,0
DA:1232,0
DA:1233,0
DA:1234,0
DA:1235,0
DA:1236,0
DA:1237,0
DA:1238,0
DA:1239,0
DA:1240,0
DA:1241,0
DA:1242,0
DA:1243,0
DA:1244,0
DA:1245,0
DA:1246,0
DA:1247,0
DA:1248,0
DA:1249,0
DA:1250,0
DA:1251,0
DA:1252,0
DA:1253,0
DA:1254,0
DA:1255,0
DA:1256,0
DA:1257,0
DA:1258,0
DA:1259,0
DA:1260,0
DA:1261,0
DA:1262,0
DA:1263,0
DA:1264,0
DA:1265,0
DA:1266,0
DA:1267,0
DA:1268,0
DA:1269,0
DA:1270,0
DA:1271,0
DA:1272,0
DA:1273,0
DA:1274,0
DA:1275,0
DA:1276,0
DA:1277,0
DA:1278,0
DA:1279,0
DA:1280,0
DA:1281,0
DA:1282,0
DA:1283,0
DA:1284,0
DA:1285,0
DA:1286,0
DA:1287,0
DA:1288,0
DA:1289,0
DA:1290,0
DA:1291,0
DA:1292,0
DA:1293,0
DA:1294,0
DA:1295,0
DA:1296,0
DA:1297,0
DA:1298,0
DA:1299,0
DA:1300,0
DA:1301,0
DA:1302,0
DA:1303,0
LF:865
LH:0
end_of_record
TN:
SF:/home/milica/Downloads/vs/2021_Podmornice-main/podmorniceGUI_Novo/PodmorniceGUI/ui_pobeda.h
FN:25,_ZN9Ui_Pobeda7setupUiEP7QDialog
FN:49,_ZN9Ui_Pobeda13retranslateUiEP7QDialog
FNDA:0,_ZN9Ui_Pobeda13retranslateUiEP7QDialog
FNDA:0,_ZN9Ui_Pobeda7setupUiEP7QDialog
FNF:2
FNH:0
BRDA:27,0,0,-
BRDA:27,0,1,-
BRDA:27,0,2,-
BRDA:27,0,3,-
BRDA:28,0,0,-
BRDA:28,0,1,-
BRDA:28,0,2,-
BRDA:28,0,3,-
BRDA:29,0,0,-
BRDA:29,0,1,-
BRDA:30,0,0,-
BRDA:30,0,1,-
BRDA:30,0,2,-
BRDA:30,0,3,-
BRDA:31,0,0,-
BRDA:31,0,1,-
BRDA:31,0,2,-
BRDA:31,0,3,-
BRDA:32,0,0,-
BRDA:32,0,1,-
BRDA:33,0,0,-
BRDA:33,0,1,-
BRDA:34,0,0,-
BRDA:34,0,1,-
BRDA:34,0,2,-
BRDA:34,0,3,-
BRDA:35,0,0,-
BRDA:35,0,1,-
BRDA:36,0,0,-
BRDA:36,0,1,-
BRDA:37,0,0,-
BRDA:37,0,1,-
BRDA:37,0,2,-
BRDA:37,0,3,-
BRDA:38,0,0,-
BRDA:38,0,1,-
BRDA:38,0,2,-
BRDA:38,0,3,-
BRDA:39,0,0,-
BRDA:39,0,1,-
BRDA:39,0,2,-
BRDA:39,0,3,-
BRDA:40,0,0,-
BRDA:40,0,1,-
BRDA:41,0,0,-
BRDA:41,0,1,-
BRDA:42,0,0,-
BRDA:42,0,1,-
BRDA:42,0,2,-
BRDA:42,0,3,-
BRDA:44,0,0,-
BRDA:44,0,1,-
BRDA:46,0,0,-
BRDA:46,0,1,-
BRDA:51,0,0,-
BRDA:51,0,1,-
BRDA:52,0,0,-
BRDA:52,0,1,-
BRDA:53,0,0,-
BRDA:53,0,1,-
BRF:60
BRH:0
DA:25,0
DA:27,0
DA:28,0
DA:29,0
DA:30,0
DA:31,0
DA:32,0
DA:33,0
DA:34,0
DA:35,0
DA:36,0
DA:37,0
DA:38,0
DA:39,0
DA:40,0
DA:41,0
DA:42,0
DA:44,0
DA:46,0
DA:47,0
DA:49,0
DA:51,0
DA:52,0
DA:53,0
DA:54,0
LF:25
LH:0
end_of_record
TN:
SF:/home/milica/Downloads/vs/2021_Podmornice-main/podmorniceGUI_Novo/PodmorniceGUI/ui_podmornicegui.h
FN:31,_ZN16Ui_PodmorniceGUI7setupUiEP11QMainWindow
FN:140,_ZN16Ui_PodmorniceGUI13retranslateUiEP11QMainWindow
FNDA:0,_ZN16Ui_PodmorniceGUI13retranslateUiEP11QMainWindow
FNDA:0,_ZN16Ui_PodmorniceGUI7setupUiEP11QMainWindow
FNF:2
FNH:0
BRDA:33,0,0,-
BRDA:33,0,1,-
BRDA:33,0,2,-
BRDA:33,0,3,-
BRDA:34,0,0,-
BRDA:34,0,1,-
BRDA:34,0,2,-
BRDA:34,0,3,-
BRDA:35,0,0,-
BRDA:35,0,1,-
BRDA:36,0,0,-
BRDA:36,0,1,-
BRDA:36,0,2,-
BRDA:36,0,3,-
BRDA:37,0,0,-
BRDA:37,0,1,-
BRDA:37,0,2,-
BRDA:37,0,3,-
BRDA:38,0,0,-
BRDA:38,0,1,-
BRDA:38,0,2,-
BRDA:38,0,3,-
BRDA:39,0,0,-
BRDA:39,0,1,-
BRDA:39,0,2,-
BRDA:39,0,3,-
BRDA:40,0,0,-
BRDA:40,0,1,-
BRDA:40,0,2,-
BRDA:40,0,3,-
BRDA:41,0,0,-
BRDA:41,0,1,-
BRDA:42,0,0,-
BRDA:42,0,1,-
BRDA:43,0,0,-
BRDA:43,0,1,-
BRDA:43,0,2,-
BRDA:43,0,3,-
BRDA:44,0,0,-
BRDA:44,0,1,-
BRDA:45,0,0,-
BRDA:45,0,1,-
BRDA:45,0,2,-
BRDA:45,0,3,-
BRDA:46,0,0,-
BRDA:46,0,1,-
BRDA:46,0,2,-
BRDA:46,0,3,-
BRDA:47,0,0,-
BRDA:47,0,1,-
BRDA:47,0,2,-
BRDA:47,0,3,-
BRDA:48,0,0,-
BRDA:48,0,1,-
BRDA:49,0,0,-
BRDA:49,0,1,-
BRDA:50,0,0,-
BRDA:50,0,1,-
BRDA:51,0,0,-
BRDA:51,0,1,-
BRDA:52,0,0,-
BRDA:52,0,1,-
BRDA:53,0,0,-
BRDA:53,0,1,-
BRDA:54,0,0,-
BRDA:54,0,1,-
BRDA:55,0,0,-
BRDA:55,0,1,-
BRDA:56,0,0,-
BRDA:56,0,1,-
BRDA:57,0,0,-
BRDA:57,0,1,-
BRDA:58,0,0,-
BRDA:58,0,1,-
BRDA:59,0,0,-
BRDA:59,0,1,-
BRDA:60,0,0,-
BRDA:60,0,1,-
BRDA:61,0,0,-
BRDA:61,0,1,-
BRDA:62,0,0,-
BRDA:62,0,1,-
BRDA:63,0,0,-
BRDA:63,0,1,-
BRDA:64,0,0,-
BRDA:64,0,1,-
BRDA:65,0,0,-
BRDA:65,0,1,-
BRDA:66,0,0,-
BRDA:66,0,1,-
BRDA:67,0,0,-
BRDA:67,0,1,-
BRDA:68,0,0,-
BRDA:68,0,1,-
BRDA:69,0,0,-
BRDA:69,0,1,-
BRDA:70,0,0,-
BRDA:70,0,1,-
BRDA:71,0,0,-
BRDA:71,0,1,-
BRDA:72,0,0,-
BRDA:72,0,1,-
BRDA:73,0,0,-
BRDA:73,0,1,-
BRDA:74,0,0,-
BRDA:74,0,1,-
BRDA:75,0,0,-
BRDA:75,0,1,-
BRDA:76,0,0,-
BRDA:76,0,1,-
BRDA:77,0,0,-
BRDA:77,0,1,-
BRDA:78,0,0,-
BRDA:78,0,1,-
BRDA:79,0,0,-
BRDA:79,0,1,-
BRDA:80,0,0,-
BRDA:80,0,1,-
BRDA:81,0,0,-
BRDA:81,0,1,-
BRDA:82,0,0,-
BRDA:82,0,1,-
BRDA:83,0,0,-
BRDA:83,0,1,-
BRDA:84,0,0,-
BRDA:84,0,1,-
BRDA:85,0,0,-
BRDA:85,0,1,-
BRDA:86,0,0,-
BRDA:86,0,1,-
BRDA:87,0,0,-
BRDA:87,0,1,-
BRDA:88,0,0,-
BRDA:88,0,1,-
BRDA:89,0,0,-
BRDA:89,0,1,-
BRDA:90,0,0,-
BRDA:90,0,1,-
BRDA:91,0,0,-
BRDA:91,0,1,-
BRDA:92,0,0,-
BRDA:92,0,1,-
BRDA:93,0,0,-
BRDA:93,0,1,-
BRDA:94,0,0,-
BRDA:94,0,1,-
BRDA:95,0,0,-
BRDA:95,0,1,-
BRDA:96,0,0,-
BRDA:96,0,1,-
BRDA:97,0,0,-
BRDA:97,0,1,-
BRDA:98,0,0,-
BRDA:98,0,1,-
BRDA:99,0,0,-
BRDA:99,0,1,-
BRDA:100,0,0,-
BRDA:100,0,1,-
BRDA:101,0,0,-
BRDA:101,0,1,-
BRDA:102,0,0,-
BRDA:102,0,1,-
BRDA:103,0,0,-
BRDA:103,0,1,-
BRDA:104,0,0,-
BRDA:104,0,1,-
BRDA:105,0,0,-
BRDA:105,0,1,-
BRDA:106,0,0,-
BRDA:106,0,1,-
BRDA:107,0,0,-
BRDA:107,0,1,-
BRDA:108,0,0,-
BRDA:108,0,1,-
BRDA:109,0,0,-
BRDA:109,0,1,-
BRDA:110,0,0,-
BRDA:110,0,1,-
BRDA:111,0,0,-
BRDA:111,0,1,-
BRDA:112,0,0,-
BRDA:112,0,1,-
BRDA:113,0,0,-
BRDA:113,0,1,-
BRDA:113,0,2,-
BRDA:113,0,3,-
BRDA:114,0,0,-
BRDA:114,0,1,-
BRDA:115,0,0,-
BRDA:115,0,1,-
BRDA:116,0,0,-
BRDA:116,0,1,-
BRDA:117,0,0,-
BRDA:117,0,1,-
BRDA:118,0,0,-
BRDA:118,0,1,-
BRDA:119,0,0,-
BRDA:119,0,1,-
BRDA:119,0,2,-
BRDA:119,0,3,-
BRDA:122,0,0,-
BRDA:122,0,1,-
BRDA:122,0,2,-
BRDA:122,0,3,-
BRDA:123,0,0,-
BRDA:123,0,1,-
BRDA:123,0,2,-
BRDA:123,0,3,-
BRDA:124,0,0,-
BRDA:124,0,1,-
BRDA:125,0,0,-
BRDA:125,0,1,-
BRDA:126,0,0,-
BRDA:126,0,1,-
BRDA:126,0,2,-
BRDA:126,0,3,-
BRDA:127,0,0,-
BRDA:127,0,1,-
BRDA:128,0,0,-
BRDA:128,0,1,-
BRDA:129,0,0,-
BRDA:129,0,1,-
BRDA:129,0,2,-
BRDA:129,0,3,-
BRDA:130,0,0,-
BRDA:130,0,1,-
BRDA:131,0,0,-
BRDA:131,0,1,-
BRDA:131,0,2,-
BRDA:131,0,3,-
BRDA:132,0,0,-
BRDA:132,0,1,-
BRDA:132,0,2,-
BRDA:132,0,3,-
BRDA:133,0,0,-
BRDA:133,0,1,-
BRDA:135,0,0,-
BRDA:135,0,1,-
BRDA:137,0,0,-
BRDA:137,0,1,-
BRDA:142,0,0,-
BRDA:142,0,1,-
BRDA:143,0,0,-
BRDA:143,0,1,-
BRDA:144,0,0,-
BRDA:144,0,1,-
BRDA:145,0,0,-
BRDA:145,0,1,-
BRF:248
BRH:0
DA:31,0
DA:33,0
DA:34,0
DA:35,0
DA:36,0
DA:37,0
DA:38,0
DA:39,0
DA:40,0
DA:41,0
DA:42,0
DA:43,0
DA:44,0
DA:45,0
DA:46,0
DA:47,0
DA:48,0
DA:49,0
DA:50,0
DA:51,0
DA:52,0
DA:53,0
DA:54,0
DA:55,0
DA:56,0
DA:57,0
DA:58,0
DA:59,0
DA:60,0
DA:61,0
DA:62,0
DA:63,0
DA:64,0
DA:65,0
DA:66,0
DA:67,0
DA:68,0
DA:69,0
DA:70,0
DA:71,0
DA:72,0
DA:73,0
DA:74,0
DA:75,0
DA:76,0
DA:77,0
DA:78,0
DA:79,0
DA:80,0
DA:81,0
DA:82,0
DA:83,0
DA:84,0
DA:85,0
DA:86,0
DA:87,0
DA:88,0
DA:89,0
DA:90,0
DA:91,0
DA:92,0
DA:93,0
DA:94,0
DA:95,0
DA:96,0
DA:97,0
DA:98,0
DA:99,0
DA:100,0
DA:101,0
DA:102,0
DA:103,0
DA:104,0
DA:105,0
DA:106,0
DA:107,0
DA:108,0
DA:109,0
DA:110,0
DA:111,0
DA:112,0
DA:113,0
DA:114,0
DA:115,0
DA:116,0
DA:117,0
DA:118,0
DA:119,0
DA:122,0
DA:123,0
DA:124,0
DA:125,0
DA:126,0
DA:127,0
DA:128,0
DA:129,0
DA:130,0
DA:131,0
DA:132,0
DA:133,0
DA:135,0
DA:137,0
DA:138,0
DA:140,0
DA:142,0
DA:143,0
DA:144,0
DA:145,0
DA:146,0
LF:109
LH:0
end_of_record
TN:
SF:/home/milica/Qt/6.4.2/gcc_64/include/QtCore/q23functional.h
FN:35,_ZN3q238invoke_rIPKcRZN5QTest8qCompareIccEEbRKT_RKT0_S2_S2_S2_iEUlvE_JEEENSt9enable_ifIX16is_invocable_r_vIS5_S8_DpT1_EES5_E4typeEOS8_DpOSE_
FN:35,_ZN3q238invoke_rIPKcRZN5QTest8qCompareI7QStringA1_cEEbRKT_RKT0_S2_S2_S2_iEUlvE_JEEENSt9enable_ifIX16is_invocable_r_vIS7_SA_DpT1_EES7_E4typeEOSA_DpOSG_
FN:35,_ZN3q238invoke_rIPKcRZN5QTest8qCompareIccEEbRKT_RKT0_S2_S2_S2_iEUlvE0_JEEENSt9enable_ifIX16is_invocable_r_vIS5_S8_DpT1_EES5_E4typeEOS8_DpOSE_
FN:35,_ZN3q238invoke_rIPKcRZN5QTest8qCompareI7QStringA1_cEEbRKT_RKT0_S2_S2_S2_iEUlvE0_JEEENSt9enable_ifIX16is_invocable_r_vIS7_SA_DpT1_EES7_E4typeEOSA_DpOSG_
FN:35,_ZN3q238invoke_rIPKcRZN5QTest8qCompareI7QStringA20_cEEbRKT_RKT0_S2_S2_S2_iEUlvE0_JEEENSt9enable_ifIX16is_invocable_r_vIS7_SA_DpT1_EES7_E4typeEOSA_DpOSG_
FN:35,_ZN3q238invoke_rIPKcRZN5QTest8qCompareI7QStringA20_cEEbRKT_RKT0_S2_S2_S2_iEUlvE_JEEENSt9enable_ifIX16is_invocable_r_vIS7_SA_DpT1_EES7_E4typeEOSA_DpOSG_
FNDA:0,_ZN3q238invoke_rIPKcRZN5QTest8qCompareI7QStringA20_cEEbRKT_RKT0_S2_S2_S2_iEUlvE_JEEENSt9enable_ifIX16is_invocable_r_vIS7_SA_DpT1_EES7_E4typeEOSA_DpOSG_
FNDA:0,_ZN3q238invoke_rIPKcRZN5QTest8qCompareI7QStringA20_cEEbRKT_RKT0_S2_S2_S2_iEUlvE0_JEEENSt9enable_ifIX16is_invocable_r_vIS7_SA_DpT1_EES7_E4typeEOSA_DpOSG_
FNDA:0,_ZN3q238invoke_rIPKcRZN5QTest8qCompareI7QStringA1_cEEbRKT_RKT0_S2_S2_S2_iEUlvE0_JEEENSt9enable_ifIX16is_invocable_r_vIS7_SA_DpT1_EES7_E4typeEOSA_DpOSG_
FNDA:0,_ZN3q238invoke_rIPKcRZN5QTest8qCompareIccEEbRKT_RKT0_S2_S2_S2_iEUlvE0_JEEENSt9enable_ifIX16is_invocable_r_vIS5_S8_DpT1_EES5_E4typeEOS8_DpOSE_
FNDA:0,_ZN3q238invoke_rIPKcRZN5QTest8qCompareIccEEbRKT_RKT0_S2_S2_S2_iEUlvE_JEEENSt9enable_ifIX16is_invocable_r_vIS5_S8_DpT1_EES5_E4typeEOS8_DpOSE_
FNDA:0,_ZN3q238invoke_rIPKcRZN5QTest8qCompareI7QStringA1_cEEbRKT_RKT0_S2_S2_S2_iEUlvE_JEEENSt9enable_ifIX16is_invocable_r_vIS7_SA_DpT1_EES7_E4typeEOSA_DpOSG_
FNF:6
FNH:0
DA:35,0
DA:42,0
LF:2
LH:0
end_of_record
TN:
SF:/home/milica/Qt/6.4.2/gcc_64/include/QtCore/qarraydata.h
FN:38,_ZN10QArrayData17allocatedCapacityEv
FN:43,_ZNK10QArrayData22constAllocatedCapacityEv
FN:49,_ZN10QArrayData3refEv
FN:56,_ZN10QArrayData5derefEv
FN:61,_ZNK10QArrayData8isSharedEv
FN:69,_ZNK10QArrayData11needsDetachEv
FN:74,_ZNK10QArrayData14detachCapacityEx
FN:101,_ZN15QTypedArrayDataIiE8allocateExN10QArrayData16AllocationOptionE
FN:101,_ZN15QTypedArrayDataI10PodmornicaE8allocateExN10QArrayData16AllocationOptionE
FN:113,_ZN15QTypedArrayDataIiE19reallocateUnalignedEPS0_PixN10QArrayData16AllocationOptionE
FN:121,_ZN15QTypedArrayDataIiE10deallocateEP10QArrayData
FN:121,_ZN15QTypedArrayDataI10PodmornicaE10deallocateEP10QArrayData
FN:121,_ZN15QTypedArrayDataIDsE10deallocateEP10QArrayData
FN:127,_ZN15QTypedArrayDataI10PodmornicaE9dataStartEP10QArrayDatax
FN:127,_ZN15QTypedArrayDataIiE9dataStartEP10QArrayDatax
FNDA:40,_ZN15QTypedArrayDataIiE8allocateExN10QArrayData16AllocationOptionE
FNDA:40,_ZNK10QArrayData8isSharedEv
FNDA:40,_ZN15QTypedArrayDataIiE10deallocateEP10QArrayData
FNDA:0,_ZN15QTypedArrayDataI10PodmornicaE10deallocateEP10QArrayData
FNDA:40,_ZNK10QArrayData22constAllocatedCapacityEv
FNDA:20,_ZN15QTypedArrayDataIDsE10deallocateEP10QArrayData
FNDA:0,_ZNK10QArrayData14detachCapacityEx
FNDA:0,_ZN15QTypedArrayDataIiE19reallocateUnalignedEPS0_PixN10QArrayData16AllocationOptionE
FNDA:0,_ZN10QArrayData17allocatedCapacityEv
FNDA:164,_ZN10QArrayData5derefEv
FNDA:0,_ZN15QTypedArrayDataI10PodmornicaE8allocateExN10QArrayData16AllocationOptionE
[...]
DA:167,0
DA:172,0
DA:175,0
DA:176,0
DA:177,0
DA:178,0
DA:236,22
DA:336,22
DA:339,22
DA:340,0
DA:342,22
DA:346,0
DA:348,0
DA:349,0
DA:351,0
DA:353,0
DA:354,0
DA:356,0
LF:24
LH:4
end_of_record
TN:
SF:/usr/include/c++/9/bits/invoke.h
FN:59,_ZSt13__invoke_implIPcRZN5QTest8qCompareI7QStringA20_cEEbRKT_RKT0_PKcSC_SC_iEUlvE0_JEES5_St14__invoke_otherOS8_DpOT1_
FN:59,_ZSt13__invoke_implIPcRZN5QTest8qCompareIccEEbRKT_RKT0_PKcSA_SA_iEUlvE0_JEES3_St14__invoke_otherOS6_DpOT1_
FN:59,_ZSt13__invoke_implIPcRZN5QTest8qCompareIccEEbRKT_RKT0_PKcSA_SA_iEUlvE_JEES3_St14__invoke_otherOS6_DpOT1_
FN:59,_ZSt13__invoke_implIPcRZN5QTest8qCompareI7QStringA1_cEEbRKT_RKT0_PKcSC_SC_iEUlvE0_JEES5_St14__invoke_otherOS8_DpOT1_
FN:59,_ZSt13__invoke_implIPcRZN5QTest8qCompareI7QStringA1_cEEbRKT_RKT0_PKcSC_SC_iEUlvE_JEES5_St14__invoke_otherOS8_DpOT1_
FN:59,_ZSt13__invoke_implIPcRZN5QTest8qCompareI7QStringA20_cEEbRKT_RKT0_PKcSC_SC_iEUlvE_JEES5_St14__invoke_otherOS8_DpOT1_
FN:89,_ZSt8__invokeIRZN5QTest8qCompareI7QStringA20_cEEbRKT_RKT0_PKcSB_SB_iEUlvE_JEENSt15__invoke_resultIS4_JDpT0_EE4typeEOS4_DpOSF_
FN:89,_ZSt8__invokeIRZN5QTest8qCompareI7QStringA1_cEEbRKT_RKT0_PKcSB_SB_iEUlvE_JEENSt15__invoke_resultIS4_JDpT0_EE4typeEOS4_DpOSF_
FN:89,_ZSt8__invokeIRZN5QTest8qCompareIccEEbRKT_RKT0_PKcS9_S9_iEUlvE_JEENSt15__invoke_resultIS2_JDpT0_EE4typeEOS2_DpOSD_
FN:89,_ZSt8__invokeIRZN5QTest8qCompareI7QStringA20_cEEbRKT_RKT0_PKcSB_SB_iEUlvE0_JEENSt15__invoke_resultIS4_JDpT0_EE4typeEOS4_DpOSF_
FN:89,_ZSt8__invokeIRZN5QTest8qCompareIccEEbRKT_RKT0_PKcS9_S9_iEUlvE0_JEENSt15__invoke_resultIS2_JDpT0_EE4typeEOS2_DpOSD_
FN:89,_ZSt8__invokeIRZN5QTest8qCompareI7QStringA1_cEEbRKT_RKT0_PKcSB_SB_iEUlvE0_JEENSt15__invoke_resultIS4_JDpT0_EE4typeEOS4_DpOSF_
FNDA:0,_ZSt8__invokeIRZN5QTest8qCompareIccEEbRKT_RKT0_PKcS9_S9_iEUlvE0_JEENSt15__invoke_resultIS2_JDpT0_EE4typeEOS2_DpOSD_
FNDA:0,_ZSt8__invokeIRZN5QTest8qCompareI7QStringA1_cEEbRKT_RKT0_PKcSB_SB_iEUlvE0_JEENSt15__invoke_resultIS4_JDpT0_EE4typeEOS4_DpOSF_
FNDA:0,_ZSt13__invoke_implIPcRZN5QTest8qCompareI7QStringA20_cEEbRKT_RKT0_PKcSC_SC_iEUlvE_JEES5_St14__invoke_otherOS8_DpOT1_
FNDA:0,_ZSt13__invoke_implIPcRZN5QTest8qCompareI7QStringA1_cEEbRKT_RKT0_PKcSC_SC_iEUlvE_JEES5_St14__invoke_otherOS8_DpOT1_
FNDA:0,_ZSt13__invoke_implIPcRZN5QTest8qCompareI7QStringA1_cEEbRKT_RKT0_PKcSC_SC_iEUlvE0_JEES5_St14__invoke_otherOS8_DpOT1_
FNDA:0,_ZSt8__invokeIRZN5QTest8qCompareIccEEbRKT_RKT0_PKcS9_S9_iEUlvE_JEENSt15__invoke_resultIS2_JDpT0_EE4typeEOS2_DpOSD_
FNDA:0,_ZSt8__invokeIRZN5QTest8qCompareI7QStringA20_cEEbRKT_RKT0_PKcSB_SB_iEUlvE0_JEENSt15__invoke_resultIS4_JDpT0_EE4typeEOS4_DpOSF_
FNDA:0,_ZSt8__invokeIRZN5QTest8qCompareI7QStringA1_cEEbRKT_RKT0_PKcSB_SB_iEUlvE_JEENSt15__invoke_resultIS4_JDpT0_EE4typeEOS4_DpOSF_
FNDA:0,_ZSt13__invoke_implIPcRZN5QTest8qCompareIccEEbRKT_RKT0_PKcSA_SA_iEUlvE0_JEES3_St14__invoke_otherOS6_DpOT1_
FNDA:0,_ZSt13__invoke_implIPcRZN5QTest8qCompareIccEEbRKT_RKT0_PKcSA_SA_iEUlvE_JEES3_St14__invoke_otherOS6_DpOT1_
FNDA:0,_ZSt13__invoke_implIPcRZN5QTest8qCompareI7QStringA20_cEEbRKT_RKT0_PKcSC_SC_iEUlvE0_JEES5_St14__invoke_otherOS8_DpOT1_
FNDA:0,_ZSt8__invokeIRZN5QTest8qCompareI7QStringA20_cEEbRKT_RKT0_PKcSB_SB_iEUlvE_JEENSt15__invoke_resultIS4_JDpT0_EE4typeEOS4_DpOSF_
FNF:12
FNH:0
DA:59,0
DA:60,0
DA:89,0
DA:95,0
DA:96,0
LF:5
LH:0
end_of_record
TN:
SF:/usr/include/c++/9/bits/move.h
FN:47,_ZSt11__addressofI10PodmornicaEPT_RS1_
FN:47,_ZSt11__addressofIZN5QTest8qCompareI7QStringA1_cEEbRKT_RKT0_PKcSB_SB_iEUlvE_EPS4_RS4_
FN:47,_ZSt11__addressofIZN5QTest8qCompareIccEEbRKT_RKT0_PKcS9_S9_iEUlvE_EPS2_RS2_
FN:47,_ZSt11__addressofIZN5QTest8qCompareI7QStringA20_cEEbRKT_RKT0_PKcSB_SB_iEUlvE_EPS4_RS4_
FN:47,_ZSt11__addressofIZN5QTest8qCompareIccEEbRKT_RKT0_PKcS9_S9_iEUlvE0_EPS2_RS2_
FN:47,_ZSt11__addressofIZN5QTest8qCompareI7QStringA1_cEEbRKT_RKT0_PKcSB_SB_iEUlvE0_EPS4_RS4_
FN:47,_ZSt11__addressofIP10PodmornicaEPT_RS2_
FN:47,_ZSt11__addressofISt16reverse_iteratorIP10PodmornicaEEPT_RS4_
FN:47,_ZSt11__addressofIZN5QTest8qCompareI7QStringA20_cEEbRKT_RKT0_PKcSB_SB_iEUlvE0_EPS4_RS4_
FN:74,_ZSt7forwardIRK10PodmornicaEOT_RNSt16remove_referenceIS3_E4typeE
FN:74,_ZSt7forwardIRZN5QTest8qCompareIccEEbRKT_RKT0_PKcS9_S9_iEUlvE0_EOS2_RNSt16remove_referenceIS2_E4typeE
FN:74,_ZSt7forwardIP15QTypedArrayDataIiEEOT_RNSt16remove_referenceIS3_E4typeE
FN:74,_ZSt7forwardIRZN5QTest8qCompareIccEEbRKT_RKT0_PKcS9_S9_iEUlvE_EOS2_RNSt16remove_referenceIS2_E4typeE
FN:74,_ZSt7forwardIPiEOT_RNSt16remove_referenceIS1_E4typeE
FN:74,_ZSt7forwardIRZN5QTest8qCompareI7QStringA1_cEEbRKT_RKT0_PKcSB_SB_iEUlvE_EOS4_RNSt16remove_referenceIS4_E4typeE
FN:74,_ZSt7forwardIP15QTypedArrayDataI10PodmornicaEEOT_RNSt16remove_referenceIS4_E4typeE
FN:74,_ZSt7forwardIRZN5QTest8qCompareI7QStringA20_cEEbRKT_RKT0_PKcSB_SB_iEUlvE0_EOS4_RNSt16remove_referenceIS4_E4typeE
FN:74,_ZSt7forwardIRZN5QTest8qCompareI7QStringA1_cEEbRKT_RKT0_PKcSB_SB_iEUlvE0_EOS4_RNSt16remove_referenceIS4_E4typeE
FN:74,_ZSt7forwardIRZN5QTest8qCompareI7QStringA20_cEEbRKT_RKT0_PKcSB_SB_iEUlvE_EOS4_RNSt16remove_referenceIS4_E4typeE
FN:74,_ZSt7forwardIP10PodmornicaEOT_RNSt16remove_referenceIS2_E4typeE
FN:99,_ZSt4moveIR10PodmornicaEONSt16remove_referenceIT_E4typeEOS3_
FN:99,_ZSt4moveIRSt4pairIP15QTypedArrayDataIiEPiEEONSt16remove_referenceIT_E4typeEOS8_
FN:99,_ZSt4moveIRxEONSt16remove_referenceIT_E4typeEOS2_
FN:99,_ZSt4moveIR17QArrayDataPointerIiEEONSt16remove_referenceIT_E4typeEOS4_
FN:99,_ZSt4moveIRSt4pairIP15QTypedArrayDataI10PodmornicaEPS2_EEONSt16remove_referenceIT_E4typeEOS9_
FN:119,_ZSt16move_if_noexceptI10PodmornicaENSt11conditionalIXsrSt23__move_if_noexcept_condIT_E5valueERKS3_OS3_E4typeERS3_
FN:138,_ZSt9addressofIZN5QTest8qCompareI7QStringA20_cEEbRKT_RKT0_PKcSB_SB_iEUlvE0_EPS4_RS4_
FN:138,_ZSt9addressofIZN5QTest8qCompareIccEEbRKT_RKT0_PKcS9_S9_iEUlvE_EPS2_RS2_
FN:138,_ZSt9addressofIZN5QTest8qCompareI7QStringA1_cEEbRKT_RKT0_PKcSB_SB_iEUlvE0_EPS4_RS4_
FN:138,_ZSt9addressofIZN5QTest8qCompareI7QStringA20_cEEbRKT_RKT0_PKcSB_SB_iEUlvE_EPS4_RS4_
FN:138,_ZSt9addressofI10PodmornicaEPT_RS1_
FN:138,_ZSt9addressofIP10PodmornicaEPT_RS2_
FN:138,_ZSt9addressofISt16reverse_iteratorIP10PodmornicaEEPT_RS4_
FN:138,_ZSt9addressofIZN5QTest8qCompareIccEEbRKT_RKT0_PKcS9_S9_iEUlvE0_EPS2_RS2_
FN:138,_ZSt9addressofIZN5QTest8qCompareI7QStringA1_cEEbRKT_RKT0_PKcSB_SB_iEUlvE_EPS4_RS4_
FN:182,_ZSt4swapIxENSt9enable_ifIXsrSt6__and_IJSt6__not_ISt15__is_tuple_likeIT_EESt21is_move_constructibleIS4_ESt18is_move_assignableIS4_EEE5valueEvE4typeERS4_SE_
FNDA:0,_ZSt7forwardIP10PodmornicaEOT_RNSt16remove_referenceIS2_E4typeE
FNDA:2,_ZSt9addressofIZN5QTest8qCompareI7QStringA1_cEEbRKT_RKT0_PKcSB_SB_iEUlvE_EPS4_RS4_
FNDA:20,_ZSt9addressofIZN5QTest8qCompareIccEEbRKT_RKT0_PKcS9_S9_iEUlvE0_EPS2_RS2_
FNDA:0,_ZSt9addressofISt16reverse_iteratorIP10PodmornicaEEPT_RS4_
FNDA:4,_ZSt11__addressofIZN5QTest8qCompareI7QStringA20_cEEbRKT_RKT0_PKcSB_SB_iEUlvE0_EPS4_RS4_
FNDA:0,_ZSt16move_if_noexceptI10PodmornicaENSt11conditionalIXsrSt23__move_if_noexcept_condIT_E5valueERKS3_OS3_E4typeERS3_
FNDA:0,_ZSt11__addressofISt16reverse_iteratorIP10PodmornicaEEPT_RS4_
FNDA:0,_ZSt7forwardIRZN5QTest8qCompareI7QStringA20_cEEbRKT_RKT0_PKcSB_SB_iEUlvE_EOS4_RNSt16remove_referenceIS4_E4typeE
FNDA:0,_ZSt4moveIRSt4pairIP15QTypedArrayDataI10PodmornicaEPS2_EEONSt16remove_referenceIT_E4typeEOS9_
FNDA:0,_ZSt4moveIR17QArrayDataPointerIiEEONSt16remove_referenceIT_E4typeEOS4_
FNDA:0,_ZSt11__addressofIP10PodmornicaEPT_RS2_
FNDA:40,_ZSt4swapIxENSt9enable_ifIXsrSt6__and_IJSt6__not_ISt15__is_tuple_likeIT_EESt21is_move_constructibleIS4_ESt18is_move_assignableIS4_EEE5valueEvE4typeERS4_SE_
FNDA:0,_ZSt9addressofIP10PodmornicaEPT_RS2_
FNDA:2,_ZSt11__addressofIZN5QTest8qCompareI7QStringA1_cEEbRKT_RKT0_PKcSB_SB_iEUlvE0_EPS4_RS4_
FNDA:20,_ZSt11__addressofIZN5QTest8qCompareIccEEbRKT_RKT0_PKcS9_S9_iEUlvE0_EPS2_RS2_
FNDA:0,_ZSt7forwardIRZN5QTest8qCompareI7QStringA1_cEEbRKT_RKT0_PKcSB_SB_iEUlvE0_EOS4_RNSt16remove_referenceIS4_E4typeE
FNDA:4,_ZSt11__addressofIZN5QTest8qCompareI7QStringA20_cEEbRKT_RKT0_PKcSB_SB_iEUlvE_EPS4_RS4_
FNDA:120,_ZSt4moveIRxEONSt16remove_referenceIT_E4typeEOS2_
FNDA:0,_ZSt7forwardIRZN5QTest8qCompareI7QStringA20_cEEbRKT_RKT0_PKcSB_SB_iEUlvE0_EOS4_RNSt16remove_referenceIS4_E4typeE
FNDA:0,_ZSt7forwardIP15QTypedArrayDataI10PodmornicaEEOT_RNSt16remove_referenceIS4_E4typeE
FNDA:0,_ZSt9addressofI10PodmornicaEPT_RS1_
FNDA:4,_ZSt9addressofIZN5QTest8qCompareI7QStringA20_cEEbRKT_RKT0_PKcSB_SB_iEUlvE_EPS4_RS4_
FNDA:20,_ZSt11__addressofIZN5QTest8qCompareIccEEbRKT_RKT0_PKcS9_S9_iEUlvE_EPS2_RS2_
FNDA:0,_ZSt7forwardIRZN5QTest8qCompareI7QStringA1_cEEbRKT_RKT0_PKcSB_SB_iEUlvE_EOS4_RNSt16remove_referenceIS4_E4typeE
FNDA:2,_ZSt11__addressofIZN5QTest8qCompareI7QStringA1_cEEbRKT_RKT0_PKcSB_SB_iEUlvE_EPS4_RS4_
FNDA:0,_ZSt4moveIRSt4pairIP15QTypedArrayDataIiEPiEEONSt16remove_referenceIT_E4typeEOS8_
FNDA:2,_ZSt9addressofIZN5QTest8qCompareI7QStringA1_cEEbRKT_RKT0_PKcSB_SB_iEUlvE0_EPS4_RS4_
FNDA:0,_ZSt4moveIR10PodmornicaEONSt16remove_referenceIT_E4typeEOS3_
FNDA:120,_ZSt7forwardIPiEOT_RNSt16remove_referenceIS1_E4typeE
FNDA:0,_ZSt7forwardIRZN5QTest8qCompareIccEEbRKT_RKT0_PKcS9_S9_iEUlvE_EOS2_RNSt16remove_referenceIS2_E4typeE
FNDA:0,_ZSt11__addressofI10PodmornicaEPT_RS1_
FNDA:120,_ZSt7forwardIP15QTypedArrayDataIiEEOT_RNSt16remove_referenceIS3_E4typeE
FNDA:0,_ZSt7forwardIRZN5QTest8qCompareIccEEbRKT_RKT0_PKcS9_S9_iEUlvE0_EOS2_RNSt16remove_referenceIS2_E4typeE
FNDA:20,_ZSt9addressofIZN5QTest8qCompareIccEEbRKT_RKT0_PKcS9_S9_iEUlvE_EPS2_RS2_
FNDA:0,_ZSt7forwardIRK10PodmornicaEOT_RNSt16remove_referenceIS3_E4typeE
FNDA:4,_ZSt9addressofIZN5QTest8qCompareI7QStringA20_cEEbRKT_RKT0_PKcSB_SB_iEUlvE0_EPS4_RS4_
FNF:36
FNH:16
DA:47,52
DA:48,52
DA:74,240
DA:75,240
DA:99,120
DA:100,120
DA:119,0
DA:120,0
DA:138,52
DA:139,52
DA:182,40
DA:193,40
DA:194,40
DA:195,40
DA:196,40
LF:15
LH:13
end_of_record
TN:
SF:/usr/include/c++/9/bits/stl_algo.h
FN:3302,_ZSt6minmaxISt16reverse_iteratorIP10PodmornicaEESt4pairIRKT_S7_ES7_S7_
FN:3302,_ZSt6minmaxIP10PodmornicaESt4pairIRKT_S5_ES5_S5_
FNDA:0,_ZSt6minmaxISt16reverse_iteratorIP10PodmornicaEESt4pairIRKT_S7_ES7_S7_
FNDA:0,_ZSt6minmaxIP10PodmornicaESt4pairIRKT_S5_ES5_S5_
FNF:2
FNH:0
BRDA:3308,0,0,-
BRDA:3308,0,1,-
BRF:2
BRH:0
DA:3302,0
DA:3307,0
DA:3308,0
LF:3
LH:0
end_of_record
TN:
SF:/usr/include/c++/9/bits/stl_construct.h
FN:97,_ZSt8_DestroyI10PodmornicaEvPT_
FN:105,_ZNSt12_Destroy_auxILb0EE9__destroyIP10PodmornicaEEvT_S4_
FN:127,_ZSt8_DestroyIP10PodmornicaEvT_S2_
FN:219,_ZSt7destroyIP10PodmornicaEvT_S2_
FNDA:0,_ZSt7destroyIP10PodmornicaEvT_S2_
FNDA:0,_ZSt8_DestroyI10PodmornicaEvPT_
FNDA:0,_ZSt8_DestroyIP10PodmornicaEvT_S2_
FNDA:0,_ZNSt12_Destroy_auxILb0EE9__destroyIP10PodmornicaEEvT_S4_
FNF:4
FNH:0
BRDA:107,0,0,-
BRDA:107,0,1,-
BRF:2
BRH:0
DA:97,0
DA:98,0
DA:105,0
DA:107,0
DA:108,0
DA:109,0
DA:127,0
DA:137,0
DA:138,0
DA:219,0
DA:221,0
DA:222,0
LF:12
LH:0
end_of_record
TN:
SF:/usr/include/c++/9/bits/stl_function.h
FN:433,_ZNKSt4lessIPK10PodmornicaEclES2_S2_
FN:592,_ZNKSt4lessIvEclIK10PodmornicaS3_EEbPT_PT0_
FNDA:0,_ZNKSt4lessIvEclIK10PodmornicaS3_EEbPT_PT0_
FNDA:0,_ZNKSt4lessIPK10PodmornicaEclES2_S2_
FNF:2
FNH:0
DA:433,0
DA:443,0
DA:592,0
DA:593,0
LF:4
LH:0
end_of_record
TN:
SF:/usr/include/c++/9/bits/stl_iterator.h
FN:131,_ZNSt16reverse_iteratorIP10PodmornicaEC2Ev
FN:137,_ZNSt16reverse_iteratorIP10PodmornicaEC2ES1_
FN:143,_ZNSt16reverse_iteratorIP10PodmornicaEC2ERKS2_
FN:163,_ZNKSt16reverse_iteratorIP10PodmornicaE4baseEv
FN:177,_ZNKSt16reverse_iteratorIP10PodmornicaEdeEv
FN:189,_ZNKSt16reverse_iteratorIP10PodmornicaEptEv
FN:204,_ZNSt16reverse_iteratorIP10PodmornicaEppEv
FN:229,_ZNSt16reverse_iteratorIP10PodmornicaEmmEv
FN:254,_ZNKSt16reverse_iteratorIP10PodmornicaEplEl
FN:264,_ZNSt16reverse_iteratorIP10PodmornicaEpLEl
FN:304,_ZNSt16reverse_iteratorIP10PodmornicaE13_S_to_pointerIS0_EEPT_S5_
FN:325,_ZSteqIP10PodmornicaEbRKSt16reverse_iteratorIT_ES6_
FN:331,_ZStltIP10PodmornicaEbRKSt16reverse_iteratorIT_ES6_
FN:337,_ZStneIP10PodmornicaEbRKSt16reverse_iteratorIT_ES6_
FN:442,_ZSt21make_reverse_iteratorIP10PodmornicaESt16reverse_iteratorIT_ES3_
FNDA:0,_ZNSt16reverse_iteratorIP10PodmornicaEC2Ev
FNDA:0,_ZNKSt16reverse_iteratorIP10PodmornicaE4baseEv
FNDA:0,_ZNKSt16reverse_iteratorIP10PodmornicaEdeEv
FNDA:0,_ZNSt16reverse_iteratorIP10PodmornicaEpLEl
FNDA:0,_ZNSt16reverse_iteratorIP10PodmornicaEC2ES1_
FNDA:0,_ZNSt16reverse_iteratorIP10PodmornicaE13_S_to_pointerIS0_EEPT_S5_
FNDA:0,_ZSteqIP10PodmornicaEbRKSt16reverse_iteratorIT_ES6_
FNDA:0,_ZSt21make_reverse_iteratorIP10PodmornicaESt16reverse_iteratorIT_ES3_
FNDA:0,_ZNSt16reverse_iteratorIP10PodmornicaEmmEv
FNDA:0,_ZStneIP10PodmornicaEbRKSt16reverse_iteratorIT_ES6_
FNDA:0,_ZStltIP10PodmornicaEbRKSt16reverse_iteratorIT_ES6_
FNDA:0,_ZNSt16reverse_iteratorIP10PodmornicaEppEv
FNDA:0,_ZNKSt16reverse_iteratorIP10PodmornicaEplEl
FNDA:0,_ZNKSt16reverse_iteratorIP10PodmornicaEptEv
FNDA:0,_ZNSt16reverse_iteratorIP10PodmornicaEC2ERKS2_
FNF:15
FNH:0
DA:131,0
DA:137,0
DA:143,0
DA:144,0
DA:163,0
DA:164,0
DA:177,0
DA:179,0
DA:180,0
DA:189,0
DA:193,0
DA:194,0
DA:195,0
DA:204,0
DA:206,0
DA:207,0
DA:229,0
DA:231,0
DA:232,0
DA:254,0
DA:255,0
DA:264,0
DA:266,0
DA:267,0
DA:304,0
DA:305,0
DA:325,0
DA:327,0
DA:331,0
DA:333,0
DA:337,0
DA:339,0
DA:442,0
DA:443,0
LF:34
LH:0
end_of_record
TN:
SF:/usr/include/c++/9/bits/stl_iterator_base_funcs.h
FN:98,_ZSt10__distanceIPKcENSt15iterator_traitsIT_E15difference_typeES3_S3_St26random_access_iterator_tag
FN:138,_ZSt8distanceIPKcENSt15iterator_traitsIT_E15difference_typeES3_S3_
FN:174,_ZSt9__advanceIPKclEvRT_T0_St26random_access_iterator_tag
FN:174,_ZSt9__advanceIP10PodmornicalEvRT_T0_St26random_access_iterator_tag
FN:174,_ZSt9__advanceISt16reverse_iteratorIP10PodmornicaElEvRT_T0_St26random_access_iterator_tag
FN:202,_ZSt7advanceIPKclEvRT_T0_
FN:202,_ZSt7advanceIP10PodmornicaiEvRT_T0_
FN:202,_ZSt7advanceISt16reverse_iteratorIP10PodmornicaEiEvRT_T0_
FN:213,_ZSt4nextIPKcET_S2_NSt15iterator_traitsIS2_E15difference_typeE
FNDA:0,_ZSt7advanceISt16reverse_iteratorIP10PodmornicaEiEvRT_T0_
FNDA:0,_ZSt7advanceIP10PodmornicaiEvRT_T0_
FNDA:0,_ZSt9__advanceIPKclEvRT_T0_St26random_access_iterator_tag
FNDA:0,_ZSt7advanceIPKclEvRT_T0_
FNDA:0,_ZSt8distanceIPKcENSt15iterator_traitsIT_E15difference_typeES3_S3_
FNDA:0,_ZSt10__distanceIPKcENSt15iterator_traitsIT_E15difference_typeES3_S3_St26random_access_iterator_tag
FNDA:0,_ZSt4nextIPKcET_S2_NSt15iterator_traitsIS2_E15difference_typeE
FNDA:0,_ZSt9__advanceISt16reverse_iteratorIP10PodmornicaElEvRT_T0_St26random_access_iterator_tag
FNDA:0,_ZSt9__advanceIP10PodmornicalEvRT_T0_St26random_access_iterator_tag
FNF:9
FNH:0
DA:98,0
DA:104,0
DA:138,0
DA:141,0
DA:142,0
DA:174,0
DA:185,0
DA:186,0
DA:202,0
DA:205,0
DA:206,0
DA:207,0
DA:213,0
DA:218,0
DA:219,0
LF:15
LH:0
end_of_record
TN:
SF:/usr/include/c++/9/bits/stl_iterator_base_types.h
FN:205,_ZSt19__iterator_categoryISt16reverse_iteratorIP10PodmornicaEENSt15iterator_traitsIT_E17iterator_categoryERKS5_
FN:205,_ZSt19__iterator_categoryIP10PodmornicaENSt15iterator_traitsIT_E17iterator_categoryERKS3_
FN:205,_ZSt19__iterator_categoryIPKcENSt15iterator_traitsIT_E17iterator_categoryERKS3_
FNDA:0,_ZSt19__iterator_categoryIPKcENSt15iterator_traitsIT_E17iterator_categoryERKS3_
FNDA:0,_ZSt19__iterator_categoryIP10PodmornicaENSt15iterator_traitsIT_E17iterator_categoryERKS3_
FNDA:0,_ZSt19__iterator_categoryISt16reverse_iteratorIP10PodmornicaEENSt15iterator_traitsIT_E17iterator_categoryERKS5_
FNF:3
FNH:0
DA:205,0
DA:206,0
LF:2
LH:0
end_of_record
TN:
SF:/usr/include/c++/9/bits/stl_pair.h
FN:260,_ZNSt4pairIRKSt16reverse_iteratorIP10PodmornicaES5_EC2IS5_S5_Lb1EEES5_S5_
FN:260,_ZNSt4pairIRKP10PodmornicaS3_EC2IS3_S3_Lb1EEES3_S3_
FN:341,_ZNSt4pairIP15QTypedArrayDataIiEPiEC2IS2_S3_Lb1EEEOT_OT0_
FN:341,_ZNSt4pairIP15QTypedArrayDataI10PodmornicaEPS1_EC2IS3_S4_Lb1EEEOT_OT0_
FN:524,_ZSt9make_pairIP15QTypedArrayDataI10PodmornicaEPS1_ESt4pairINSt17__decay_and_stripIT_E6__typeENS6_IT0_E6__typeEEOS7_OSA_
FN:524,_ZSt9make_pairIP15QTypedArrayDataIiEPiESt4pairINSt17__decay_and_stripIT_E6__typeENS5_IT0_E6__typeEEOS6_OS9_
FNDA:0,_ZSt9make_pairIP15QTypedArrayDataI10PodmornicaEPS1_ESt4pairINSt17__decay_and_stripIT_E6__typeENS6_IT0_E6__typeEEOS7_OSA_
FNDA:0,_ZNSt4pairIRKSt16reverse_iteratorIP10PodmornicaES5_EC2IS5_S5_Lb1EEES5_S5_
FNDA:0,_ZNSt4pairIRKP10PodmornicaS3_EC2IS3_S3_Lb1EEES3_S3_
FNDA:40,_ZNSt4pairIP15QTypedArrayDataIiEPiEC2IS2_S3_Lb1EEEOT_OT0_
FNDA:40,_ZSt9make_pairIP15QTypedArrayDataIiEPiESt4pairINSt17__decay_and_stripIT_E6__typeENS5_IT0_E6__typeEEOS6_OS9_
FNDA:0,_ZNSt4pairIP15QTypedArrayDataI10PodmornicaEPS1_EC2IS3_S4_Lb1EEEOT_OT0_
FNF:6
FNH:2
DA:260,0
DA:261,0
DA:341,40
DA:342,40
DA:524,40
DA:529,40
LF:6
LH:4
end_of_record
TN:
SF:/usr/include/c++/9/functional
FN:78,_ZSt6invokeIRZN5QTest8qCompareI7QStringA20_cEEbRKT_RKT0_PKcSB_SB_iEUlvE_JEENSt13invoke_resultIS4_JDpT0_EE4typeEOS4_DpOSF_
FN:78,_ZSt6invokeIRZN5QTest8qCompareIccEEbRKT_RKT0_PKcS9_S9_iEUlvE_JEENSt13invoke_resultIS2_JDpT0_EE4typeEOS2_DpOSD_
FN:78,_ZSt6invokeIRZN5QTest8qCompareI7QStringA1_cEEbRKT_RKT0_PKcSB_SB_iEUlvE_JEENSt13invoke_resultIS4_JDpT0_EE4typeEOS4_DpOSF_
FN:78,_ZSt6invokeIRZN5QTest8qCompareI7QStringA20_cEEbRKT_RKT0_PKcSB_SB_iEUlvE0_JEENSt13invoke_resultIS4_JDpT0_EE4typeEOS4_DpOSF_
FN:78,_ZSt6invokeIRZN5QTest8qCompareI7QStringA1_cEEbRKT_RKT0_PKcSB_SB_iEUlvE0_JEENSt13invoke_resultIS4_JDpT0_EE4typeEOS4_DpOSF_
FN:78,_ZSt6invokeIRZN5QTest8qCompareIccEEbRKT_RKT0_PKcS9_S9_iEUlvE0_JEENSt13invoke_resultIS2_JDpT0_EE4typeEOS2_DpOSD_
FNDA:0,_ZSt6invokeIRZN5QTest8qCompareI7QStringA1_cEEbRKT_RKT0_PKcSB_SB_iEUlvE_JEENSt13invoke_resultIS4_JDpT0_EE4typeEOS4_DpOSF_
FNDA:0,_ZSt6invokeIRZN5QTest8qCompareI7QStringA20_cEEbRKT_RKT0_PKcSB_SB_iEUlvE_JEENSt13invoke_resultIS4_JDpT0_EE4typeEOS4_DpOSF_
FNDA:0,_ZSt6invokeIRZN5QTest8qCompareIccEEbRKT_RKT0_PKcS9_S9_iEUlvE_JEENSt13invoke_resultIS2_JDpT0_EE4typeEOS2_DpOSD_
FNDA:0,_ZSt6invokeIRZN5QTest8qCompareI7QStringA20_cEEbRKT_RKT0_PKcSB_SB_iEUlvE0_JEENSt13invoke_resultIS4_JDpT0_EE4typeEOS4_DpOSF_
FNDA:0,_ZSt6invokeIRZN5QTest8qCompareIccEEbRKT_RKT0_PKcS9_S9_iEUlvE0_JEENSt13invoke_resultIS2_JDpT0_EE4typeEOS2_DpOSD_
FNDA:0,_ZSt6invokeIRZN5QTest8qCompareI7QStringA1_cEEbRKT_RKT0_PKcSB_SB_iEUlvE0_JEENSt13invoke_resultIS4_JDpT0_EE4typeEOS4_DpOSF_
FNF:6
FNH:0
DA:78,0
DA:81,0
DA:82,0
LF:3
LH:0
end_of_record
TN:
SF:/usr/include/c++/9/new
FN:173,_ZnwmPv
FN:179,_ZdlPvS_
FNDA:0,_ZdlPvS_
FNDA:0,_ZnwmPv
FNF:2
FNH:0
DA:173,0
DA:174,0
DA:179,0
LF:3
LH:0
end_of_record
TN:
SF:/usr/include/c++/9/utility
FN:179,_ZNSt10__pair_getILm0EE10__move_getIP15QTypedArrayDataIiEPiEEOT_OSt4pairIS6_T0_E
FN:179,_ZNSt10__pair_getILm0EE10__move_getIP15QTypedArrayDataI10PodmornicaEPS3_EEOT_OSt4pairIS7_T0_E
FN:203,_ZNSt10__pair_getILm1EE10__move_getIP15QTypedArrayDataIiEPiEEOT0_OSt4pairIT_S6_E
FN:203,_ZNSt10__pair_getILm1EE10__move_getIP15QTypedArrayDataI10PodmornicaEPS3_EEOT0_OSt4pairIT_S7_E
FN:224,_ZSt3getILm1EP15QTypedArrayDataI10PodmornicaEPS1_EONSt13tuple_elementIXT_ESt4pairIT0_T1_EE4typeEOS9_
FN:224,_ZSt3getILm1EP15QTypedArrayDataIiEPiEONSt13tuple_elementIXT_ESt4pairIT0_T1_EE4typeEOS8_
FN:224,_ZSt3getILm0EP15QTypedArrayDataIiEPiEONSt13tuple_elementIXT_ESt4pairIT0_T1_EE4typeEOS8_
FN:224,_ZSt3getILm0EP15QTypedArrayDataI10PodmornicaEPS1_EONSt13tuple_elementIXT_ESt4pairIT0_T1_EE4typeEOS9_
FNDA:0,_ZSt3getILm0EP15QTypedArrayDataIiEPiEONSt13tuple_elementIXT_ESt4pairIT0_T1_EE4typeEOS8_
FNDA:0,_ZNSt10__pair_getILm0EE10__move_getIP15QTypedArrayDataI10PodmornicaEPS3_EEOT_OSt4pairIS7_T0_E
FNDA:0,_ZSt3getILm0EP15QTypedArrayDataI10PodmornicaEPS1_EONSt13tuple_elementIXT_ESt4pairIT0_T1_EE4typeEOS9_
FNDA:0,_ZNSt10__pair_getILm0EE10__move_getIP15QTypedArrayDataIiEPiEEOT_OSt4pairIS6_T0_E
FNDA:0,_ZNSt10__pair_getILm1EE10__move_getIP15QTypedArrayDataI10PodmornicaEPS3_EEOT0_OSt4pairIT_S7_E
FNDA:0,_ZNSt10__pair_getILm1EE10__move_getIP15QTypedArrayDataIiEPiEEOT0_OSt4pairIT_S6_E
FNDA:0,_ZSt3getILm1EP15QTypedArrayDataI10PodmornicaEPS1_EONSt13tuple_elementIXT_ESt4pairIT0_T1_EE4typeEOS9_
FNDA:0,_ZSt3getILm1EP15QTypedArrayDataIiEPiEONSt13tuple_elementIXT_ESt4pairIT0_T1_EE4typeEOS8_
FNF:8
FNH:0
DA:179,0
DA:180,0
DA:203,0
DA:204,0
DA:224,0
DA:225,0
LF:6
LH:0
end_of_record
